#
# There is insufficient memory for the Java Runtime Environment to continue.
# Native memory allocation (malloc) failed to allocate 1062576 bytes for Chunk::new
# Possible reasons:
#   The system is out of physical RAM or swap space
#   The process is running with CompressedOops enabled, and the Java Heap may be blocking the growth of the native heap
# Possible solutions:
#   Reduce memory load on the system
#   Increase physical memory or swap space
#   Check if swap backing store is full
#   Decrease Java heap size (-Xmx/-Xms)
#   Decrease number of Java threads
#   Decrease Java thread stack sizes (-Xss)
#   Set larger code cache with -XX:ReservedCodeCacheSize=
#   JVM is running with Zero Based Compressed Oops mode in which the Java heap is
#     placed in the first 32GB address space. The Java Heap base address is the
#     maximum limit for the native heap growth. Please use -XX:HeapBaseMinAddress
#     to set the Java Heap base and to place the Java Heap above 32GB virtual address.
# This output file may be truncated or incomplete.
#
#  Out of Memory Error (./src/hotspot/share/memory/arena.cpp:197), pid=39136, tid=9948
#
# JRE version: OpenJDK Runtime Environment Temurin-11.0.16+8 (11.0.16+8) (build 11.0.16+8)
# Java VM: OpenJDK 64-Bit Server VM Temurin-11.0.16+8 (11.0.16+8, mixed mode, tiered, compressed oops, g1 gc, windows-amd64)
# No core dump will be written. Minidumps are not enabled by default on client versions of Windows
#

---------------  S U M M A R Y ------------

Command Line: 

Host: Intel(R) Core(TM) i7-9700K CPU @ 3.60GHz, 8 cores, 31G,  Windows 10 , 64 bit Build 19041 (10.0.19041.2546)
Time: Thu Apr  6 15:11:59 2023 Eastern Daylight Time elapsed time: 9.290157 seconds (0d 0h 0m 9s)

---------------  T H R E A D  ---------------

Current thread (0x000001dcd0ca4000):  JavaThread "C2 CompilerThread2" daemon [_thread_in_native, id=9948, stack(0x00000069e7800000,0x00000069e7900000)]


Current CompileTask:
C2:   9290 5021       4       java.util.TreeMap::put (247 bytes)

Stack: [0x00000069e7800000,0x00000069e7900000]
Native frames: (J=compiled Java code, j=interpreted, Vv=VM code, C=native code)
V  [jvm.dll+0x61f1da]
V  [jvm.dll+0x7abc69]
V  [jvm.dll+0x7ad358]
V  [jvm.dll+0x7ada33]
V  [jvm.dll+0x24fb08]
V  [jvm.dll+0xc262c]
V  [jvm.dll+0xc2bec]
V  [jvm.dll+0x359e67]
V  [jvm.dll+0x325e83]
V  [jvm.dll+0x3251ba]
V  [jvm.dll+0x208dd5]
V  [jvm.dll+0x207efd]
V  [jvm.dll+0x18a3a1]
V  [jvm.dll+0x2177b4]
V  [jvm.dll+0x2159fb]
V  [jvm.dll+0x76e6a0]
V  [jvm.dll+0x7675d4]
V  [jvm.dll+0x61e045]
C  [ucrtbase.dll+0x21bb2]
C  [KERNEL32.DLL+0x17614]
C  [ntdll.dll+0x526a1]


---------------  P R O C E S S  ---------------

Threads class SMR info:
_java_thread_list=0x000001dcce331860, length=36, elements={
0x000001dc9df3b000, 0x000001dccd0e5800, 0x000001dccd111800, 0x000001dccd168800,
0x000001dccd16b800, 0x000001dccd16d000, 0x000001dccd170000, 0x000001dccd171000,
0x000001dccd17e000, 0x000001dccd2f6000, 0x000001dccdb09000, 0x000001dcce01b800,
0x000001dcce020800, 0x000001dccdb3e000, 0x000001dcce0b9800, 0x000001dccd914800,
0x000001dccd79f000, 0x000001dcce017800, 0x000001dcce1cd000, 0x000001dcce680800,
0x000001dcce67f000, 0x000001dcce680000, 0x000001dcce681800, 0x000001dcce682800,
0x000001dcce683000, 0x000001dcce684000, 0x000001dcce67e800, 0x000001dcce685000,
0x000001dccf5be000, 0x000001dccf5ba000, 0x000001dccf5ba800, 0x000001dccf5bb800,
0x000001dcce202800, 0x000001dccf5bc800, 0x000001dccf5bd000, 0x000001dcd0ca4000
}

Java Threads: ( => current thread )
  0x000001dc9df3b000 JavaThread "main" [_thread_in_Java, id=4224, stack(0x00000069e4050000,0x00000069e4150000)]
  0x000001dccd0e5800 JavaThread "Reference Handler" daemon [_thread_blocked, id=42412, stack(0x00000069e4d00000,0x00000069e4e00000)]
  0x000001dccd111800 JavaThread "Finalizer" daemon [_thread_blocked, id=24204, stack(0x00000069e4e00000,0x00000069e4f00000)]
  0x000001dccd168800 JavaThread "Signal Dispatcher" daemon [_thread_blocked, id=37084, stack(0x00000069e4f00000,0x00000069e5000000)]
  0x000001dccd16b800 JavaThread "Attach Listener" daemon [_thread_blocked, id=24548, stack(0x00000069e5000000,0x00000069e5100000)]
  0x000001dccd16d000 JavaThread "Service Thread" daemon [_thread_blocked, id=26220, stack(0x00000069e5100000,0x00000069e5200000)]
  0x000001dccd170000 JavaThread "C2 CompilerThread0" daemon [_thread_in_native, id=30176, stack(0x00000069e5200000,0x00000069e5300000)]
  0x000001dccd171000 JavaThread "C1 CompilerThread0" daemon [_thread_in_vm, id=31800, stack(0x00000069e5300000,0x00000069e5400000)]
  0x000001dccd17e000 JavaThread "Sweeper thread" daemon [_thread_blocked, id=19472, stack(0x00000069e5400000,0x00000069e5500000)]
  0x000001dccd2f6000 JavaThread "Common-Cleaner" daemon [_thread_blocked, id=10536, stack(0x00000069e5600000,0x00000069e5700000)]
  0x000001dccdb09000 JavaThread "Equinox resolver thread - Equinox Container: 29ff1c95-f530-4c62-b9ec-11f416faace6" daemon [_thread_blocked, id=33936, stack(0x00000069e5700000,0x00000069e5800000)]
  0x000001dcce01b800 JavaThread "Equinox resolver thread - Equinox Container: 29ff1c95-f530-4c62-b9ec-11f416faace6" daemon [_thread_blocked, id=8588, stack(0x00000069e5800000,0x00000069e5900000)]
  0x000001dcce020800 JavaThread "Equinox resolver thread - Equinox Container: 29ff1c95-f530-4c62-b9ec-11f416faace6" daemon [_thread_blocked, id=19476, stack(0x00000069e5900000,0x00000069e5a00000)]
  0x000001dccdb3e000 JavaThread "Equinox resolver thread - Equinox Container: 29ff1c95-f530-4c62-b9ec-11f416faace6" daemon [_thread_blocked, id=28372, stack(0x00000069e5a00000,0x00000069e5b00000)]
  0x000001dcce0b9800 JavaThread "Equinox resolver thread - Equinox Container: 29ff1c95-f530-4c62-b9ec-11f416faace6" daemon [_thread_blocked, id=42984, stack(0x00000069e5b00000,0x00000069e5c00000)]
  0x000001dccd914800 JavaThread "Equinox resolver thread - Equinox Container: 29ff1c95-f530-4c62-b9ec-11f416faace6" daemon [_thread_blocked, id=39956, stack(0x00000069e5c00000,0x00000069e5d00000)]
  0x000001dccd79f000 JavaThread "Active Thread: Equinox Container: 29ff1c95-f530-4c62-b9ec-11f416faace6" [_thread_blocked, id=22636, stack(0x00000069e6400000,0x00000069e6500000)]
  0x000001dcce017800 JavaThread "Framework Event Dispatcher: Equinox Container: 29ff1c95-f530-4c62-b9ec-11f416faace6" daemon [_thread_blocked, id=38728, stack(0x00000069e6500000,0x00000069e6600000)]
  0x000001dcce1cd000 JavaThread "Start Level: Equinox Container: 29ff1c95-f530-4c62-b9ec-11f416faace6" daemon [_thread_blocked, id=22364, stack(0x00000069e6600000,0x00000069e6700000)]
  0x000001dcce680800 JavaThread "Bundle File Closer" daemon [_thread_blocked, id=35876, stack(0x00000069e6900000,0x00000069e6a00000)]
  0x000001dcce67f000 JavaThread "Refresh Thread: Equinox Container: 29ff1c95-f530-4c62-b9ec-11f416faace6" daemon [_thread_blocked, id=39752, stack(0x00000069e6a00000,0x00000069e6b00000)]
  0x000001dcce680000 JavaThread "Equinox resolver thread - Equinox Container: 29ff1c95-f530-4c62-b9ec-11f416faace6" daemon [_thread_blocked, id=32608, stack(0x00000069e6b00000,0x00000069e6c00000)]
  0x000001dcce681800 JavaThread "Equinox resolver thread - Equinox Container: 29ff1c95-f530-4c62-b9ec-11f416faace6" daemon [_thread_blocked, id=38380, stack(0x00000069e6c00000,0x00000069e6d00000)]
  0x000001dcce682800 JavaThread "SCR Component Actor" daemon [_thread_blocked, id=22712, stack(0x00000069e6d00000,0x00000069e6e00000)]
  0x000001dcce683000 JavaThread "Timer-0" daemon [_thread_blocked, id=28620, stack(0x00000069e6e00000,0x00000069e6f00000)]
  0x000001dcce684000 JavaThread "EMF Reference Cleaner" daemon [_thread_blocked, id=26016, stack(0x00000069e6f00000,0x00000069e7000000)]
  0x000001dcce67e800 JavaThread "Worker-JM" [_thread_blocked, id=576, stack(0x00000069e7100000,0x00000069e7200000)]
  0x000001dcce685000 JavaThread "Worker-0" [_thread_blocked, id=13180, stack(0x00000069e6800000,0x00000069e6900000)]
  0x000001dccf5be000 JavaThread "RMI Scheduler(0)" daemon [_thread_blocked, id=33180, stack(0x00000069e7200000,0x00000069e7300000)]
  0x000001dccf5ba000 JavaThread "RMI RenewClean-[169.254.103.224:52836]" daemon [_thread_blocked, id=37852, stack(0x00000069e7300000,0x00000069e7400000)]
  0x000001dccf5ba800 JavaThread "RMI GC Daemon" daemon [_thread_blocked, id=20512, stack(0x00000069e7400000,0x00000069e7500000)]
  0x000001dccf5bb800 JavaThread "Worker-1" [_thread_blocked, id=37504, stack(0x00000069e7500000,0x00000069e7600000)]
  0x000001dcce202800 JavaThread "C2 CompilerThread1" daemon [_thread_in_native, id=12992, stack(0x00000069e6700000,0x00000069e6800000)]
  0x000001dccf5bc800 JavaThread "Worker-2" [_thread_blocked, id=41204, stack(0x00000069e7600000,0x00000069e7700000)]
  0x000001dccf5bd000 JavaThread "Worker-3" [_thread_blocked, id=18900, stack(0x00000069e7700000,0x00000069e7800000)]
=>0x000001dcd0ca4000 JavaThread "C2 CompilerThread2" daemon [_thread_in_native, id=9948, stack(0x00000069e7800000,0x00000069e7900000)]

Other Threads:
  0x000001dccd0e4000 VMThread "VM Thread" [stack: 0x00000069e4c00000,0x00000069e4d00000] [id=4568]
  0x000001dccd2f1000 WatcherThread [stack: 0x00000069e5500000,0x00000069e5600000] [id=7876]
  0x000001dc9df54800 GCTaskThread "GC Thread#0" [stack: 0x00000069e4700000,0x00000069e4800000] [id=35696]
  0x000001dccd915800 GCTaskThread "GC Thread#1" [stack: 0x00000069e5d00000,0x00000069e5e00000] [id=25452]
  0x000001dccda07000 GCTaskThread "GC Thread#2" [stack: 0x00000069e5e00000,0x00000069e5f00000] [id=25072]
  0x000001dccda07800 GCTaskThread "GC Thread#3" [stack: 0x00000069e5f00000,0x00000069e6000000] [id=13260]
  0x000001dccdb01000 GCTaskThread "GC Thread#4" [stack: 0x00000069e6000000,0x00000069e6100000] [id=21828]
  0x000001dccdb01800 GCTaskThread "GC Thread#5" [stack: 0x00000069e6100000,0x00000069e6200000] [id=4504]
  0x000001dccda4b000 GCTaskThread "GC Thread#6" [stack: 0x00000069e6200000,0x00000069e6300000] [id=31232]
  0x000001dccda4b800 GCTaskThread "GC Thread#7" [stack: 0x00000069e6300000,0x00000069e6400000] [id=23768]
  0x000001dc9dfd2800 ConcurrentGCThread "G1 Main Marker" [stack: 0x00000069e4800000,0x00000069e4900000] [id=5004]
  0x000001dc9dfd5000 ConcurrentGCThread "G1 Conc#0" [stack: 0x00000069e4900000,0x00000069e4a00000] [id=10372]
  0x000001dcce53f800 ConcurrentGCThread "G1 Conc#1" [stack: 0x00000069e7000000,0x00000069e7100000] [id=36184]
  0x000001dccc745800 ConcurrentGCThread "G1 Refine#0" [stack: 0x00000069e4a00000,0x00000069e4b00000] [id=39348]
  0x000001dccc746800 ConcurrentGCThread "G1 Young RemSet Sampling" [stack: 0x00000069e4b00000,0x00000069e4c00000] [id=25336]

Threads with active compile tasks:
C2 CompilerThread0     9323 5175       4       java.util.regex.Pattern::RemoveQEQuoting (346 bytes)
C1 CompilerThread0     9323 5197       1       org.eclipse.cdt.managedbuilder.internal.core.Builder::isExtensionElement (5 bytes)
C2 CompilerThread1     9323 5170       4       org.eclipse.cdt.managedbuilder.internal.core.ToolChain::getAllTools (252 bytes)
C2 CompilerThread2     9323 5021       4       java.util.TreeMap::put (247 bytes)

VM state:not at safepoint (normal execution)

VM Mutex/Monitor currently owned by a thread: None

Heap address: 0x0000000601400000, size: 8172 MB, Compressed Oops mode: Zero based, Oop shift amount: 3
Narrow klass base: 0x0000000800000000, Narrow klass shift: 0
Compressed class space size: 1073741824 Address: 0x0000000800000000

Heap:
 garbage-first heap   total 524288K, used 139220K [0x0000000601400000, 0x0000000800000000)
  region size 2048K, 64 young (131072K), 5 survivors (10240K)
 Metaspace       used 39934K, capacity 42708K, committed 42880K, reserved 1087488K
  class space    used 4047K, capacity 4986K, committed 4992K, reserved 1048576K
Heap Regions: E=young(eden), S=young(survivor), O=old, HS=humongous(starts), HC=humongous(continues), CS=collection set, F=free, A=archive, TAMS=top-at-mark-start (previous, next)
|   0|0x0000000601400000, 0x0000000601600000, 0x0000000601600000|100%| O|  |TAMS 0x0000000601600000, 0x0000000601400000| Untracked 
|   1|0x0000000601600000, 0x0000000601800000, 0x0000000601800000|100%| O|  |TAMS 0x0000000601800000, 0x0000000601600000| Untracked 
|   2|0x0000000601800000, 0x0000000601a00000, 0x0000000601a00000|100%| O|  |TAMS 0x0000000601a00000, 0x0000000601800000| Untracked 
|   3|0x0000000601a00000, 0x0000000601c00000, 0x0000000601c00000|100%| O|  |TAMS 0x0000000601c00000, 0x0000000601a00000| Untracked 
|   4|0x0000000601c00000, 0x0000000601e00000, 0x0000000601e00000|100%| O|  |TAMS 0x0000000601e00000, 0x0000000601c00000| Untracked 
|   5|0x0000000601e00000, 0x0000000601f1ce00, 0x0000000602000000| 55%| O|  |TAMS 0x0000000601f1ce00, 0x0000000601e00000| Untracked 
|   6|0x0000000602000000, 0x0000000602000000, 0x0000000602200000|  0%| F|  |TAMS 0x0000000602000000, 0x0000000602000000| Untracked 
|   7|0x0000000602200000, 0x0000000602200000, 0x0000000602400000|  0%| F|  |TAMS 0x0000000602200000, 0x0000000602200000| Untracked 
|   8|0x0000000602400000, 0x0000000602400000, 0x0000000602600000|  0%| F|  |TAMS 0x0000000602400000, 0x0000000602400000| Untracked 
|   9|0x0000000602600000, 0x0000000602600000, 0x0000000602800000|  0%| F|  |TAMS 0x0000000602600000, 0x0000000602600000| Untracked 
|  10|0x0000000602800000, 0x0000000602800000, 0x0000000602a00000|  0%| F|  |TAMS 0x0000000602800000, 0x0000000602800000| Untracked 
|  11|0x0000000602a00000, 0x0000000602a00000, 0x0000000602c00000|  0%| F|  |TAMS 0x0000000602a00000, 0x0000000602a00000| Untracked 
|  12|0x0000000602c00000, 0x0000000602c00000, 0x0000000602e00000|  0%| F|  |TAMS 0x0000000602c00000, 0x0000000602c00000| Untracked 
|  13|0x0000000602e00000, 0x0000000602e00000, 0x0000000603000000|  0%| F|  |TAMS 0x0000000602e00000, 0x0000000602e00000| Untracked 
|  14|0x0000000603000000, 0x0000000603000000, 0x0000000603200000|  0%| F|  |TAMS 0x0000000603000000, 0x0000000603000000| Untracked 
|  15|0x0000000603200000, 0x0000000603200000, 0x0000000603400000|  0%| F|  |TAMS 0x0000000603200000, 0x0000000603200000| Untracked 
|  16|0x0000000603400000, 0x0000000603400000, 0x0000000603600000|  0%| F|  |TAMS 0x0000000603400000, 0x0000000603400000| Untracked 
|  17|0x0000000603600000, 0x0000000603600000, 0x0000000603800000|  0%| F|  |TAMS 0x0000000603600000, 0x0000000603600000| Untracked 
|  18|0x0000000603800000, 0x0000000603800000, 0x0000000603a00000|  0%| F|  |TAMS 0x0000000603800000, 0x0000000603800000| Untracked 
|  19|0x0000000603a00000, 0x0000000603a00000, 0x0000000603c00000|  0%| F|  |TAMS 0x0000000603a00000, 0x0000000603a00000| Untracked 
|  20|0x0000000603c00000, 0x0000000603c00000, 0x0000000603e00000|  0%| F|  |TAMS 0x0000000603c00000, 0x0000000603c00000| Untracked 
|  21|0x0000000603e00000, 0x0000000603e00000, 0x0000000604000000|  0%| F|  |TAMS 0x0000000603e00000, 0x0000000603e00000| Untracked 
|  22|0x0000000604000000, 0x0000000604000000, 0x0000000604200000|  0%| F|  |TAMS 0x0000000604000000, 0x0000000604000000| Untracked 
|  23|0x0000000604200000, 0x0000000604200000, 0x0000000604400000|  0%| F|  |TAMS 0x0000000604200000, 0x0000000604200000| Untracked 
|  24|0x0000000604400000, 0x0000000604400000, 0x0000000604600000|  0%| F|  |TAMS 0x0000000604400000, 0x0000000604400000| Untracked 
|  25|0x0000000604600000, 0x0000000604600000, 0x0000000604800000|  0%| F|  |TAMS 0x0000000604600000, 0x0000000604600000| Untracked 
|  26|0x0000000604800000, 0x0000000604800000, 0x0000000604a00000|  0%| F|  |TAMS 0x0000000604800000, 0x0000000604800000| Untracked 
|  27|0x0000000604a00000, 0x0000000604a00000, 0x0000000604c00000|  0%| F|  |TAMS 0x0000000604a00000, 0x0000000604a00000| Untracked 
|  28|0x0000000604c00000, 0x0000000604c00000, 0x0000000604e00000|  0%| F|  |TAMS 0x0000000604c00000, 0x0000000604c00000| Untracked 
|  29|0x0000000604e00000, 0x0000000604e00000, 0x0000000605000000|  0%| F|  |TAMS 0x0000000604e00000, 0x0000000604e00000| Untracked 
|  30|0x0000000605000000, 0x0000000605000000, 0x0000000605200000|  0%| F|  |TAMS 0x0000000605000000, 0x0000000605000000| Untracked 
|  31|0x0000000605200000, 0x0000000605200000, 0x0000000605400000|  0%| F|  |TAMS 0x0000000605200000, 0x0000000605200000| Untracked 
|  32|0x0000000605400000, 0x0000000605400000, 0x0000000605600000|  0%| F|  |TAMS 0x0000000605400000, 0x0000000605400000| Untracked 
|  33|0x0000000605600000, 0x0000000605600000, 0x0000000605800000|  0%| F|  |TAMS 0x0000000605600000, 0x0000000605600000| Untracked 
|  34|0x0000000605800000, 0x0000000605800000, 0x0000000605a00000|  0%| F|  |TAMS 0x0000000605800000, 0x0000000605800000| Untracked 
|  35|0x0000000605a00000, 0x0000000605a00000, 0x0000000605c00000|  0%| F|  |TAMS 0x0000000605a00000, 0x0000000605a00000| Untracked 
|  36|0x0000000605c00000, 0x0000000605c00000, 0x0000000605e00000|  0%| F|  |TAMS 0x0000000605c00000, 0x0000000605c00000| Untracked 
|  37|0x0000000605e00000, 0x0000000605e00000, 0x0000000606000000|  0%| F|  |TAMS 0x0000000605e00000, 0x0000000605e00000| Untracked 
|  38|0x0000000606000000, 0x0000000606000000, 0x0000000606200000|  0%| F|  |TAMS 0x0000000606000000, 0x0000000606000000| Untracked 
|  39|0x0000000606200000, 0x0000000606200000, 0x0000000606400000|  0%| F|  |TAMS 0x0000000606200000, 0x0000000606200000| Untracked 
|  40|0x0000000606400000, 0x0000000606400000, 0x0000000606600000|  0%| F|  |TAMS 0x0000000606400000, 0x0000000606400000| Untracked 
|  41|0x0000000606600000, 0x0000000606600000, 0x0000000606800000|  0%| F|  |TAMS 0x0000000606600000, 0x0000000606600000| Untracked 
|  42|0x0000000606800000, 0x0000000606800000, 0x0000000606a00000|  0%| F|  |TAMS 0x0000000606800000, 0x0000000606800000| Untracked 
|  43|0x0000000606a00000, 0x0000000606a00000, 0x0000000606c00000|  0%| F|  |TAMS 0x0000000606a00000, 0x0000000606a00000| Untracked 
|  44|0x0000000606c00000, 0x0000000606c00000, 0x0000000606e00000|  0%| F|  |TAMS 0x0000000606c00000, 0x0000000606c00000| Untracked 
|  45|0x0000000606e00000, 0x0000000606e00000, 0x0000000607000000|  0%| F|  |TAMS 0x0000000606e00000, 0x0000000606e00000| Untracked 
|  46|0x0000000607000000, 0x0000000607000000, 0x0000000607200000|  0%| F|  |TAMS 0x0000000607000000, 0x0000000607000000| Untracked 
|  47|0x0000000607200000, 0x0000000607200000, 0x0000000607400000|  0%| F|  |TAMS 0x0000000607200000, 0x0000000607200000| Untracked 
|  48|0x0000000607400000, 0x0000000607400000, 0x0000000607600000|  0%| F|  |TAMS 0x0000000607400000, 0x0000000607400000| Untracked 
|  49|0x0000000607600000, 0x0000000607600000, 0x0000000607800000|  0%| F|  |TAMS 0x0000000607600000, 0x0000000607600000| Untracked 
|  50|0x0000000607800000, 0x0000000607800000, 0x0000000607a00000|  0%| F|  |TAMS 0x0000000607800000, 0x0000000607800000| Untracked 
|  51|0x0000000607a00000, 0x0000000607a00000, 0x0000000607c00000|  0%| F|  |TAMS 0x0000000607a00000, 0x0000000607a00000| Untracked 
|  52|0x0000000607c00000, 0x0000000607c00000, 0x0000000607e00000|  0%| F|  |TAMS 0x0000000607c00000, 0x0000000607c00000| Untracked 
|  53|0x0000000607e00000, 0x0000000607e00000, 0x0000000608000000|  0%| F|  |TAMS 0x0000000607e00000, 0x0000000607e00000| Untracked 
|  54|0x0000000608000000, 0x0000000608000000, 0x0000000608200000|  0%| F|  |TAMS 0x0000000608000000, 0x0000000608000000| Untracked 
|  55|0x0000000608200000, 0x0000000608200000, 0x0000000608400000|  0%| F|  |TAMS 0x0000000608200000, 0x0000000608200000| Untracked 
|  56|0x0000000608400000, 0x0000000608400000, 0x0000000608600000|  0%| F|  |TAMS 0x0000000608400000, 0x0000000608400000| Untracked 
|  57|0x0000000608600000, 0x0000000608600000, 0x0000000608800000|  0%| F|  |TAMS 0x0000000608600000, 0x0000000608600000| Untracked 
|  58|0x0000000608800000, 0x0000000608800000, 0x0000000608a00000|  0%| F|  |TAMS 0x0000000608800000, 0x0000000608800000| Untracked 
|  59|0x0000000608a00000, 0x0000000608a00000, 0x0000000608c00000|  0%| F|  |TAMS 0x0000000608a00000, 0x0000000608a00000| Untracked 
|  60|0x0000000608c00000, 0x0000000608c00000, 0x0000000608e00000|  0%| F|  |TAMS 0x0000000608c00000, 0x0000000608c00000| Untracked 
|  61|0x0000000608e00000, 0x0000000608e00000, 0x0000000609000000|  0%| F|  |TAMS 0x0000000608e00000, 0x0000000608e00000| Untracked 
|  62|0x0000000609000000, 0x0000000609000000, 0x0000000609200000|  0%| F|  |TAMS 0x0000000609000000, 0x0000000609000000| Untracked 
|  63|0x0000000609200000, 0x0000000609200000, 0x0000000609400000|  0%| F|  |TAMS 0x0000000609200000, 0x0000000609200000| Untracked 
|  64|0x0000000609400000, 0x0000000609400000, 0x0000000609600000|  0%| F|  |TAMS 0x0000000609400000, 0x0000000609400000| Untracked 
|  65|0x0000000609600000, 0x0000000609600000, 0x0000000609800000|  0%| F|  |TAMS 0x0000000609600000, 0x0000000609600000| Untracked 
|  66|0x0000000609800000, 0x0000000609800000, 0x0000000609a00000|  0%| F|  |TAMS 0x0000000609800000, 0x0000000609800000| Untracked 
|  67|0x0000000609a00000, 0x0000000609a00000, 0x0000000609c00000|  0%| F|  |TAMS 0x0000000609a00000, 0x0000000609a00000| Untracked 
|  68|0x0000000609c00000, 0x0000000609c00000, 0x0000000609e00000|  0%| F|  |TAMS 0x0000000609c00000, 0x0000000609c00000| Untracked 
|  69|0x0000000609e00000, 0x0000000609e00000, 0x000000060a000000|  0%| F|  |TAMS 0x0000000609e00000, 0x0000000609e00000| Untracked 
|  70|0x000000060a000000, 0x000000060a000000, 0x000000060a200000|  0%| F|  |TAMS 0x000000060a000000, 0x000000060a000000| Untracked 
|  71|0x000000060a200000, 0x000000060a200000, 0x000000060a400000|  0%| F|  |TAMS 0x000000060a200000, 0x000000060a200000| Untracked 
|  72|0x000000060a400000, 0x000000060a400000, 0x000000060a600000|  0%| F|  |TAMS 0x000000060a400000, 0x000000060a400000| Untracked 
|  73|0x000000060a600000, 0x000000060a600000, 0x000000060a800000|  0%| F|  |TAMS 0x000000060a600000, 0x000000060a600000| Untracked 
|  74|0x000000060a800000, 0x000000060a800000, 0x000000060aa00000|  0%| F|  |TAMS 0x000000060a800000, 0x000000060a800000| Untracked 
|  75|0x000000060aa00000, 0x000000060aa00000, 0x000000060ac00000|  0%| F|  |TAMS 0x000000060aa00000, 0x000000060aa00000| Untracked 
|  76|0x000000060ac00000, 0x000000060ac00000, 0x000000060ae00000|  0%| F|  |TAMS 0x000000060ac00000, 0x000000060ac00000| Untracked 
|  77|0x000000060ae00000, 0x000000060ae00000, 0x000000060b000000|  0%| F|  |TAMS 0x000000060ae00000, 0x000000060ae00000| Untracked 
|  78|0x000000060b000000, 0x000000060b000000, 0x000000060b200000|  0%| F|  |TAMS 0x000000060b000000, 0x000000060b000000| Untracked 
|  79|0x000000060b200000, 0x000000060b200000, 0x000000060b400000|  0%| F|  |TAMS 0x000000060b200000, 0x000000060b200000| Untracked 
|  80|0x000000060b400000, 0x000000060b400000, 0x000000060b600000|  0%| F|  |TAMS 0x000000060b400000, 0x000000060b400000| Untracked 
|  81|0x000000060b600000, 0x000000060b600000, 0x000000060b800000|  0%| F|  |TAMS 0x000000060b600000, 0x000000060b600000| Untracked 
|  82|0x000000060b800000, 0x000000060b800000, 0x000000060ba00000|  0%| F|  |TAMS 0x000000060b800000, 0x000000060b800000| Untracked 
|  83|0x000000060ba00000, 0x000000060ba00000, 0x000000060bc00000|  0%| F|  |TAMS 0x000000060ba00000, 0x000000060ba00000| Untracked 
|  84|0x000000060bc00000, 0x000000060bc00000, 0x000000060be00000|  0%| F|  |TAMS 0x000000060bc00000, 0x000000060bc00000| Untracked 
|  85|0x000000060be00000, 0x000000060be00000, 0x000000060c000000|  0%| F|  |TAMS 0x000000060be00000, 0x000000060be00000| Untracked 
|  86|0x000000060c000000, 0x000000060c000000, 0x000000060c200000|  0%| F|  |TAMS 0x000000060c000000, 0x000000060c000000| Untracked 
|  87|0x000000060c200000, 0x000000060c200000, 0x000000060c400000|  0%| F|  |TAMS 0x000000060c200000, 0x000000060c200000| Untracked 
|  88|0x000000060c400000, 0x000000060c400000, 0x000000060c600000|  0%| F|  |TAMS 0x000000060c400000, 0x000000060c400000| Untracked 
|  89|0x000000060c600000, 0x000000060c600000, 0x000000060c800000|  0%| F|  |TAMS 0x000000060c600000, 0x000000060c600000| Untracked 
|  90|0x000000060c800000, 0x000000060c800000, 0x000000060ca00000|  0%| F|  |TAMS 0x000000060c800000, 0x000000060c800000| Untracked 
|  91|0x000000060ca00000, 0x000000060ca00000, 0x000000060cc00000|  0%| F|  |TAMS 0x000000060ca00000, 0x000000060ca00000| Untracked 
|  92|0x000000060cc00000, 0x000000060cc00000, 0x000000060ce00000|  0%| F|  |TAMS 0x000000060cc00000, 0x000000060cc00000| Untracked 
|  93|0x000000060ce00000, 0x000000060ce00000, 0x000000060d000000|  0%| F|  |TAMS 0x000000060ce00000, 0x000000060ce00000| Untracked 
|  94|0x000000060d000000, 0x000000060d000000, 0x000000060d200000|  0%| F|  |TAMS 0x000000060d000000, 0x000000060d000000| Untracked 
|  95|0x000000060d200000, 0x000000060d200000, 0x000000060d400000|  0%| F|  |TAMS 0x000000060d200000, 0x000000060d200000| Untracked 
|  96|0x000000060d400000, 0x000000060d400000, 0x000000060d600000|  0%| F|  |TAMS 0x000000060d400000, 0x000000060d400000| Untracked 
|  97|0x000000060d600000, 0x000000060d600000, 0x000000060d800000|  0%| F|  |TAMS 0x000000060d600000, 0x000000060d600000| Untracked 
|  98|0x000000060d800000, 0x000000060d800000, 0x000000060da00000|  0%| F|  |TAMS 0x000000060d800000, 0x000000060d800000| Untracked 
|  99|0x000000060da00000, 0x000000060da00000, 0x000000060dc00000|  0%| F|  |TAMS 0x000000060da00000, 0x000000060da00000| Untracked 
| 100|0x000000060dc00000, 0x000000060dc00000, 0x000000060de00000|  0%| F|  |TAMS 0x000000060dc00000, 0x000000060dc00000| Untracked 
| 101|0x000000060de00000, 0x000000060de00000, 0x000000060e000000|  0%| F|  |TAMS 0x000000060de00000, 0x000000060de00000| Untracked 
| 102|0x000000060e000000, 0x000000060e000000, 0x000000060e200000|  0%| F|  |TAMS 0x000000060e000000, 0x000000060e000000| Untracked 
| 103|0x000000060e200000, 0x000000060e200000, 0x000000060e400000|  0%| F|  |TAMS 0x000000060e200000, 0x000000060e200000| Untracked 
| 104|0x000000060e400000, 0x000000060e400000, 0x000000060e600000|  0%| F|  |TAMS 0x000000060e400000, 0x000000060e400000| Untracked 
| 105|0x000000060e600000, 0x000000060e600000, 0x000000060e800000|  0%| F|  |TAMS 0x000000060e600000, 0x000000060e600000| Untracked 
| 106|0x000000060e800000, 0x000000060e800000, 0x000000060ea00000|  0%| F|  |TAMS 0x000000060e800000, 0x000000060e800000| Untracked 
| 107|0x000000060ea00000, 0x000000060ea00000, 0x000000060ec00000|  0%| F|  |TAMS 0x000000060ea00000, 0x000000060ea00000| Untracked 
| 108|0x000000060ec00000, 0x000000060ec00000, 0x000000060ee00000|  0%| F|  |TAMS 0x000000060ec00000, 0x000000060ec00000| Untracked 
| 109|0x000000060ee00000, 0x000000060ee00000, 0x000000060f000000|  0%| F|  |TAMS 0x000000060ee00000, 0x000000060ee00000| Untracked 
| 110|0x000000060f000000, 0x000000060f000000, 0x000000060f200000|  0%| F|  |TAMS 0x000000060f000000, 0x000000060f000000| Untracked 
| 111|0x000000060f200000, 0x000000060f200000, 0x000000060f400000|  0%| F|  |TAMS 0x000000060f200000, 0x000000060f200000| Untracked 
| 112|0x000000060f400000, 0x000000060f400000, 0x000000060f600000|  0%| F|  |TAMS 0x000000060f400000, 0x000000060f400000| Untracked 
| 113|0x000000060f600000, 0x000000060f600000, 0x000000060f800000|  0%| F|  |TAMS 0x000000060f600000, 0x000000060f600000| Untracked 
| 114|0x000000060f800000, 0x000000060f800000, 0x000000060fa00000|  0%| F|  |TAMS 0x000000060f800000, 0x000000060f800000| Untracked 
| 115|0x000000060fa00000, 0x000000060fa00000, 0x000000060fc00000|  0%| F|  |TAMS 0x000000060fa00000, 0x000000060fa00000| Untracked 
| 116|0x000000060fc00000, 0x000000060fc00000, 0x000000060fe00000|  0%| F|  |TAMS 0x000000060fc00000, 0x000000060fc00000| Untracked 
| 117|0x000000060fe00000, 0x000000060fe00000, 0x0000000610000000|  0%| F|  |TAMS 0x000000060fe00000, 0x000000060fe00000| Untracked 
| 118|0x0000000610000000, 0x0000000610000000, 0x0000000610200000|  0%| F|  |TAMS 0x0000000610000000, 0x0000000610000000| Untracked 
| 119|0x0000000610200000, 0x0000000610200000, 0x0000000610400000|  0%| F|  |TAMS 0x0000000610200000, 0x0000000610200000| Untracked 
| 120|0x0000000610400000, 0x0000000610400000, 0x0000000610600000|  0%| F|  |TAMS 0x0000000610400000, 0x0000000610400000| Untracked 
| 121|0x0000000610600000, 0x0000000610600000, 0x0000000610800000|  0%| F|  |TAMS 0x0000000610600000, 0x0000000610600000| Untracked 
| 122|0x0000000610800000, 0x0000000610800000, 0x0000000610a00000|  0%| F|  |TAMS 0x0000000610800000, 0x0000000610800000| Untracked 
| 123|0x0000000610a00000, 0x0000000610a00000, 0x0000000610c00000|  0%| F|  |TAMS 0x0000000610a00000, 0x0000000610a00000| Untracked 
| 124|0x0000000610c00000, 0x0000000610c00000, 0x0000000610e00000|  0%| F|  |TAMS 0x0000000610c00000, 0x0000000610c00000| Untracked 
| 125|0x0000000610e00000, 0x0000000610e00000, 0x0000000611000000|  0%| F|  |TAMS 0x0000000610e00000, 0x0000000610e00000| Untracked 
| 126|0x0000000611000000, 0x0000000611000000, 0x0000000611200000|  0%| F|  |TAMS 0x0000000611000000, 0x0000000611000000| Untracked 
| 127|0x0000000611200000, 0x0000000611200000, 0x0000000611400000|  0%| F|  |TAMS 0x0000000611200000, 0x0000000611200000| Untracked 
| 128|0x0000000611400000, 0x0000000611400000, 0x0000000611600000|  0%| F|  |TAMS 0x0000000611400000, 0x0000000611400000| Untracked 
| 129|0x0000000611600000, 0x0000000611600000, 0x0000000611800000|  0%| F|  |TAMS 0x0000000611600000, 0x0000000611600000| Untracked 
| 130|0x0000000611800000, 0x0000000611800000, 0x0000000611a00000|  0%| F|  |TAMS 0x0000000611800000, 0x0000000611800000| Untracked 
| 131|0x0000000611a00000, 0x0000000611a00000, 0x0000000611c00000|  0%| F|  |TAMS 0x0000000611a00000, 0x0000000611a00000| Untracked 
| 132|0x0000000611c00000, 0x0000000611c00000, 0x0000000611e00000|  0%| F|  |TAMS 0x0000000611c00000, 0x0000000611c00000| Untracked 
| 133|0x0000000611e00000, 0x0000000611e00000, 0x0000000612000000|  0%| F|  |TAMS 0x0000000611e00000, 0x0000000611e00000| Untracked 
| 134|0x0000000612000000, 0x0000000612000000, 0x0000000612200000|  0%| F|  |TAMS 0x0000000612000000, 0x0000000612000000| Untracked 
| 135|0x0000000612200000, 0x0000000612200000, 0x0000000612400000|  0%| F|  |TAMS 0x0000000612200000, 0x0000000612200000| Untracked 
| 136|0x0000000612400000, 0x0000000612400000, 0x0000000612600000|  0%| F|  |TAMS 0x0000000612400000, 0x0000000612400000| Untracked 
| 137|0x0000000612600000, 0x0000000612600000, 0x0000000612800000|  0%| F|  |TAMS 0x0000000612600000, 0x0000000612600000| Untracked 
| 138|0x0000000612800000, 0x0000000612800000, 0x0000000612a00000|  0%| F|  |TAMS 0x0000000612800000, 0x0000000612800000| Untracked 
| 139|0x0000000612a00000, 0x0000000612a00000, 0x0000000612c00000|  0%| F|  |TAMS 0x0000000612a00000, 0x0000000612a00000| Untracked 
| 140|0x0000000612c00000, 0x0000000612c00000, 0x0000000612e00000|  0%| F|  |TAMS 0x0000000612c00000, 0x0000000612c00000| Untracked 
| 141|0x0000000612e00000, 0x0000000612e00000, 0x0000000613000000|  0%| F|  |TAMS 0x0000000612e00000, 0x0000000612e00000| Untracked 
| 142|0x0000000613000000, 0x0000000613000000, 0x0000000613200000|  0%| F|  |TAMS 0x0000000613000000, 0x0000000613000000| Untracked 
| 143|0x0000000613200000, 0x0000000613200000, 0x0000000613400000|  0%| F|  |TAMS 0x0000000613200000, 0x0000000613200000| Untracked 
| 144|0x0000000613400000, 0x0000000613400000, 0x0000000613600000|  0%| F|  |TAMS 0x0000000613400000, 0x0000000613400000| Untracked 
| 145|0x0000000613600000, 0x0000000613600000, 0x0000000613800000|  0%| F|  |TAMS 0x0000000613600000, 0x0000000613600000| Untracked 
| 146|0x0000000613800000, 0x0000000613800000, 0x0000000613a00000|  0%| F|  |TAMS 0x0000000613800000, 0x0000000613800000| Untracked 
| 147|0x0000000613a00000, 0x0000000613a00000, 0x0000000613c00000|  0%| F|  |TAMS 0x0000000613a00000, 0x0000000613a00000| Untracked 
| 148|0x0000000613c00000, 0x0000000613c00000, 0x0000000613e00000|  0%| F|  |TAMS 0x0000000613c00000, 0x0000000613c00000| Untracked 
| 149|0x0000000613e00000, 0x0000000613e00000, 0x0000000614000000|  0%| F|  |TAMS 0x0000000613e00000, 0x0000000613e00000| Untracked 
| 150|0x0000000614000000, 0x0000000614000000, 0x0000000614200000|  0%| F|  |TAMS 0x0000000614000000, 0x0000000614000000| Untracked 
| 151|0x0000000614200000, 0x0000000614200000, 0x0000000614400000|  0%| F|  |TAMS 0x0000000614200000, 0x0000000614200000| Untracked 
| 152|0x0000000614400000, 0x0000000614400000, 0x0000000614600000|  0%| F|  |TAMS 0x0000000614400000, 0x0000000614400000| Untracked 
| 153|0x0000000614600000, 0x0000000614600000, 0x0000000614800000|  0%| F|  |TAMS 0x0000000614600000, 0x0000000614600000| Untracked 
| 154|0x0000000614800000, 0x0000000614800000, 0x0000000614a00000|  0%| F|  |TAMS 0x0000000614800000, 0x0000000614800000| Untracked 
| 155|0x0000000614a00000, 0x0000000614a00000, 0x0000000614c00000|  0%| F|  |TAMS 0x0000000614a00000, 0x0000000614a00000| Untracked 
| 156|0x0000000614c00000, 0x0000000614c00000, 0x0000000614e00000|  0%| F|  |TAMS 0x0000000614c00000, 0x0000000614c00000| Untracked 
| 157|0x0000000614e00000, 0x0000000614e00000, 0x0000000615000000|  0%| F|  |TAMS 0x0000000614e00000, 0x0000000614e00000| Untracked 
| 158|0x0000000615000000, 0x0000000615000000, 0x0000000615200000|  0%| F|  |TAMS 0x0000000615000000, 0x0000000615000000| Untracked 
| 159|0x0000000615200000, 0x0000000615200000, 0x0000000615400000|  0%| F|  |TAMS 0x0000000615200000, 0x0000000615200000| Untracked 
| 160|0x0000000615400000, 0x0000000615400000, 0x0000000615600000|  0%| F|  |TAMS 0x0000000615400000, 0x0000000615400000| Untracked 
| 161|0x0000000615600000, 0x0000000615600000, 0x0000000615800000|  0%| F|  |TAMS 0x0000000615600000, 0x0000000615600000| Untracked 
| 162|0x0000000615800000, 0x0000000615800000, 0x0000000615a00000|  0%| F|  |TAMS 0x0000000615800000, 0x0000000615800000| Untracked 
| 163|0x0000000615a00000, 0x0000000615a00000, 0x0000000615c00000|  0%| F|  |TAMS 0x0000000615a00000, 0x0000000615a00000| Untracked 
| 164|0x0000000615c00000, 0x0000000615c00000, 0x0000000615e00000|  0%| F|  |TAMS 0x0000000615c00000, 0x0000000615c00000| Untracked 
| 165|0x0000000615e00000, 0x0000000615e00000, 0x0000000616000000|  0%| F|  |TAMS 0x0000000615e00000, 0x0000000615e00000| Untracked 
| 166|0x0000000616000000, 0x0000000616000000, 0x0000000616200000|  0%| F|  |TAMS 0x0000000616000000, 0x0000000616000000| Untracked 
| 167|0x0000000616200000, 0x0000000616200000, 0x0000000616400000|  0%| F|  |TAMS 0x0000000616200000, 0x0000000616200000| Untracked 
| 168|0x0000000616400000, 0x0000000616400000, 0x0000000616600000|  0%| F|  |TAMS 0x0000000616400000, 0x0000000616400000| Untracked 
| 169|0x0000000616600000, 0x0000000616600000, 0x0000000616800000|  0%| F|  |TAMS 0x0000000616600000, 0x0000000616600000| Untracked 
| 170|0x0000000616800000, 0x0000000616800000, 0x0000000616a00000|  0%| F|  |TAMS 0x0000000616800000, 0x0000000616800000| Untracked 
| 171|0x0000000616a00000, 0x0000000616a00000, 0x0000000616c00000|  0%| F|  |TAMS 0x0000000616a00000, 0x0000000616a00000| Untracked 
| 172|0x0000000616c00000, 0x0000000616c00000, 0x0000000616e00000|  0%| F|  |TAMS 0x0000000616c00000, 0x0000000616c00000| Untracked 
| 173|0x0000000616e00000, 0x0000000616e00000, 0x0000000617000000|  0%| F|  |TAMS 0x0000000616e00000, 0x0000000616e00000| Untracked 
| 174|0x0000000617000000, 0x0000000617000000, 0x0000000617200000|  0%| F|  |TAMS 0x0000000617000000, 0x0000000617000000| Untracked 
| 175|0x0000000617200000, 0x0000000617200000, 0x0000000617400000|  0%| F|  |TAMS 0x0000000617200000, 0x0000000617200000| Untracked 
| 176|0x0000000617400000, 0x0000000617400000, 0x0000000617600000|  0%| F|  |TAMS 0x0000000617400000, 0x0000000617400000| Untracked 
| 177|0x0000000617600000, 0x0000000617600000, 0x0000000617800000|  0%| F|  |TAMS 0x0000000617600000, 0x0000000617600000| Untracked 
| 178|0x0000000617800000, 0x0000000617800000, 0x0000000617a00000|  0%| F|  |TAMS 0x0000000617800000, 0x0000000617800000| Untracked 
| 179|0x0000000617a00000, 0x0000000617a00000, 0x0000000617c00000|  0%| F|  |TAMS 0x0000000617a00000, 0x0000000617a00000| Untracked 
| 180|0x0000000617c00000, 0x0000000617c00000, 0x0000000617e00000|  0%| F|  |TAMS 0x0000000617c00000, 0x0000000617c00000| Untracked 
| 181|0x0000000617e00000, 0x0000000617e00000, 0x0000000618000000|  0%| F|  |TAMS 0x0000000617e00000, 0x0000000617e00000| Untracked 
| 182|0x0000000618000000, 0x0000000618000000, 0x0000000618200000|  0%| F|  |TAMS 0x0000000618000000, 0x0000000618000000| Untracked 
| 183|0x0000000618200000, 0x0000000618200000, 0x0000000618400000|  0%| F|  |TAMS 0x0000000618200000, 0x0000000618200000| Untracked 
| 184|0x0000000618400000, 0x0000000618400000, 0x0000000618600000|  0%| F|  |TAMS 0x0000000618400000, 0x0000000618400000| Untracked 
| 185|0x0000000618600000, 0x0000000618600000, 0x0000000618800000|  0%| F|  |TAMS 0x0000000618600000, 0x0000000618600000| Untracked 
| 186|0x0000000618800000, 0x0000000618800000, 0x0000000618a00000|  0%| F|  |TAMS 0x0000000618800000, 0x0000000618800000| Untracked 
| 187|0x0000000618a00000, 0x0000000618a00000, 0x0000000618c00000|  0%| F|  |TAMS 0x0000000618a00000, 0x0000000618a00000| Untracked 
| 188|0x0000000618c00000, 0x0000000618c00000, 0x0000000618e00000|  0%| F|  |TAMS 0x0000000618c00000, 0x0000000618c00000| Untracked 
| 189|0x0000000618e00000, 0x0000000618e00000, 0x0000000619000000|  0%| F|  |TAMS 0x0000000618e00000, 0x0000000618e00000| Untracked 
| 190|0x0000000619000000, 0x00000006190d82a0, 0x0000000619200000| 42%| S|CS|TAMS 0x0000000619000000, 0x0000000619000000| Complete 
| 191|0x0000000619200000, 0x0000000619400000, 0x0000000619400000|100%| S|CS|TAMS 0x0000000619200000, 0x0000000619200000| Complete 
| 192|0x0000000619400000, 0x0000000619600000, 0x0000000619600000|100%| S|CS|TAMS 0x0000000619400000, 0x0000000619400000| Complete 
| 193|0x0000000619600000, 0x0000000619800000, 0x0000000619800000|100%| S|CS|TAMS 0x0000000619600000, 0x0000000619600000| Complete 
| 194|0x0000000619800000, 0x0000000619a00000, 0x0000000619a00000|100%| S|CS|TAMS 0x0000000619800000, 0x0000000619800000| Complete 
| 195|0x0000000619a00000, 0x0000000619a00000, 0x0000000619c00000|  0%| F|  |TAMS 0x0000000619a00000, 0x0000000619a00000| Untracked 
| 196|0x0000000619c00000, 0x0000000619c00000, 0x0000000619e00000|  0%| F|  |TAMS 0x0000000619c00000, 0x0000000619c00000| Untracked 
| 197|0x0000000619e00000, 0x000000061a000000, 0x000000061a000000|100%| E|  |TAMS 0x0000000619e00000, 0x0000000619e00000| Complete 
| 198|0x000000061a000000, 0x000000061a200000, 0x000000061a200000|100%| E|CS|TAMS 0x000000061a000000, 0x000000061a000000| Complete 
| 199|0x000000061a200000, 0x000000061a400000, 0x000000061a400000|100%| E|CS|TAMS 0x000000061a200000, 0x000000061a200000| Complete 
| 200|0x000000061a400000, 0x000000061a600000, 0x000000061a600000|100%| E|CS|TAMS 0x000000061a400000, 0x000000061a400000| Complete 
| 201|0x000000061a600000, 0x000000061a800000, 0x000000061a800000|100%| E|CS|TAMS 0x000000061a600000, 0x000000061a600000| Complete 
| 202|0x000000061a800000, 0x000000061aa00000, 0x000000061aa00000|100%| E|CS|TAMS 0x000000061a800000, 0x000000061a800000| Complete 
| 203|0x000000061aa00000, 0x000000061ac00000, 0x000000061ac00000|100%| E|CS|TAMS 0x000000061aa00000, 0x000000061aa00000| Complete 
| 204|0x000000061ac00000, 0x000000061ae00000, 0x000000061ae00000|100%| E|CS|TAMS 0x000000061ac00000, 0x000000061ac00000| Complete 
| 205|0x000000061ae00000, 0x000000061b000000, 0x000000061b000000|100%| E|CS|TAMS 0x000000061ae00000, 0x000000061ae00000| Complete 
| 206|0x000000061b000000, 0x000000061b200000, 0x000000061b200000|100%| E|CS|TAMS 0x000000061b000000, 0x000000061b000000| Complete 
| 207|0x000000061b200000, 0x000000061b400000, 0x000000061b400000|100%| E|CS|TAMS 0x000000061b200000, 0x000000061b200000| Complete 
| 208|0x000000061b400000, 0x000000061b600000, 0x000000061b600000|100%| E|CS|TAMS 0x000000061b400000, 0x000000061b400000| Complete 
| 209|0x000000061b600000, 0x000000061b800000, 0x000000061b800000|100%| E|CS|TAMS 0x000000061b600000, 0x000000061b600000| Complete 
| 210|0x000000061b800000, 0x000000061ba00000, 0x000000061ba00000|100%| E|CS|TAMS 0x000000061b800000, 0x000000061b800000| Complete 
| 211|0x000000061ba00000, 0x000000061bc00000, 0x000000061bc00000|100%| E|CS|TAMS 0x000000061ba00000, 0x000000061ba00000| Complete 
| 212|0x000000061bc00000, 0x000000061be00000, 0x000000061be00000|100%| E|CS|TAMS 0x000000061bc00000, 0x000000061bc00000| Complete 
| 213|0x000000061be00000, 0x000000061c000000, 0x000000061c000000|100%| E|CS|TAMS 0x000000061be00000, 0x000000061be00000| Complete 
| 214|0x000000061c000000, 0x000000061c200000, 0x000000061c200000|100%| E|CS|TAMS 0x000000061c000000, 0x000000061c000000| Complete 
| 215|0x000000061c200000, 0x000000061c400000, 0x000000061c400000|100%| E|CS|TAMS 0x000000061c200000, 0x000000061c200000| Complete 
| 216|0x000000061c400000, 0x000000061c600000, 0x000000061c600000|100%| E|CS|TAMS 0x000000061c400000, 0x000000061c400000| Complete 
| 217|0x000000061c600000, 0x000000061c800000, 0x000000061c800000|100%| E|CS|TAMS 0x000000061c600000, 0x000000061c600000| Complete 
| 218|0x000000061c800000, 0x000000061ca00000, 0x000000061ca00000|100%| E|CS|TAMS 0x000000061c800000, 0x000000061c800000| Complete 
| 219|0x000000061ca00000, 0x000000061cc00000, 0x000000061cc00000|100%| E|CS|TAMS 0x000000061ca00000, 0x000000061ca00000| Complete 
| 220|0x000000061cc00000, 0x000000061ce00000, 0x000000061ce00000|100%| E|CS|TAMS 0x000000061cc00000, 0x000000061cc00000| Complete 
| 221|0x000000061ce00000, 0x000000061d000000, 0x000000061d000000|100%| E|CS|TAMS 0x000000061ce00000, 0x000000061ce00000| Complete 
| 222|0x000000061d000000, 0x000000061d200000, 0x000000061d200000|100%| E|CS|TAMS 0x000000061d000000, 0x000000061d000000| Complete 
| 223|0x000000061d200000, 0x000000061d400000, 0x000000061d400000|100%| E|CS|TAMS 0x000000061d200000, 0x000000061d200000| Complete 
| 224|0x000000061d400000, 0x000000061d600000, 0x000000061d600000|100%| E|CS|TAMS 0x000000061d400000, 0x000000061d400000| Complete 
| 225|0x000000061d600000, 0x000000061d800000, 0x000000061d800000|100%| E|CS|TAMS 0x000000061d600000, 0x000000061d600000| Complete 
| 226|0x000000061d800000, 0x000000061da00000, 0x000000061da00000|100%| E|CS|TAMS 0x000000061d800000, 0x000000061d800000| Complete 
| 227|0x000000061da00000, 0x000000061dc00000, 0x000000061dc00000|100%| E|CS|TAMS 0x000000061da00000, 0x000000061da00000| Complete 
| 228|0x000000061dc00000, 0x000000061de00000, 0x000000061de00000|100%| E|CS|TAMS 0x000000061dc00000, 0x000000061dc00000| Complete 
| 229|0x000000061de00000, 0x000000061e000000, 0x000000061e000000|100%| E|CS|TAMS 0x000000061de00000, 0x000000061de00000| Complete 
| 230|0x000000061e000000, 0x000000061e200000, 0x000000061e200000|100%| E|CS|TAMS 0x000000061e000000, 0x000000061e000000| Complete 
| 231|0x000000061e200000, 0x000000061e400000, 0x000000061e400000|100%| E|CS|TAMS 0x000000061e200000, 0x000000061e200000| Complete 
| 232|0x000000061e400000, 0x000000061e600000, 0x000000061e600000|100%| E|CS|TAMS 0x000000061e400000, 0x000000061e400000| Complete 
| 233|0x000000061e600000, 0x000000061e800000, 0x000000061e800000|100%| E|CS|TAMS 0x000000061e600000, 0x000000061e600000| Complete 
| 234|0x000000061e800000, 0x000000061ea00000, 0x000000061ea00000|100%| E|CS|TAMS 0x000000061e800000, 0x000000061e800000| Complete 
| 235|0x000000061ea00000, 0x000000061ec00000, 0x000000061ec00000|100%| E|CS|TAMS 0x000000061ea00000, 0x000000061ea00000| Complete 
| 236|0x000000061ec00000, 0x000000061ee00000, 0x000000061ee00000|100%| E|CS|TAMS 0x000000061ec00000, 0x000000061ec00000| Complete 
| 237|0x000000061ee00000, 0x000000061f000000, 0x000000061f000000|100%| E|CS|TAMS 0x000000061ee00000, 0x000000061ee00000| Complete 
| 238|0x000000061f000000, 0x000000061f200000, 0x000000061f200000|100%| E|CS|TAMS 0x000000061f000000, 0x000000061f000000| Complete 
| 239|0x000000061f200000, 0x000000061f400000, 0x000000061f400000|100%| E|CS|TAMS 0x000000061f200000, 0x000000061f200000| Complete 
| 240|0x000000061f400000, 0x000000061f600000, 0x000000061f600000|100%| E|CS|TAMS 0x000000061f400000, 0x000000061f400000| Complete 
| 241|0x000000061f600000, 0x000000061f800000, 0x000000061f800000|100%| E|CS|TAMS 0x000000061f600000, 0x000000061f600000| Complete 
| 242|0x000000061f800000, 0x000000061fa00000, 0x000000061fa00000|100%| E|CS|TAMS 0x000000061f800000, 0x000000061f800000| Complete 
| 243|0x000000061fa00000, 0x000000061fc00000, 0x000000061fc00000|100%| E|CS|TAMS 0x000000061fa00000, 0x000000061fa00000| Complete 
| 244|0x000000061fc00000, 0x000000061fe00000, 0x000000061fe00000|100%| E|CS|TAMS 0x000000061fc00000, 0x000000061fc00000| Complete 
| 245|0x000000061fe00000, 0x0000000620000000, 0x0000000620000000|100%| E|CS|TAMS 0x000000061fe00000, 0x000000061fe00000| Complete 
| 246|0x0000000620000000, 0x0000000620200000, 0x0000000620200000|100%| E|CS|TAMS 0x0000000620000000, 0x0000000620000000| Complete 
| 247|0x0000000620200000, 0x0000000620400000, 0x0000000620400000|100%| E|CS|TAMS 0x0000000620200000, 0x0000000620200000| Complete 
| 248|0x0000000620400000, 0x0000000620600000, 0x0000000620600000|100%| E|CS|TAMS 0x0000000620400000, 0x0000000620400000| Complete 
| 249|0x0000000620600000, 0x0000000620800000, 0x0000000620800000|100%| E|CS|TAMS 0x0000000620600000, 0x0000000620600000| Complete 
| 250|0x0000000620800000, 0x0000000620a00000, 0x0000000620a00000|100%| E|CS|TAMS 0x0000000620800000, 0x0000000620800000| Complete 
| 251|0x0000000620a00000, 0x0000000620c00000, 0x0000000620c00000|100%| E|CS|TAMS 0x0000000620a00000, 0x0000000620a00000| Complete 
| 252|0x0000000620c00000, 0x0000000620e00000, 0x0000000620e00000|100%| E|CS|TAMS 0x0000000620c00000, 0x0000000620c00000| Complete 
| 253|0x0000000620e00000, 0x0000000621000000, 0x0000000621000000|100%| E|CS|TAMS 0x0000000620e00000, 0x0000000620e00000| Complete 
| 254|0x0000000621000000, 0x0000000621200000, 0x0000000621200000|100%| E|CS|TAMS 0x0000000621000000, 0x0000000621000000| Complete 
| 255|0x0000000621200000, 0x0000000621400000, 0x0000000621400000|100%| E|CS|TAMS 0x0000000621200000, 0x0000000621200000| Complete 

Card table byte_map: [0x000001dcb7cc0000,0x000001dcb8cc0000] _byte_map_base: 0x000001dcb4cb6000

Marking Bits (Prev, Next): (CMBitMap*) 0x000001dc9dfc1bb8, (CMBitMap*) 0x000001dc9dfc1bf0
 Prev Bits: [0x000001dcb9cc0000, 0x000001dcc1c70000)
 Next Bits: [0x000001dcc1c70000, 0x000001dcc9c20000)

Polling page: 0x000001dc9c5d0000

Metaspace:

Usage:
  Non-class:     36.84 MB capacity,    35.05 MB ( 95%) used,     1.70 MB (  5%) free+waste,    95.63 KB ( <1%) overhead. 
      Class:      4.87 MB capacity,     3.95 MB ( 81%) used,   890.52 KB ( 18%) free+waste,    47.75 KB ( <1%) overhead. 
       Both:     41.71 MB capacity,    39.00 MB ( 94%) used,     2.57 MB (  6%) free+waste,   143.38 KB ( <1%) overhead. 

Virtual space:
  Non-class space:       38.00 MB reserved,      37.00 MB ( 97%) committed 
      Class space:        1.00 GB reserved,       4.88 MB ( <1%) committed 
             Both:        1.04 GB reserved,      41.88 MB (  4%) committed 

Chunk freelists:
   Non-Class:  38.00 KB
       Class:  6.00 KB
        Both:  44.00 KB

MaxMetaspaceSize: 17179869184.00 GB
CompressedClassSpaceSize: 1.00 GB
Initial GC threshold: 20.80 MB
Current GC threshold: 58.54 MB
CDS: off

CodeHeap 'non-profiled nmethods': size=120000Kb used=2941Kb max_used=2941Kb free=117058Kb
 bounds [0x000001dcaee20000, 0x000001dcaf100000, 0x000001dcb6350000]
CodeHeap 'profiled nmethods': size=120000Kb used=13228Kb max_used=13228Kb free=106771Kb
 bounds [0x000001dca78f0000, 0x000001dca85e0000, 0x000001dcaee20000]
CodeHeap 'non-nmethods': size=5760Kb used=1236Kb max_used=1320Kb free=4523Kb
 bounds [0x000001dca7350000, 0x000001dca75c0000, 0x000001dca78f0000]
 total_blobs=5711 nmethods=5199 adapters=423
 compilation: enabled
              stopped_count=0, restarted_count=0
 full_count=0

Compilation events (20 events):
Event: 9.287 Thread 0x000001dccd171000 5078       3       org.eclipse.cdt.managedbuilder.internal.core.InputType::hasScannerConfigSettings (39 bytes)
Event: 9.287 Thread 0x000001dccd171000 nmethod 5078 0x000001dca858db90 code [0x000001dca858dda0, 0x000001dca858e338]
Event: 9.287 Thread 0x000001dccd171000 5084       3       org.eclipse.cdt.managedbuilder.internal.core.InputType::useLegacyScannerDiscoveryProfiles (102 bytes)
Event: 9.287 Thread 0x000001dccd171000 nmethod 5084 0x000001dca858e490 code [0x000001dca858e6e0, 0x000001dca858f118]
Event: 9.287 Thread 0x000001dccd171000 5087       3       org.eclipse.cdt.internal.core.cdtvariables.EnvironmentVariableSupplier$EnvVarMacro::<init> (25 bytes)
Event: 9.287 Thread 0x000001dccd171000 nmethod 5087 0x000001dca858f410 code [0x000001dca858f5e0, 0x000001dca858f9a8]
Event: 9.287 Thread 0x000001dccd171000 5086       3       org.eclipse.cdt.internal.core.LocalProjectScope::getNode (35 bytes)
Event: 9.288 Thread 0x000001dccd171000 nmethod 5086 0x000001dca858fb10 code [0x000001dca858fdc0, 0x000001dca85908a8]
Event: 9.288 Thread 0x000001dccd171000 5089   !   3       java.io.BufferedWriter::write (117 bytes)
Event: 9.288 Thread 0x000001dccd171000 nmethod 5089 0x000001dca8590d10 code [0x000001dca8590f20, 0x000001dca8591608]
Event: 9.288 Thread 0x000001dccd171000 5090       3       java.io.BufferedWriter::min (9 bytes)
Event: 9.288 Thread 0x000001dccd171000 nmethod 5090 0x000001dca8591990 code [0x000001dca8591b40, 0x000001dca8591c98]
Event: 9.288 Thread 0x000001dccd171000 5080       3       org.eclipse.cdt.managedbuilder.internal.core.Tool::getInputTypes (11 bytes)
Event: 9.288 Thread 0x000001dccd171000 nmethod 5080 0x000001dca8591d10 code [0x000001dca8591ee0, 0x000001dca8592058]
Event: 9.288 Thread 0x000001dccd171000 5082       3       org.eclipse.cdt.managedbuilder.internal.core.InputType::isEnabled (29 bytes)
Event: 9.288 Thread 0x000001dccd171000 nmethod 5082 0x000001dca8592110 code [0x000001dca8592340, 0x000001dca8592ae8]
Event: 9.288 Thread 0x000001dccd171000 5088       1       sun.util.calendar.CalendarDate::setDayOfWeek (6 bytes)
Event: 9.288 Thread 0x000001dccd171000 nmethod 5088 0x000001dcaf0e2790 code [0x000001dcaf0e2940, 0x000001dcaf0e29f8]
Event: 9.288 Thread 0x000001dccd171000 5083       1       org.eclipse.cdt.core.settings.model.util.SettingsSet$EntryInfo::getEntry (5 bytes)
Event: 9.288 Thread 0x000001dccd171000 nmethod 5083 0x000001dcaf0e2a90 code [0x000001dcaf0e2c40, 0x000001dcaf0e2cf8]

GC Heap History (10 events):
Event: 1.693 GC heap before
{Heap before GC invocations=0 (full 0):
 garbage-first heap   total 524288K, used 24576K [0x0000000601400000, 0x0000000800000000)
  region size 2048K, 12 young (24576K), 0 survivors (0K)
 Metaspace       used 13734K, capacity 13973K, committed 14208K, reserved 1062912K
  class space    used 1246K, capacity 1329K, committed 1408K, reserved 1048576K
}
Event: 1.698 GC heap after
{Heap after GC invocations=1 (full 0):
 garbage-first heap   total 524288K, used 3771K [0x0000000601400000, 0x0000000800000000)
  region size 2048K, 2 young (4096K), 2 survivors (4096K)
 Metaspace       used 13734K, capacity 13973K, committed 14208K, reserved 1062912K
  class space    used 1246K, capacity 1329K, committed 1408K, reserved 1048576K
}
Event: 6.239 GC heap before
{Heap before GC invocations=1 (full 0):
 garbage-first heap   total 524288K, used 89787K [0x0000000601400000, 0x0000000800000000)
  region size 2048K, 45 young (92160K), 2 survivors (4096K)
 Metaspace       used 20330K, capacity 21117K, committed 21248K, reserved 1069056K
  class space    used 1920K, capacity 2194K, committed 2304K, reserved 1048576K
}
Event: 6.245 GC heap after
{Heap after GC invocations=2 (full 0):
 garbage-first heap   total 524288K, used 11829K [0x0000000601400000, 0x0000000800000000)
  region size 2048K, 6 young (12288K), 6 survivors (12288K)
 Metaspace       used 20330K, capacity 21117K, committed 21248K, reserved 1069056K
  class space    used 1920K, capacity 2194K, committed 2304K, reserved 1048576K
}
Event: 7.224 GC heap before
{Heap before GC invocations=3 (full 0):
 garbage-first heap   total 524288K, used 106037K [0x0000000601400000, 0x0000000800000000)
  region size 2048K, 52 young (106496K), 6 survivors (12288K)
 Metaspace       used 29692K, capacity 31632K, committed 31872K, reserved 1077248K
  class space    used 2988K, capacity 3649K, committed 3712K, reserved 1048576K
}
Event: 7.231 GC heap after
{Heap after GC invocations=4 (full 0):
 garbage-first heap   total 524288K, used 14779K [0x0000000601400000, 0x0000000800000000)
  region size 2048K, 2 young (4096K), 2 survivors (4096K)
 Metaspace       used 29692K, capacity 31632K, committed 31872K, reserved 1077248K
  class space    used 2988K, capacity 3649K, committed 3712K, reserved 1048576K
}
Event: 7.281 GC heap before
{Heap before GC invocations=4 (full 0):
 garbage-first heap   total 524288K, used 129467K [0x0000000601400000, 0x0000000800000000)
  region size 2048K, 58 young (118784K), 2 survivors (4096K)
 Metaspace       used 29813K, capacity 31764K, committed 31872K, reserved 1077248K
  class space    used 2988K, capacity 3649K, committed 3712K, reserved 1048576K
}
Event: 7.283 GC heap after
{Heap after GC invocations=5 (full 0):
 garbage-first heap   total 524288K, used 14455K [0x0000000601400000, 0x0000000800000000)
  region size 2048K, 2 young (4096K), 2 survivors (4096K)
 Metaspace       used 29813K, capacity 31764K, committed 31872K, reserved 1077248K
  class space    used 2988K, capacity 3649K, committed 3712K, reserved 1048576K
}
Event: 8.620 GC heap before
{Heap before GC invocations=5 (full 0):
 garbage-first heap   total 524288K, used 133239K [0x0000000601400000, 0x0000000800000000)
  region size 2048K, 61 young (124928K), 2 survivors (4096K)
 Metaspace       used 33506K, capacity 35691K, committed 35840K, reserved 1081344K
  class space    used 3389K, capacity 4089K, committed 4096K, reserved 1048576K
}
Event: 8.626 GC heap after
{Heap after GC invocations=6 (full 0):
 garbage-first heap   total 524288K, used 20436K [0x0000000601400000, 0x0000000800000000)
  region size 2048K, 5 young (10240K), 5 survivors (10240K)
 Metaspace       used 33506K, capacity 35691K, committed 35840K, reserved 1081344K
  class space    used 3389K, capacity 4089K, committed 4096K, reserved 1048576K
}

Deoptimization events (20 events):
Event: 9.233 Thread 0x000001dc9df3b000 DEOPT PACKING pc=0x000001dcaef7116c sp=0x00000069e414ca00
Event: 9.233 Thread 0x000001dc9df3b000 DEOPT UNPACKING pc=0x000001dca739a1af sp=0x00000069e414c9b8 mode 2
Event: 9.233 Thread 0x000001dc9df3b000 Uncommon trap: trap_request=0xffffff4d fr.pc=0x000001dcaef47e30 relative=0x00000000000005d0
Event: 9.233 Thread 0x000001dc9df3b000 Uncommon trap: reason=unstable_if action=reinterpret pc=0x000001dcaef47e30 method=java.util.Properties.getProperty(Ljava/lang/String;)Ljava/lang/String; @ 36 c2
Event: 9.234 Thread 0x000001dc9df3b000 DEOPT PACKING pc=0x000001dcaef47e30 sp=0x00000069e414cbe0
Event: 9.234 Thread 0x000001dc9df3b000 DEOPT UNPACKING pc=0x000001dca739a1af sp=0x00000069e414cb98 mode 2
Event: 9.246 Thread 0x000001dc9df3b000 Uncommon trap: trap_request=0xffffff4d fr.pc=0x000001dcaef7aac8 relative=0x00000000000001a8
Event: 9.246 Thread 0x000001dc9df3b000 Uncommon trap: reason=unstable_if action=reinterpret pc=0x000001dcaef7aac8 method=java.lang.String.toCharArray()[C @ 4 c2
Event: 9.246 Thread 0x000001dc9df3b000 DEOPT PACKING pc=0x000001dcaef7aac8 sp=0x00000069e414b3e0
Event: 9.246 Thread 0x000001dc9df3b000 DEOPT UNPACKING pc=0x000001dca739a1af sp=0x00000069e414b380 mode 2
Event: 9.281 Thread 0x000001dc9df3b000 Uncommon trap: trap_request=0xffffff4d fr.pc=0x000001dcaf0bd594 relative=0x0000000000001974
Event: 9.281 Thread 0x000001dc9df3b000 Uncommon trap: reason=unstable_if action=reinterpret pc=0x000001dcaf0bd594 method=java.util.Properties.loadConvert([CIILjava/lang/StringBuilder;)Ljava/lang/String; @ 461 c2
Event: 9.281 Thread 0x000001dc9df3b000 DEOPT PACKING pc=0x000001dcaf0bd594 sp=0x00000069e414c9b0
Event: 9.281 Thread 0x000001dc9df3b000 DEOPT UNPACKING pc=0x000001dca739a1af sp=0x00000069e414c9c0 mode 2
Event: 9.284 Thread 0x000001dc9df3b000 Uncommon trap: trap_request=0xffffff7e fr.pc=0x000001dcaf0dc2c4 relative=0x0000000000000664
Event: 9.284 Thread 0x000001dc9df3b000 Uncommon trap: reason=predicate action=maybe_recompile pc=0x000001dcaf0dc2c4 method=java.util.TreeMap.getEntryUsingComparator(Ljava/lang/Object;)Ljava/util/TreeMap$Entry; @ 19 c2
Event: 9.284 Thread 0x000001dc9df3b000 DEOPT PACKING pc=0x000001dcaf0dc2c4 sp=0x00000069e414c900
Event: 9.284 Thread 0x000001dc9df3b000 DEOPT UNPACKING pc=0x000001dca739a1af sp=0x00000069e414c8a0 mode 2
Event: 9.287 Thread 0x000001dc9df3b000 DEOPT PACKING pc=0x000001dca8455245 sp=0x00000069e414c9c0
Event: 9.287 Thread 0x000001dc9df3b000 DEOPT UNPACKING pc=0x000001dca739a95e sp=0x00000069e414bea0 mode 0

Classes redefined (0 events):
No events

Internal exceptions (20 events):
Event: 8.479 Thread 0x000001dc9df3b000 Exception <a 'java/io/FileNotFoundException'{0x000000061ac96c00}> (0x000000061ac96c00) thrown at [./src/hotspot/share/prims/jni.cpp, line 617]
Event: 8.480 Thread 0x000001dc9df3b000 Exception <a 'java/io/FileNotFoundException'{0x000000061ac9f4d0}> (0x000000061ac9f4d0) thrown at [./src/hotspot/share/prims/jni.cpp, line 617]
Event: 8.481 Thread 0x000001dc9df3b000 Exception <a 'java/lang/NoSuchMethodError'{0x000000061aca7450}: 'void java.lang.invoke.DirectMethodHandle$Holder.invokeStaticInit(java.lang.Object, java.lang.Object, java.lang.Object)'> (0x000000061aca7450) thrown at [./src/hotspot/share/interpreter/linkResolver.cpp, line 773]
Event: 8.585 Thread 0x000001dc9df3b000 Exception <a 'java/io/FileNotFoundException'{0x000000061a9129c0}> (0x000000061a9129c0) thrown at [./src/hotspot/share/prims/jni.cpp, line 617]
Event: 8.586 Thread 0x000001dc9df3b000 Exception <a 'java/io/FileNotFoundException'{0x000000061a914090}> (0x000000061a914090) thrown at [./src/hotspot/share/prims/jni.cpp, line 617]
Event: 8.614 Thread 0x000001dccf5bc800 Exception <a 'sun/nio/fs/WindowsException'{0x000000061a769d80}> (0x000000061a769d80) thrown at [./src/hotspot/share/prims/jni.cpp, line 617]
Event: 8.654 Thread 0x000001dccf5bc800 Exception <a 'java/io/FileNotFoundException'{0x00000006205d6f50}> (0x00000006205d6f50) thrown at [./src/hotspot/share/prims/jni.cpp, line 617]
Event: 8.681 Thread 0x000001dc9df3b000 Exception <a 'java/lang/NoSuchMethodError'{0x000000061fd77820}: 'java.lang.Object java.lang.invoke.Invokers$Holder.linkToTargetMethod(java.lang.Object, int, java.lang.Object, int, java.lang.Object, java.lang.Object)'> (0x000000061fd77820) thrown at [./src/hotspot/share/interpreter/linkResolver.cpp, line 773]
Event: 8.699 Thread 0x000001dc9df3b000 Exception <a 'sun/nio/fs/WindowsException'{0x000000061fbe20c0}> (0x000000061fbe20c0) thrown at [./src/hotspot/share/prims/jni.cpp, line 617]
Event: 8.724 Thread 0x000001dc9df3b000 Exception <a 'java/lang/NoSuchMethodError'{0x000000061f94bac8}: 'void java.lang.invoke.DirectMethodHandle$Holder.invokeStaticInit(java.lang.Object)'> (0x000000061f94bac8) thrown at [./src/hotspot/share/interpreter/linkResolver.cpp, line 773]
Event: 8.729 Thread 0x000001dc9df3b000 Exception <a 'java/lang/NoSuchMethodError'{0x000000061f9959f8}: 'void java.lang.invoke.DirectMethodHandle$Holder.invokeStatic(java.lang.Object, java.lang.Object, int)'> (0x000000061f9959f8) thrown at [./src/hotspot/share/interpreter/linkResolver.cpp, line 773]
Event: 8.729 Thread 0x000001dc9df3b000 Exception <a 'java/lang/NoSuchMethodError'{0x000000061f998e00}: 'void java.lang.invoke.DirectMethodHandle$Holder.invokeStaticInit(java.lang.Object, java.lang.Object, int)'> (0x000000061f998e00) thrown at [./src/hotspot/share/interpreter/linkResolver.cpp, line 773]
Event: 8.795 Thread 0x000001dc9df3b000 Exception <a 'java/io/FileNotFoundException'{0x000000061f569058}> (0x000000061f569058) thrown at [./src/hotspot/share/prims/jni.cpp, line 617]
Event: 8.812 Thread 0x000001dc9df3b000 Exception <a 'java/io/FileNotFoundException'{0x000000061f2847a0}> (0x000000061f2847a0) thrown at [./src/hotspot/share/prims/jni.cpp, line 617]
Event: 8.812 Thread 0x000001dc9df3b000 Exception <a 'java/io/FileNotFoundException'{0x000000061f286918}> (0x000000061f286918) thrown at [./src/hotspot/share/prims/jni.cpp, line 617]
Event: 8.812 Thread 0x000001dc9df3b000 Exception <a 'java/lang/NoSuchMethodError'{0x000000061f288320}: 'int java.lang.invoke.DirectMethodHandle$Holder.invokeInterface(java.lang.Object, java.lang.Object)'> (0x000000061f288320) thrown at [./src/hotspot/share/interpreter/linkResolver.cpp, line 773]
Event: 8.845 Thread 0x000001dc9df3b000 Exception <a 'java/io/FileNotFoundException'{0x000000061f3e0630}> (0x000000061f3e0630) thrown at [./src/hotspot/share/prims/jni.cpp, line 617]
Event: 8.845 Thread 0x000001dc9df3b000 Exception <a 'java/io/FileNotFoundException'{0x000000061f3e1ff8}> (0x000000061f3e1ff8) thrown at [./src/hotspot/share/prims/jni.cpp, line 617]
Event: 9.207 Thread 0x000001dc9df3b000 Exception <a 'sun/nio/fs/WindowsException'{0x000000061aadc698}> (0x000000061aadc698) thrown at [./src/hotspot/share/prims/jni.cpp, line 617]
Event: 9.236 Thread 0x000001dc9df3b000 Exception <a 'java/lang/ClassNotFoundException'{0x000000061a894548}: com/sun/org/apache/xml/internal/serializer/spi/XMLEntitiesProvider> (0x000000061a894548) thrown at [./src/hotspot/share/classfile/systemDictionary.cpp, line 230]

Events (20 events):
Event: 9.268 loading class com/sun/org/apache/xml/internal/serializer/NamespaceMappings$MappingRecord
Event: 9.268 loading class com/sun/org/apache/xml/internal/serializer/NamespaceMappings$MappingRecord done
Event: 9.268 loading class com/sun/org/apache/xml/internal/serializer/WriterToUTF8Buffered
Event: 9.268 loading class com/sun/org/apache/xml/internal/serializer/WriterChain
Event: 9.268 loading class com/sun/org/apache/xml/internal/serializer/WriterChain done
Event: 9.268 loading class com/sun/org/apache/xml/internal/serializer/WriterToUTF8Buffered done
Event: 9.268 loading class javax/xml/transform/stream/StreamSource
Event: 9.268 loading class javax/xml/transform/stream/StreamSource done
Event: 9.268 loading class javax/xml/transform/sax/SAXSource
Event: 9.268 loading class javax/xml/transform/sax/SAXSource done
Event: 9.268 loading class javax/xml/transform/stax/StAXSource
Event: 9.268 loading class javax/xml/transform/stax/StAXSource done
Event: 9.268 loading class com/sun/org/apache/xalan/internal/xsltc/trax/DOM2TO
Event: 9.268 loading class com/sun/org/apache/xalan/internal/xsltc/trax/DOM2TO done
Event: 9.268 Executing VM operation: Deoptimize
Event: 9.269 Executing VM operation: Deoptimize done
Event: 9.270 loading class java/lang/invoke/BoundMethodHandle$Species_LLLLLLLIIL
Event: 9.270 loading class java/lang/invoke/BoundMethodHandle$Species_LLLLLLLIIL done
Event: 9.273 loading class com/sun/org/apache/xml/internal/serializer/WriterToASCI
Event: 9.273 loading class com/sun/org/apache/xml/internal/serializer/WriterToASCI done


Dynamic libraries:
0x00007ff7e43e0000 - 0x00007ff7e441c000 	C:\Program Files\STMicroelectronics\STM32Cube\STM32CubeMX\third_parties_plugins\binaries\STM32CubeIDE-MX-services\revA\win32\win32\x86_64\eclipsec.exe
0x00007ffb23fb0000 - 0x00007ffb241a8000 	C:\WINDOWS\SYSTEM32\ntdll.dll
0x00007ffb22c60000 - 0x00007ffb22d1f000 	C:\WINDOWS\System32\KERNEL32.DLL
0x00007ffb21930000 - 0x00007ffb21c02000 	C:\WINDOWS\System32\KERNELBASE.dll
0x00007ffb1e900000 - 0x00007ffb1e990000 	C:\WINDOWS\SYSTEM32\apphelp.dll
0x00007ffb22a20000 - 0x00007ffb22bc1000 	C:\WINDOWS\System32\USER32.dll
0x00007ffb218d0000 - 0x00007ffb218f2000 	C:\WINDOWS\System32\win32u.dll
0x00007ffb23960000 - 0x00007ffb2398b000 	C:\WINDOWS\System32\GDI32.dll
0x00007ffb21e60000 - 0x00007ffb21f6f000 	C:\WINDOWS\System32\gdi32full.dll
0x00007ffb21dc0000 - 0x00007ffb21e5d000 	C:\WINDOWS\System32\msvcp_win.dll
0x00007ffb21720000 - 0x00007ffb21820000 	C:\WINDOWS\System32\ucrtbase.dll
0x00007ffb01cd0000 - 0x00007ffb01d80000 	C:\WINDOWS\WinSxS\amd64_microsoft.windows.common-controls_6595b64144ccf1df_5.82.19041.1110_none_792d1c772443f647\COMCTL32.dll
0x00007ffb238b0000 - 0x00007ffb2395e000 	C:\WINDOWS\System32\ADVAPI32.dll
0x00007ffb23c20000 - 0x00007ffb23cbe000 	C:\WINDOWS\System32\msvcrt.dll
0x00007ffb23810000 - 0x00007ffb238ac000 	C:\WINDOWS\System32\sechost.dll
0x00007ffb22000000 - 0x00007ffb22124000 	C:\WINDOWS\System32\RPCRT4.dll
0x00007ffb23f40000 - 0x00007ffb23f70000 	C:\WINDOWS\System32\IMM32.DLL
0x00007ffad1970000 - 0x00007ffad19ae000 	C:\Program Files\STMicroelectronics\STM32Cube\STM32CubeMX\third_parties_plugins\binaries\STM32CubeIDE-MX-services\revA\pool\plugins\org.eclipse.equinox.launcher.win32.win32.x86_64_1.2.400.v20211117-0650\eclipse_11602.dll
0x00007ffb228f0000 - 0x00007ffb22a1a000 	C:\WINDOWS\System32\ole32.dll
0x00007ffb234b0000 - 0x00007ffb23805000 	C:\WINDOWS\System32\combase.dll
0x00007ffb1b580000 - 0x00007ffb1b58a000 	C:\WINDOWS\SYSTEM32\VERSION.dll
0x00007ffa816f0000 - 0x00007ffa82272000 	C:\Program Files\STMicroelectronics\STM32Cube\STM32CubeMX\jre\bin\server\jvm.dll
0x00007ffb22bd0000 - 0x00007ffb22bd8000 	C:\WINDOWS\System32\PSAPI.DLL
0x00007ffb1a540000 - 0x00007ffb1a549000 	C:\WINDOWS\SYSTEM32\WSOCK32.dll
0x00007ffb1a900000 - 0x00007ffb1a927000 	C:\WINDOWS\SYSTEM32\WINMM.dll
0x00007ffb09d30000 - 0x00007ffb09d4b000 	C:\WINDOWS\SYSTEM32\VCRUNTIME140.dll
0x00007ffb23cc0000 - 0x00007ffb23d2b000 	C:\WINDOWS\System32\WS2_32.dll
0x00007ffb1bfd0000 - 0x00007ffb1bfe0000 	C:\Program Files\STMicroelectronics\STM32Cube\STM32CubeMX\jre\bin\verify.dll
0x00007ffb1fcc0000 - 0x00007ffb1fea4000 	C:\WINDOWS\SYSTEM32\DBGHELP.DLL
0x00007ffb15d70000 - 0x00007ffb15da5000 	C:\WINDOWS\SYSTEM32\dbgcore.DLL
0x00007ffb21f70000 - 0x00007ffb21ff2000 	C:\WINDOWS\System32\bcryptPrimitives.dll
0x00007ffafedb0000 - 0x00007ffafedd8000 	C:\Program Files\STMicroelectronics\STM32Cube\STM32CubeMX\jre\bin\java.dll
0x00007ffb17310000 - 0x00007ffb1731a000 	C:\Program Files\STMicroelectronics\STM32Cube\STM32CubeMX\jre\bin\jimage.dll
0x00007ffafec40000 - 0x00007ffafec58000 	C:\Program Files\STMicroelectronics\STM32Cube\STM32CubeMX\jre\bin\zip.dll
0x00007ffb1fee0000 - 0x00007ffb1fef2000 	C:\WINDOWS\SYSTEM32\kernel.appcore.dll
0x00007ffb22190000 - 0x00007ffb228d5000 	C:\WINDOWS\System32\SHELL32.dll
0x00007ffb1f460000 - 0x00007ffb1fbf2000 	C:\WINDOWS\SYSTEM32\windows.storage.dll
0x00007ffb21030000 - 0x00007ffb21060000 	C:\WINDOWS\SYSTEM32\Wldp.dll
0x00007ffb233e0000 - 0x00007ffb2348d000 	C:\WINDOWS\System32\SHCORE.dll
0x00007ffb22e00000 - 0x00007ffb22e55000 	C:\WINDOWS\System32\shlwapi.dll
0x00007ffb215f0000 - 0x00007ffb2160f000 	C:\WINDOWS\SYSTEM32\profapi.dll
0x00007ffafdf60000 - 0x00007ffafdf79000 	C:\Program Files\STMicroelectronics\STM32Cube\STM32CubeMX\jre\bin\net.dll
0x00007ffb183c0000 - 0x00007ffb184ca000 	C:\WINDOWS\SYSTEM32\WINHTTP.dll
0x00007ffb20e10000 - 0x00007ffb20e7a000 	C:\WINDOWS\system32\mswsock.dll
0x00007ffae8c20000 - 0x00007ffae8c33000 	C:\Program Files\STMicroelectronics\STM32Cube\STM32CubeMX\jre\bin\nio.dll
0x00007ffb21070000 - 0x00007ffb21088000 	C:\WINDOWS\SYSTEM32\CRYPTSP.dll
0x00007ffb206e0000 - 0x00007ffb20714000 	C:\WINDOWS\system32\rsaenh.dll
0x00007ffb21900000 - 0x00007ffb21927000 	C:\WINDOWS\System32\bcrypt.dll
0x00007ffb215b0000 - 0x00007ffb215de000 	C:\WINDOWS\SYSTEM32\USERENV.dll
0x00007ffb20fa0000 - 0x00007ffb20fac000 	C:\WINDOWS\SYSTEM32\CRYPTBASE.dll
0x00007ffb20ad0000 - 0x00007ffb20b0b000 	C:\WINDOWS\SYSTEM32\IPHLPAPI.DLL
0x00007ffb228e0000 - 0x00007ffb228e8000 	C:\WINDOWS\System32\NSI.dll
0x00007ffb1a2a0000 - 0x00007ffb1a2b7000 	C:\WINDOWS\SYSTEM32\dhcpcsvc6.DLL
0x00007ffb1a2c0000 - 0x00007ffb1a2dd000 	C:\WINDOWS\SYSTEM32\dhcpcsvc.DLL
0x00007ffb20b20000 - 0x00007ffb20beb000 	C:\WINDOWS\SYSTEM32\DNSAPI.dll
0x00007ffb1a520000 - 0x00007ffb1a537000 	C:\WINDOWS\system32\napinsp.dll
0x00007ffb1a330000 - 0x00007ffb1a34b000 	C:\WINDOWS\system32\pnrpnsp.dll
0x00007ffb1c730000 - 0x00007ffb1c745000 	C:\WINDOWS\system32\wshbth.dll
0x00007ffb1a310000 - 0x00007ffb1a32d000 	C:\WINDOWS\system32\NLAapi.dll
0x00007ffb1a2f0000 - 0x00007ffb1a302000 	C:\WINDOWS\System32\winrnr.dll
0x000000006ddc0000 - 0x000000006dde6000 	C:\Program Files\Bonjour\mdnsNSP.dll
0x00007ffb1a5d0000 - 0x00007ffb1a5da000 	C:\Windows\System32\rasadhlp.dll
0x00007ffb1a220000 - 0x00007ffb1a2a0000 	C:\WINDOWS\System32\fwpuclnt.dll
0x00007ffaff250000 - 0x00007ffaff257000 	C:\Program Files\STMicroelectronics\STM32Cube\STM32CubeMX\jre\bin\rmi.dll

dbghelp: loaded successfully - version: 4.0.5 - missing functions: none
symbol engine: initialized successfully - sym options: 0x614 - pdb path: .;C:\Program Files\STMicroelectronics\STM32Cube\STM32CubeMX\third_parties_plugins\binaries\STM32CubeIDE-MX-services\revA\win32\win32\x86_64;C:\WINDOWS\SYSTEM32;C:\WINDOWS\WinSxS\amd64_microsoft.windows.common-controls_6595b64144ccf1df_5.82.19041.1110_none_792d1c772443f647;C:\Program Files\STMicroelectronics\STM32Cube\STM32CubeMX\third_parties_plugins\binaries\STM32CubeIDE-MX-services\revA\pool\plugins\org.eclipse.equinox.launcher.win32.win32.x86_64_1.2.400.v20211117-0650;C:\Program Files\STMicroelectronics\STM32Cube\STM32CubeMX\jre\bin\server;C:\Program Files\STMicroelectronics\STM32Cube\STM32CubeMX\jre\bin;C:\Program Files\Bonjour

VM Arguments:
java_command: <unknown>
java_class_path (initial): C:\Program Files\STMicroelectronics\STM32Cube\STM32CubeMX\third_parties_plugins\binaries\STM32CubeIDE-MX-services\revA\win32\win32\x86_64\\../../../pool/plugins/org.eclipse.equinox.launcher_1.6.400.v20210924-0641.jar
Launcher Type: generic

[Global flags]
     intx CICompilerCount                          = 4                                         {product} {ergonomic}
     uint ConcGCThreads                            = 2                                         {product} {ergonomic}
     uint G1ConcRefinementThreads                  = 8                                         {product} {ergonomic}
   size_t G1HeapRegionSize                         = 2097152                                   {product} {ergonomic}
    uintx GCDrainStackTargetSize                   = 64                                        {product} {ergonomic}
   size_t InitialHeapSize                          = 536870912                                 {product} {ergonomic}
   size_t MarkStackSize                            = 4194304                                   {product} {ergonomic}
   size_t MaxHeapSize                              = 8568963072                                {product} {ergonomic}
   size_t MaxNewSize                               = 5140119552                                {product} {ergonomic}
   size_t MinHeapDeltaBytes                        = 2097152                                   {product} {ergonomic}
    uintx NonNMethodCodeHeapSize                   = 5836300                                {pd product} {ergonomic}
    uintx NonProfiledCodeHeapSize                  = 122910970                              {pd product} {ergonomic}
    uintx ProfiledCodeHeapSize                     = 122910970                              {pd product} {ergonomic}
    uintx ReservedCodeCacheSize                    = 251658240                              {pd product} {ergonomic}
     bool SegmentedCodeCache                       = true                                      {product} {ergonomic}
     bool UseCompressedClassPointers               = true                                 {lp64_product} {ergonomic}
     bool UseCompressedOops                        = true                                 {lp64_product} {ergonomic}
     bool UseG1GC                                  = true                                      {product} {ergonomic}
     bool UseLargePagesIndividualAllocation        = false                                  {pd product} {ergonomic}

Logging:
Log output configuration:
 #0: stdout all=warning uptime,level,tags
 #1: stderr all=off uptime,level,tags

Environment Variables:
JAVA_HOME=C:\Program Files (x86)\Java\jdk1.8.0_261\jdk-15
PATH=C:\Program Files\STMicroelectronics\STM32Cube\STM32CubeMX\;C:\Program Files\NVIDIA GPU Computing Toolkit\CUDA\v11.8\bin;C:\Program Files\NVIDIA GPU Computing Toolkit\CUDA\v11.8\libnvvp;C:\Program Files (x86)\NVIDIA Corporation\PhysX\Common;C:\Python39\Scripts\;C:\Python39\;C:\Program Files\Common Files\Oracle\Java\javapath;C:\Program Files (x86)\Common Files\Oracle\Java\javapath;C:\Windows\system32;C:\Windows;C:\Windows\System32\Wbem;C:\Windows\System32\WindowsPowerShell\v1.0\;C:\Windows\System32\OpenSSH\;C:\WINDOWS\system32;C:\WINDOWS;C:\WINDOWS\System32\Wbem;C:\WINDOWS\System32\WindowsPowerShell\v1.0\;C:\WINDOWS\System32\OpenSSH\;C:\Program Files\Microsoft SQL Server\Client SDK\ODBC\110\Tools\Binn\;C:\Program Files (x86)\Microsoft SQL Server\120\Tools\Binn\;C:\Program Files\Microsoft SQL Server\120\Tools\Binn\;C:\Program Files\Microsoft SQL Server\120\DTS\Binn\;C:\Program Files (x86)\Windows Kits\8.1\Windows Performance Toolkit\;C:\Program Files\dotnet\;C:\Program Files\Git\cmd;C:\Program Files\nodejs\;C:\ProgramData\chocolatey\bin;C:\Program Files (x86)\Yarn\bin\;C:\Program Files (x86)\dotnet\;C:\Program Files (x86)\Pulse Secure\VC142.CRT\X64\;C:\Program Files (x86)\Pulse Secure\VC142.CRT\X86\;C:\Program Files\NVIDIA Corporation\NVIDIA NvDLISR;C:\Program Files\wooting-analog-sdk\;C:\Program Files\MATLAB\R2022a\runtime\win64;C:\Program Files\MATLAB\R2022a\bin;C:\Program Files\NVIDIA Corporation\Nsight Compute 2022.3.0\;C:\Program Files\Calibre2\;C:\Program Files\Docker\Docker\resources\bin;C:\Program Files (x86)\STMicroelectronics\STM32 ST-LINK Utility\ST-LINK Utility;C:\Program Files\PowerShell\7\;C:\Users\Ya\AppData\Local\Programs\Python\Python310\Scripts\;C:\Users\Ya\AppData\Local\Programs\Python\Python310\;C:\Users\Ya\AppData\Local\Programs\Python\Python39\Scripts\;C:\Users\Ya\AppData\Local\Programs\Python\Python39\;C:\Users\Ya\AppData\Local\Programs\Python\Python38\Scripts\;C:\Users\Ya\AppData\Local\Programs\Python\Python38\;C:\Users\Ya\AppData\Local\Micros
USERNAME=Yamaan
OS=Windows_NT
PROCESSOR_IDENTIFIER=Intel64 Family 6 Model 158 Stepping 12, GenuineIntel
TMP=C:\Users\Ya\AppData\Local\Temp
TEMP=C:\Users\Ya\AppData\Local\Temp



---------------  S Y S T E M  ---------------

OS: Windows 10 , 64 bit Build 19041 (10.0.19041.2546)
OS uptime: 11 days 2:14 hours
Hyper-V role detected

CPU:total 8 (initial active 8) (8 cores per cpu, 1 threads per core) family 6 model 158 stepping 12 microcode 0xd6, cmov, cx8, fxsr, mmx, sse, sse2, sse3, ssse3, sse4.1, sse4.2, popcnt, avx, avx2, aes, clmul, erms, rtm, 3dnowpref, lzcnt, tsc, tscinvbit, bmi1, bmi2, adx, fma

Memory: 4k page, system-wide physical 32683M (12237M free)
TotalPageFile size 37664M (AvailPageFile size 15M)
current process WorkingSet (physical memory assigned to process): 307M, peak: 315M
current process commit charge ("private bytes"): 720M, peak: 730M

vm_info: OpenJDK 64-Bit Server VM (11.0.16+8) for windows-amd64 JRE (11.0.16+8), built on Jul 20 2022 07:15:32 by "" with MS VC++ 15.9 (VS2017)

END.
