#
# There is insufficient memory for the Java Runtime Environment to continue.
# Native memory allocation (malloc) failed to allocate 1654736 bytes for Chunk::new
# Possible reasons:
#   The system is out of physical RAM or swap space
#   The process is running with CompressedOops enabled, and the Java Heap may be blocking the growth of the native heap
# Possible solutions:
#   Reduce memory load on the system
#   Increase physical memory or swap space
#   Check if swap backing store is full
#   Decrease Java heap size (-Xmx/-Xms)
#   Decrease number of Java threads
#   Decrease Java thread stack sizes (-Xss)
#   Set larger code cache with -XX:ReservedCodeCacheSize=
#   JVM is running with Zero Based Compressed Oops mode in which the Java heap is
#     placed in the first 32GB address space. The Java Heap base address is the
#     maximum limit for the native heap growth. Please use -XX:HeapBaseMinAddress
#     to set the Java Heap base and to place the Java Heap above 32GB virtual address.
# This output file may be truncated or incomplete.
#
#  Out of Memory Error (./src/hotspot/share/memory/arena.cpp:197), pid=35548, tid=25740
#
# JRE version: OpenJDK Runtime Environment Temurin-11.0.17+8 (11.0.17+8) (build 11.0.17+8)
# Java VM: OpenJDK 64-Bit Server VM Temurin-11.0.17+8 (11.0.17+8, mixed mode, tiered, compressed oops, g1 gc, windows-amd64)
# No core dump will be written. Minidumps are not enabled by default on client versions of Windows
#

---------------  S U M M A R Y ------------

Command Line: -Djavax.net.ssl.trustStoreType=WINDOWS-ROOT com.st.microxplorer.maingui.STM32CubeMX C:\Users\Ya\STM32CubeIDE\workspace_1.11.2\STM32_TempBoard_Test_Code\STM32_TempBoard_Test_Code.ioc

Host: Intel(R) Core(TM) i7-9700K CPU @ 3.60GHz, 8 cores, 31G,  Windows 10 , 64 bit Build 19041 (10.0.19041.2546)
Time: Fri Apr  7 11:41:37 2023 Eastern Daylight Time elapsed time: 7.879369 seconds (0d 0h 0m 7s)

---------------  T H R E A D  ---------------

Current thread (0x00000225723ad000):  JavaThread "C2 CompilerThread1" daemon [_thread_in_native, id=25740, stack(0x0000009e7b3c0000,0x0000009e7b4c0000)]


Current CompileTask:
C2:   7879 3526       4       java.lang.invoke.InvokerBytecodeGenerator::emitStaticInvoke (258 bytes)

Stack: [0x0000009e7b3c0000,0x0000009e7b4c0000]
Native frames: (J=compiled Java code, j=interpreted, Vv=VM code, C=native code)
V  [jvm.dll+0x61f5ba]
V  [jvm.dll+0x7abf79]
V  [jvm.dll+0x7ad668]
V  [jvm.dll+0x7add43]
V  [jvm.dll+0x24fd88]
V  [jvm.dll+0xc262c]
V  [jvm.dll+0xc2bec]
V  [jvm.dll+0x359f42]
V  [jvm.dll+0x19eaa1]
V  [jvm.dll+0x209135]
V  [jvm.dll+0x20815d]
V  [jvm.dll+0x18a3b1]
V  [jvm.dll+0x217a34]
V  [jvm.dll+0x215c7b]
V  [jvm.dll+0x76ea70]
V  [jvm.dll+0x7679a4]
V  [jvm.dll+0x61e425]
C  [ucrtbase.dll+0x21bb2]
C  [KERNEL32.DLL+0x17614]
C  [ntdll.dll+0x526a1]


---------------  P R O C E S S  ---------------

Threads class SMR info:
_java_thread_list=0x000002256f209ca0, length=22, elements={
0x0000022565d03000, 0x0000022565cd0800, 0x0000022565d64800, 0x0000022565d66800,
0x0000022565d0e800, 0x0000022565d15800, 0x0000022565d16800, 0x0000022565d72800,
0x0000022565ee2000, 0x0000022567517000, 0x0000022566685800, 0x000002256677c800,
0x00000225717f7000, 0x00000225683db000, 0x00000225683dc000, 0x00000225376bb000,
0x00000225723ad000, 0x0000022571d88000, 0x000002257165b800, 0x00000225720d9000,
0x00000225678d6000, 0x00000225730fb800
}

Java Threads: ( => current thread )
  0x0000022565d03000 JavaThread "Reference Handler" daemon [_thread_blocked, id=38804, stack(0x0000009e79900000,0x0000009e79a00000)]
  0x0000022565cd0800 JavaThread "Finalizer" daemon [_thread_blocked, id=20520, stack(0x0000009e79a00000,0x0000009e79b00000)]
  0x0000022565d64800 JavaThread "Signal Dispatcher" daemon [_thread_blocked, id=7036, stack(0x0000009e79b00000,0x0000009e79c00000)]
  0x0000022565d66800 JavaThread "Attach Listener" daemon [_thread_blocked, id=17788, stack(0x0000009e79c00000,0x0000009e79d00000)]
  0x0000022565d0e800 JavaThread "Service Thread" daemon [_thread_blocked, id=39420, stack(0x0000009e79d00000,0x0000009e79e00000)]
  0x0000022565d15800 JavaThread "C2 CompilerThread0" daemon [_thread_blocked, id=23176, stack(0x0000009e79e00000,0x0000009e79f00000)]
  0x0000022565d16800 JavaThread "C1 CompilerThread0" daemon [_thread_in_vm, id=31472, stack(0x0000009e79f00000,0x0000009e7a000000)]
  0x0000022565d72800 JavaThread "Sweeper thread" daemon [_thread_blocked, id=4344, stack(0x0000009e7a000000,0x0000009e7a100000)]
  0x0000022565ee2000 JavaThread "Common-Cleaner" daemon [_thread_blocked, id=21848, stack(0x0000009e7a200000,0x0000009e7a300000)]
  0x0000022567517000 JavaThread "Java2D Disposer" daemon [_thread_blocked, id=20456, stack(0x0000009e7a300000,0x0000009e7a400000)]
  0x0000022566685800 JavaThread "AWT-Shutdown" [_thread_blocked, id=45596, stack(0x0000009e7ac00000,0x0000009e7ad00000)]
  0x000002256677c800 JavaThread "AWT-Windows" daemon [_thread_in_native, id=10432, stack(0x0000009e7ad00000,0x0000009e7ae00000)]
  0x00000225717f7000 JavaThread "AWT-EventQueue-0" [_thread_in_Java, id=2732, stack(0x0000009e7b0c0000,0x0000009e7b1c0000)]
  0x00000225683db000 JavaThread "SplashThread" [_thread_blocked, id=35848, stack(0x0000009e7b1c0000,0x0000009e7b2c0000)]
  0x00000225683dc000 JavaThread "D3D Screen Updater" daemon [_thread_blocked, id=25336, stack(0x0000009e7b2c0000,0x0000009e7b3c0000)]
  0x00000225376bb000 JavaThread "DestroyJavaVM" [_thread_blocked, id=31580, stack(0x0000009e79200000,0x0000009e79300000)]
=>0x00000225723ad000 JavaThread "C2 CompilerThread1" daemon [_thread_in_native, id=25740, stack(0x0000009e7b3c0000,0x0000009e7b4c0000)]
  0x0000022571d88000 JavaThread "Thread-0" [_thread_blocked, id=37144, stack(0x0000009e7b4d0000,0x0000009e7b5d0000)]
  0x000002257165b800 JavaThread "Image Fetcher 0" daemon [_thread_blocked, id=25932, stack(0x0000009e7b5d0000,0x0000009e7b6d0000)]
  0x00000225720d9000 JavaThread "C2 CompilerThread2" daemon [_thread_blocked, id=16536, stack(0x0000009e7b6d0000,0x0000009e7b7d0000)]
  0x00000225678d6000 JavaThread "thirdparty-integrity-check" [_thread_blocked, id=41392, stack(0x0000009e7b7d0000,0x0000009e7b8d0000)]
  0x00000225730fb800 JavaThread "Image Fetcher 1" daemon [_thread_blocked, id=11928, stack(0x0000009e7b8d0000,0x0000009e7b9d0000)]

Other Threads:
  0x0000022565ccf800 VMThread "VM Thread" [stack: 0x0000009e79800000,0x0000009e79900000] [id=43532]
  0x0000022565edd800 WatcherThread [stack: 0x0000009e7a100000,0x0000009e7a200000] [id=14752]
  0x00000225376d4000 GCTaskThread "GC Thread#0" [stack: 0x0000009e79300000,0x0000009e79400000] [id=43248]
  0x0000022567b1f000 GCTaskThread "GC Thread#1" [stack: 0x0000009e7a500000,0x0000009e7a600000] [id=1744]
  0x00000225675de800 GCTaskThread "GC Thread#2" [stack: 0x0000009e7a600000,0x0000009e7a700000] [id=4656]
  0x0000022566531800 GCTaskThread "GC Thread#3" [stack: 0x0000009e7a700000,0x0000009e7a800000] [id=20232]
  0x00000225676b9000 GCTaskThread "GC Thread#4" [stack: 0x0000009e7a800000,0x0000009e7a900000] [id=31524]
  0x00000225676ba000 GCTaskThread "GC Thread#5" [stack: 0x0000009e7a900000,0x0000009e7aa00000] [id=46828]
  0x00000225677e2000 GCTaskThread "GC Thread#6" [stack: 0x0000009e7aa00000,0x0000009e7ab00000] [id=38284]
  0x00000225677e2800 GCTaskThread "GC Thread#7" [stack: 0x0000009e7ab00000,0x0000009e7ac00000] [id=46256]
  0x0000022537752000 ConcurrentGCThread "G1 Main Marker" [stack: 0x0000009e79400000,0x0000009e79500000] [id=46104]
  0x0000022537754800 ConcurrentGCThread "G1 Conc#0" [stack: 0x0000009e79500000,0x0000009e79600000] [id=43528]
  0x0000022565eed800 ConcurrentGCThread "G1 Conc#1" [stack: 0x0000009e7a400000,0x0000009e7a500000] [id=41948]
  0x0000022565326800 ConcurrentGCThread "G1 Refine#0" [stack: 0x0000009e79600000,0x0000009e79700000] [id=45024]
  0x0000022565327800 ConcurrentGCThread "G1 Young RemSet Sampling" [stack: 0x0000009e79700000,0x0000009e79800000] [id=4188]

Threads with active compile tasks:
C2 CompilerThread1     7903 3526       4       java.lang.invoke.InvokerBytecodeGenerator::emitStaticInvoke (258 bytes)

VM state:not at safepoint (normal execution)

VM Mutex/Monitor currently owned by a thread: None

Heap address: 0x0000000601400000, size: 8172 MB, Compressed Oops mode: Zero based, Oop shift amount: 3
Narrow klass base: 0x0000000800000000, Narrow klass shift: 0
Compressed class space size: 1073741824 Address: 0x0000000800000000

Heap:
 garbage-first heap   total 524288K, used 68178K [0x0000000601400000, 0x0000000800000000)
  region size 2048K, 29 young (59392K), 1 survivors (2048K)
 Metaspace       used 48755K, capacity 50566K, committed 50640K, reserved 1093632K
  class space    used 5321K, capacity 6015K, committed 6016K, reserved 1048576K
Heap Regions: E=young(eden), S=young(survivor), O=old, HS=humongous(starts), HC=humongous(continues), CS=collection set, F=free, A=archive, TAMS=top-at-mark-start (previous, next)
|   0|0x0000000601400000, 0x0000000601600000, 0x0000000601600000|100%|HS|  |TAMS 0x0000000601600000, 0x0000000601400000| Complete 
|   1|0x0000000601600000, 0x0000000601800000, 0x0000000601800000|100%|HC|  |TAMS 0x0000000601800000, 0x0000000601600000| Complete 
|   2|0x0000000601800000, 0x0000000601a00000, 0x0000000601a00000|100%| O|  |TAMS 0x0000000601a00000, 0x0000000601800000| Untracked 
|   3|0x0000000601a00000, 0x0000000601c00000, 0x0000000601c00000|100%| O|  |TAMS 0x0000000601c00000, 0x0000000601a00000| Untracked 
|   4|0x0000000601c00000, 0x0000000601e00000, 0x0000000601e00000|100%| O|  |TAMS 0x0000000601e00000, 0x0000000601c00000| Untracked 
|   5|0x0000000601e00000, 0x0000000602000000, 0x0000000602000000|100%| O|  |TAMS 0x0000000602000000, 0x0000000601e00000| Untracked 
|   6|0x0000000602000000, 0x00000006021edc00, 0x0000000602200000| 96%| O|  |TAMS 0x00000006021edc00, 0x0000000602000000| Untracked 
|   7|0x0000000602200000, 0x0000000602200000, 0x0000000602400000|  0%| F|  |TAMS 0x0000000602200000, 0x0000000602200000| Untracked 
|   8|0x0000000602400000, 0x0000000602400000, 0x0000000602600000|  0%| F|  |TAMS 0x0000000602400000, 0x0000000602400000| Untracked 
|   9|0x0000000602600000, 0x0000000602600000, 0x0000000602800000|  0%| F|  |TAMS 0x0000000602600000, 0x0000000602600000| Untracked 
|  10|0x0000000602800000, 0x0000000602800000, 0x0000000602a00000|  0%| F|  |TAMS 0x0000000602800000, 0x0000000602800000| Untracked 
|  11|0x0000000602a00000, 0x0000000602a00000, 0x0000000602c00000|  0%| F|  |TAMS 0x0000000602a00000, 0x0000000602a00000| Untracked 
|  12|0x0000000602c00000, 0x0000000602c00000, 0x0000000602e00000|  0%| F|  |TAMS 0x0000000602c00000, 0x0000000602c00000| Untracked 
|  13|0x0000000602e00000, 0x0000000602e00000, 0x0000000603000000|  0%| F|  |TAMS 0x0000000602e00000, 0x0000000602e00000| Untracked 
|  14|0x0000000603000000, 0x0000000603000000, 0x0000000603200000|  0%| F|  |TAMS 0x0000000603000000, 0x0000000603000000| Untracked 
|  15|0x0000000603200000, 0x0000000603200000, 0x0000000603400000|  0%| F|  |TAMS 0x0000000603200000, 0x0000000603200000| Untracked 
|  16|0x0000000603400000, 0x0000000603400000, 0x0000000603600000|  0%| F|  |TAMS 0x0000000603400000, 0x0000000603400000| Untracked 
|  17|0x0000000603600000, 0x0000000603600000, 0x0000000603800000|  0%| F|  |TAMS 0x0000000603600000, 0x0000000603600000| Untracked 
|  18|0x0000000603800000, 0x0000000603800000, 0x0000000603a00000|  0%| F|  |TAMS 0x0000000603800000, 0x0000000603800000| Untracked 
|  19|0x0000000603a00000, 0x0000000603a00000, 0x0000000603c00000|  0%| F|  |TAMS 0x0000000603a00000, 0x0000000603a00000| Untracked 
|  20|0x0000000603c00000, 0x0000000603c00000, 0x0000000603e00000|  0%| F|  |TAMS 0x0000000603c00000, 0x0000000603c00000| Untracked 
|  21|0x0000000603e00000, 0x0000000603e00000, 0x0000000604000000|  0%| F|  |TAMS 0x0000000603e00000, 0x0000000603e00000| Untracked 
|  22|0x0000000604000000, 0x0000000604000000, 0x0000000604200000|  0%| F|  |TAMS 0x0000000604000000, 0x0000000604000000| Untracked 
|  23|0x0000000604200000, 0x0000000604200000, 0x0000000604400000|  0%| F|  |TAMS 0x0000000604200000, 0x0000000604200000| Untracked 
|  24|0x0000000604400000, 0x0000000604400000, 0x0000000604600000|  0%| F|  |TAMS 0x0000000604400000, 0x0000000604400000| Untracked 
|  25|0x0000000604600000, 0x0000000604600000, 0x0000000604800000|  0%| F|  |TAMS 0x0000000604600000, 0x0000000604600000| Untracked 
|  26|0x0000000604800000, 0x0000000604800000, 0x0000000604a00000|  0%| F|  |TAMS 0x0000000604800000, 0x0000000604800000| Untracked 
|  27|0x0000000604a00000, 0x0000000604a00000, 0x0000000604c00000|  0%| F|  |TAMS 0x0000000604a00000, 0x0000000604a00000| Untracked 
|  28|0x0000000604c00000, 0x0000000604c00000, 0x0000000604e00000|  0%| F|  |TAMS 0x0000000604c00000, 0x0000000604c00000| Untracked 
|  29|0x0000000604e00000, 0x0000000604e00000, 0x0000000605000000|  0%| F|  |TAMS 0x0000000604e00000, 0x0000000604e00000| Untracked 
|  30|0x0000000605000000, 0x0000000605000000, 0x0000000605200000|  0%| F|  |TAMS 0x0000000605000000, 0x0000000605000000| Untracked 
|  31|0x0000000605200000, 0x0000000605200000, 0x0000000605400000|  0%| F|  |TAMS 0x0000000605200000, 0x0000000605200000| Untracked 
|  32|0x0000000605400000, 0x0000000605400000, 0x0000000605600000|  0%| F|  |TAMS 0x0000000605400000, 0x0000000605400000| Untracked 
|  33|0x0000000605600000, 0x0000000605600000, 0x0000000605800000|  0%| F|  |TAMS 0x0000000605600000, 0x0000000605600000| Untracked 
|  34|0x0000000605800000, 0x0000000605800000, 0x0000000605a00000|  0%| F|  |TAMS 0x0000000605800000, 0x0000000605800000| Untracked 
|  35|0x0000000605a00000, 0x0000000605a00000, 0x0000000605c00000|  0%| F|  |TAMS 0x0000000605a00000, 0x0000000605a00000| Untracked 
|  36|0x0000000605c00000, 0x0000000605c00000, 0x0000000605e00000|  0%| F|  |TAMS 0x0000000605c00000, 0x0000000605c00000| Untracked 
|  37|0x0000000605e00000, 0x0000000605e00000, 0x0000000606000000|  0%| F|  |TAMS 0x0000000605e00000, 0x0000000605e00000| Untracked 
|  38|0x0000000606000000, 0x0000000606000000, 0x0000000606200000|  0%| F|  |TAMS 0x0000000606000000, 0x0000000606000000| Untracked 
|  39|0x0000000606200000, 0x0000000606200000, 0x0000000606400000|  0%| F|  |TAMS 0x0000000606200000, 0x0000000606200000| Untracked 
|  40|0x0000000606400000, 0x0000000606400000, 0x0000000606600000|  0%| F|  |TAMS 0x0000000606400000, 0x0000000606400000| Untracked 
|  41|0x0000000606600000, 0x0000000606600000, 0x0000000606800000|  0%| F|  |TAMS 0x0000000606600000, 0x0000000606600000| Untracked 
|  42|0x0000000606800000, 0x0000000606800000, 0x0000000606a00000|  0%| F|  |TAMS 0x0000000606800000, 0x0000000606800000| Untracked 
|  43|0x0000000606a00000, 0x0000000606a00000, 0x0000000606c00000|  0%| F|  |TAMS 0x0000000606a00000, 0x0000000606a00000| Untracked 
|  44|0x0000000606c00000, 0x0000000606c00000, 0x0000000606e00000|  0%| F|  |TAMS 0x0000000606c00000, 0x0000000606c00000| Untracked 
|  45|0x0000000606e00000, 0x0000000606e00000, 0x0000000607000000|  0%| F|  |TAMS 0x0000000606e00000, 0x0000000606e00000| Untracked 
|  46|0x0000000607000000, 0x0000000607000000, 0x0000000607200000|  0%| F|  |TAMS 0x0000000607000000, 0x0000000607000000| Untracked 
|  47|0x0000000607200000, 0x0000000607200000, 0x0000000607400000|  0%| F|  |TAMS 0x0000000607200000, 0x0000000607200000| Untracked 
|  48|0x0000000607400000, 0x0000000607400000, 0x0000000607600000|  0%| F|  |TAMS 0x0000000607400000, 0x0000000607400000| Untracked 
|  49|0x0000000607600000, 0x0000000607600000, 0x0000000607800000|  0%| F|  |TAMS 0x0000000607600000, 0x0000000607600000| Untracked 
|  50|0x0000000607800000, 0x0000000607800000, 0x0000000607a00000|  0%| F|  |TAMS 0x0000000607800000, 0x0000000607800000| Untracked 
|  51|0x0000000607a00000, 0x0000000607a00000, 0x0000000607c00000|  0%| F|  |TAMS 0x0000000607a00000, 0x0000000607a00000| Untracked 
|  52|0x0000000607c00000, 0x0000000607c00000, 0x0000000607e00000|  0%| F|  |TAMS 0x0000000607c00000, 0x0000000607c00000| Untracked 
|  53|0x0000000607e00000, 0x0000000607e00000, 0x0000000608000000|  0%| F|  |TAMS 0x0000000607e00000, 0x0000000607e00000| Untracked 
|  54|0x0000000608000000, 0x0000000608000000, 0x0000000608200000|  0%| F|  |TAMS 0x0000000608000000, 0x0000000608000000| Untracked 
|  55|0x0000000608200000, 0x0000000608200000, 0x0000000608400000|  0%| F|  |TAMS 0x0000000608200000, 0x0000000608200000| Untracked 
|  56|0x0000000608400000, 0x0000000608400000, 0x0000000608600000|  0%| F|  |TAMS 0x0000000608400000, 0x0000000608400000| Untracked 
|  57|0x0000000608600000, 0x0000000608600000, 0x0000000608800000|  0%| F|  |TAMS 0x0000000608600000, 0x0000000608600000| Untracked 
|  58|0x0000000608800000, 0x0000000608800000, 0x0000000608a00000|  0%| F|  |TAMS 0x0000000608800000, 0x0000000608800000| Untracked 
|  59|0x0000000608a00000, 0x0000000608a00000, 0x0000000608c00000|  0%| F|  |TAMS 0x0000000608a00000, 0x0000000608a00000| Untracked 
|  60|0x0000000608c00000, 0x0000000608c00000, 0x0000000608e00000|  0%| F|  |TAMS 0x0000000608c00000, 0x0000000608c00000| Untracked 
|  61|0x0000000608e00000, 0x0000000608e00000, 0x0000000609000000|  0%| F|  |TAMS 0x0000000608e00000, 0x0000000608e00000| Untracked 
|  62|0x0000000609000000, 0x0000000609000000, 0x0000000609200000|  0%| F|  |TAMS 0x0000000609000000, 0x0000000609000000| Untracked 
|  63|0x0000000609200000, 0x0000000609200000, 0x0000000609400000|  0%| F|  |TAMS 0x0000000609200000, 0x0000000609200000| Untracked 
|  64|0x0000000609400000, 0x0000000609400000, 0x0000000609600000|  0%| F|  |TAMS 0x0000000609400000, 0x0000000609400000| Untracked 
|  65|0x0000000609600000, 0x0000000609600000, 0x0000000609800000|  0%| F|  |TAMS 0x0000000609600000, 0x0000000609600000| Untracked 
|  66|0x0000000609800000, 0x0000000609800000, 0x0000000609a00000|  0%| F|  |TAMS 0x0000000609800000, 0x0000000609800000| Untracked 
|  67|0x0000000609a00000, 0x0000000609a00000, 0x0000000609c00000|  0%| F|  |TAMS 0x0000000609a00000, 0x0000000609a00000| Untracked 
|  68|0x0000000609c00000, 0x0000000609c00000, 0x0000000609e00000|  0%| F|  |TAMS 0x0000000609c00000, 0x0000000609c00000| Untracked 
|  69|0x0000000609e00000, 0x0000000609e00000, 0x000000060a000000|  0%| F|  |TAMS 0x0000000609e00000, 0x0000000609e00000| Untracked 
|  70|0x000000060a000000, 0x000000060a000000, 0x000000060a200000|  0%| F|  |TAMS 0x000000060a000000, 0x000000060a000000| Untracked 
|  71|0x000000060a200000, 0x000000060a200000, 0x000000060a400000|  0%| F|  |TAMS 0x000000060a200000, 0x000000060a200000| Untracked 
|  72|0x000000060a400000, 0x000000060a400000, 0x000000060a600000|  0%| F|  |TAMS 0x000000060a400000, 0x000000060a400000| Untracked 
|  73|0x000000060a600000, 0x000000060a600000, 0x000000060a800000|  0%| F|  |TAMS 0x000000060a600000, 0x000000060a600000| Untracked 
|  74|0x000000060a800000, 0x000000060a800000, 0x000000060aa00000|  0%| F|  |TAMS 0x000000060a800000, 0x000000060a800000| Untracked 
|  75|0x000000060aa00000, 0x000000060aa00000, 0x000000060ac00000|  0%| F|  |TAMS 0x000000060aa00000, 0x000000060aa00000| Untracked 
|  76|0x000000060ac00000, 0x000000060ac00000, 0x000000060ae00000|  0%| F|  |TAMS 0x000000060ac00000, 0x000000060ac00000| Untracked 
|  77|0x000000060ae00000, 0x000000060ae00000, 0x000000060b000000|  0%| F|  |TAMS 0x000000060ae00000, 0x000000060ae00000| Untracked 
|  78|0x000000060b000000, 0x000000060b000000, 0x000000060b200000|  0%| F|  |TAMS 0x000000060b000000, 0x000000060b000000| Untracked 
|  79|0x000000060b200000, 0x000000060b200000, 0x000000060b400000|  0%| F|  |TAMS 0x000000060b200000, 0x000000060b200000| Untracked 
|  80|0x000000060b400000, 0x000000060b400000, 0x000000060b600000|  0%| F|  |TAMS 0x000000060b400000, 0x000000060b400000| Untracked 
|  81|0x000000060b600000, 0x000000060b600000, 0x000000060b800000|  0%| F|  |TAMS 0x000000060b600000, 0x000000060b600000| Untracked 
|  82|0x000000060b800000, 0x000000060b800000, 0x000000060ba00000|  0%| F|  |TAMS 0x000000060b800000, 0x000000060b800000| Untracked 
|  83|0x000000060ba00000, 0x000000060ba00000, 0x000000060bc00000|  0%| F|  |TAMS 0x000000060ba00000, 0x000000060ba00000| Untracked 
|  84|0x000000060bc00000, 0x000000060bc00000, 0x000000060be00000|  0%| F|  |TAMS 0x000000060bc00000, 0x000000060bc00000| Untracked 
|  85|0x000000060be00000, 0x000000060be00000, 0x000000060c000000|  0%| F|  |TAMS 0x000000060be00000, 0x000000060be00000| Untracked 
|  86|0x000000060c000000, 0x000000060c000000, 0x000000060c200000|  0%| F|  |TAMS 0x000000060c000000, 0x000000060c000000| Untracked 
|  87|0x000000060c200000, 0x000000060c200000, 0x000000060c400000|  0%| F|  |TAMS 0x000000060c200000, 0x000000060c200000| Untracked 
|  88|0x000000060c400000, 0x000000060c400000, 0x000000060c600000|  0%| F|  |TAMS 0x000000060c400000, 0x000000060c400000| Untracked 
|  89|0x000000060c600000, 0x000000060c600000, 0x000000060c800000|  0%| F|  |TAMS 0x000000060c600000, 0x000000060c600000| Untracked 
|  90|0x000000060c800000, 0x000000060c800000, 0x000000060ca00000|  0%| F|  |TAMS 0x000000060c800000, 0x000000060c800000| Untracked 
|  91|0x000000060ca00000, 0x000000060ca00000, 0x000000060cc00000|  0%| F|  |TAMS 0x000000060ca00000, 0x000000060ca00000| Untracked 
|  92|0x000000060cc00000, 0x000000060cc00000, 0x000000060ce00000|  0%| F|  |TAMS 0x000000060cc00000, 0x000000060cc00000| Untracked 
|  93|0x000000060ce00000, 0x000000060ce00000, 0x000000060d000000|  0%| F|  |TAMS 0x000000060ce00000, 0x000000060ce00000| Untracked 
|  94|0x000000060d000000, 0x000000060d000000, 0x000000060d200000|  0%| F|  |TAMS 0x000000060d000000, 0x000000060d000000| Untracked 
|  95|0x000000060d200000, 0x000000060d200000, 0x000000060d400000|  0%| F|  |TAMS 0x000000060d200000, 0x000000060d200000| Untracked 
|  96|0x000000060d400000, 0x000000060d400000, 0x000000060d600000|  0%| F|  |TAMS 0x000000060d400000, 0x000000060d400000| Untracked 
|  97|0x000000060d600000, 0x000000060d600000, 0x000000060d800000|  0%| F|  |TAMS 0x000000060d600000, 0x000000060d600000| Untracked 
|  98|0x000000060d800000, 0x000000060d800000, 0x000000060da00000|  0%| F|  |TAMS 0x000000060d800000, 0x000000060d800000| Untracked 
|  99|0x000000060da00000, 0x000000060da00000, 0x000000060dc00000|  0%| F|  |TAMS 0x000000060da00000, 0x000000060da00000| Untracked 
| 100|0x000000060dc00000, 0x000000060dc00000, 0x000000060de00000|  0%| F|  |TAMS 0x000000060dc00000, 0x000000060dc00000| Untracked 
| 101|0x000000060de00000, 0x000000060de00000, 0x000000060e000000|  0%| F|  |TAMS 0x000000060de00000, 0x000000060de00000| Untracked 
| 102|0x000000060e000000, 0x000000060e000000, 0x000000060e200000|  0%| F|  |TAMS 0x000000060e000000, 0x000000060e000000| Untracked 
| 103|0x000000060e200000, 0x000000060e200000, 0x000000060e400000|  0%| F|  |TAMS 0x000000060e200000, 0x000000060e200000| Untracked 
| 104|0x000000060e400000, 0x000000060e400000, 0x000000060e600000|  0%| F|  |TAMS 0x000000060e400000, 0x000000060e400000| Untracked 
| 105|0x000000060e600000, 0x000000060e600000, 0x000000060e800000|  0%| F|  |TAMS 0x000000060e600000, 0x000000060e600000| Untracked 
| 106|0x000000060e800000, 0x000000060e800000, 0x000000060ea00000|  0%| F|  |TAMS 0x000000060e800000, 0x000000060e800000| Untracked 
| 107|0x000000060ea00000, 0x000000060ea00000, 0x000000060ec00000|  0%| F|  |TAMS 0x000000060ea00000, 0x000000060ea00000| Untracked 
| 108|0x000000060ec00000, 0x000000060ec00000, 0x000000060ee00000|  0%| F|  |TAMS 0x000000060ec00000, 0x000000060ec00000| Untracked 
| 109|0x000000060ee00000, 0x000000060ee00000, 0x000000060f000000|  0%| F|  |TAMS 0x000000060ee00000, 0x000000060ee00000| Untracked 
| 110|0x000000060f000000, 0x000000060f000000, 0x000000060f200000|  0%| F|  |TAMS 0x000000060f000000, 0x000000060f000000| Untracked 
| 111|0x000000060f200000, 0x000000060f200000, 0x000000060f400000|  0%| F|  |TAMS 0x000000060f200000, 0x000000060f200000| Untracked 
| 112|0x000000060f400000, 0x000000060f400000, 0x000000060f600000|  0%| F|  |TAMS 0x000000060f400000, 0x000000060f400000| Untracked 
| 113|0x000000060f600000, 0x000000060f600000, 0x000000060f800000|  0%| F|  |TAMS 0x000000060f600000, 0x000000060f600000| Untracked 
| 114|0x000000060f800000, 0x000000060f800000, 0x000000060fa00000|  0%| F|  |TAMS 0x000000060f800000, 0x000000060f800000| Untracked 
| 115|0x000000060fa00000, 0x000000060fa00000, 0x000000060fc00000|  0%| F|  |TAMS 0x000000060fa00000, 0x000000060fa00000| Untracked 
| 116|0x000000060fc00000, 0x000000060fc00000, 0x000000060fe00000|  0%| F|  |TAMS 0x000000060fc00000, 0x000000060fc00000| Untracked 
| 117|0x000000060fe00000, 0x000000060fe00000, 0x0000000610000000|  0%| F|  |TAMS 0x000000060fe00000, 0x000000060fe00000| Untracked 
| 118|0x0000000610000000, 0x0000000610000000, 0x0000000610200000|  0%| F|  |TAMS 0x0000000610000000, 0x0000000610000000| Untracked 
| 119|0x0000000610200000, 0x0000000610200000, 0x0000000610400000|  0%| F|  |TAMS 0x0000000610200000, 0x0000000610200000| Untracked 
| 120|0x0000000610400000, 0x0000000610400000, 0x0000000610600000|  0%| F|  |TAMS 0x0000000610400000, 0x0000000610400000| Untracked 
| 121|0x0000000610600000, 0x0000000610600000, 0x0000000610800000|  0%| F|  |TAMS 0x0000000610600000, 0x0000000610600000| Untracked 
| 122|0x0000000610800000, 0x0000000610800000, 0x0000000610a00000|  0%| F|  |TAMS 0x0000000610800000, 0x0000000610800000| Untracked 
| 123|0x0000000610a00000, 0x0000000610a00000, 0x0000000610c00000|  0%| F|  |TAMS 0x0000000610a00000, 0x0000000610a00000| Untracked 
| 124|0x0000000610c00000, 0x0000000610c00000, 0x0000000610e00000|  0%| F|  |TAMS 0x0000000610c00000, 0x0000000610c00000| Untracked 
| 125|0x0000000610e00000, 0x0000000610e00000, 0x0000000611000000|  0%| F|  |TAMS 0x0000000610e00000, 0x0000000610e00000| Untracked 
| 126|0x0000000611000000, 0x0000000611000000, 0x0000000611200000|  0%| F|  |TAMS 0x0000000611000000, 0x0000000611000000| Untracked 
| 127|0x0000000611200000, 0x0000000611200000, 0x0000000611400000|  0%| F|  |TAMS 0x0000000611200000, 0x0000000611200000| Untracked 
| 128|0x0000000611400000, 0x0000000611400000, 0x0000000611600000|  0%| F|  |TAMS 0x0000000611400000, 0x0000000611400000| Untracked 
| 129|0x0000000611600000, 0x0000000611600000, 0x0000000611800000|  0%| F|  |TAMS 0x0000000611600000, 0x0000000611600000| Untracked 
| 130|0x0000000611800000, 0x0000000611800000, 0x0000000611a00000|  0%| F|  |TAMS 0x0000000611800000, 0x0000000611800000| Untracked 
| 131|0x0000000611a00000, 0x0000000611a00000, 0x0000000611c00000|  0%| F|  |TAMS 0x0000000611a00000, 0x0000000611a00000| Untracked 
| 132|0x0000000611c00000, 0x0000000611c00000, 0x0000000611e00000|  0%| F|  |TAMS 0x0000000611c00000, 0x0000000611c00000| Untracked 
| 133|0x0000000611e00000, 0x0000000611e00000, 0x0000000612000000|  0%| F|  |TAMS 0x0000000611e00000, 0x0000000611e00000| Untracked 
| 134|0x0000000612000000, 0x0000000612000000, 0x0000000612200000|  0%| F|  |TAMS 0x0000000612000000, 0x0000000612000000| Untracked 
| 135|0x0000000612200000, 0x0000000612200000, 0x0000000612400000|  0%| F|  |TAMS 0x0000000612200000, 0x0000000612200000| Untracked 
| 136|0x0000000612400000, 0x0000000612400000, 0x0000000612600000|  0%| F|  |TAMS 0x0000000612400000, 0x0000000612400000| Untracked 
| 137|0x0000000612600000, 0x0000000612600000, 0x0000000612800000|  0%| F|  |TAMS 0x0000000612600000, 0x0000000612600000| Untracked 
| 138|0x0000000612800000, 0x0000000612800000, 0x0000000612a00000|  0%| F|  |TAMS 0x0000000612800000, 0x0000000612800000| Untracked 
| 139|0x0000000612a00000, 0x0000000612a00000, 0x0000000612c00000|  0%| F|  |TAMS 0x0000000612a00000, 0x0000000612a00000| Untracked 
| 140|0x0000000612c00000, 0x0000000612c00000, 0x0000000612e00000|  0%| F|  |TAMS 0x0000000612c00000, 0x0000000612c00000| Untracked 
| 141|0x0000000612e00000, 0x0000000612e00000, 0x0000000613000000|  0%| F|  |TAMS 0x0000000612e00000, 0x0000000612e00000| Untracked 
| 142|0x0000000613000000, 0x0000000613000000, 0x0000000613200000|  0%| F|  |TAMS 0x0000000613000000, 0x0000000613000000| Untracked 
| 143|0x0000000613200000, 0x0000000613200000, 0x0000000613400000|  0%| F|  |TAMS 0x0000000613200000, 0x0000000613200000| Untracked 
| 144|0x0000000613400000, 0x0000000613400000, 0x0000000613600000|  0%| F|  |TAMS 0x0000000613400000, 0x0000000613400000| Untracked 
| 145|0x0000000613600000, 0x0000000613600000, 0x0000000613800000|  0%| F|  |TAMS 0x0000000613600000, 0x0000000613600000| Untracked 
| 146|0x0000000613800000, 0x0000000613800000, 0x0000000613a00000|  0%| F|  |TAMS 0x0000000613800000, 0x0000000613800000| Untracked 
| 147|0x0000000613a00000, 0x0000000613a00000, 0x0000000613c00000|  0%| F|  |TAMS 0x0000000613a00000, 0x0000000613a00000| Untracked 
| 148|0x0000000613c00000, 0x0000000613c00000, 0x0000000613e00000|  0%| F|  |TAMS 0x0000000613c00000, 0x0000000613c00000| Untracked 
| 149|0x0000000613e00000, 0x0000000613e00000, 0x0000000614000000|  0%| F|  |TAMS 0x0000000613e00000, 0x0000000613e00000| Untracked 
| 150|0x0000000614000000, 0x0000000614000000, 0x0000000614200000|  0%| F|  |TAMS 0x0000000614000000, 0x0000000614000000| Untracked 
| 151|0x0000000614200000, 0x0000000614200000, 0x0000000614400000|  0%| F|  |TAMS 0x0000000614200000, 0x0000000614200000| Untracked 
| 152|0x0000000614400000, 0x0000000614400000, 0x0000000614600000|  0%| F|  |TAMS 0x0000000614400000, 0x0000000614400000| Untracked 
| 153|0x0000000614600000, 0x0000000614600000, 0x0000000614800000|  0%| F|  |TAMS 0x0000000614600000, 0x0000000614600000| Untracked 
| 154|0x0000000614800000, 0x0000000614800000, 0x0000000614a00000|  0%| F|  |TAMS 0x0000000614800000, 0x0000000614800000| Untracked 
| 155|0x0000000614a00000, 0x0000000614a00000, 0x0000000614c00000|  0%| F|  |TAMS 0x0000000614a00000, 0x0000000614a00000| Untracked 
| 156|0x0000000614c00000, 0x0000000614c00000, 0x0000000614e00000|  0%| F|  |TAMS 0x0000000614c00000, 0x0000000614c00000| Untracked 
| 157|0x0000000614e00000, 0x0000000614e00000, 0x0000000615000000|  0%| F|  |TAMS 0x0000000614e00000, 0x0000000614e00000| Untracked 
| 158|0x0000000615000000, 0x0000000615000000, 0x0000000615200000|  0%| F|  |TAMS 0x0000000615000000, 0x0000000615000000| Untracked 
| 159|0x0000000615200000, 0x0000000615200000, 0x0000000615400000|  0%| F|  |TAMS 0x0000000615200000, 0x0000000615200000| Untracked 
| 160|0x0000000615400000, 0x0000000615400000, 0x0000000615600000|  0%| F|  |TAMS 0x0000000615400000, 0x0000000615400000| Untracked 
| 161|0x0000000615600000, 0x0000000615600000, 0x0000000615800000|  0%| F|  |TAMS 0x0000000615600000, 0x0000000615600000| Untracked 
| 162|0x0000000615800000, 0x0000000615800000, 0x0000000615a00000|  0%| F|  |TAMS 0x0000000615800000, 0x0000000615800000| Untracked 
| 163|0x0000000615a00000, 0x0000000615a00000, 0x0000000615c00000|  0%| F|  |TAMS 0x0000000615a00000, 0x0000000615a00000| Untracked 
| 164|0x0000000615c00000, 0x0000000615c00000, 0x0000000615e00000|  0%| F|  |TAMS 0x0000000615c00000, 0x0000000615c00000| Untracked 
| 165|0x0000000615e00000, 0x0000000615e00000, 0x0000000616000000|  0%| F|  |TAMS 0x0000000615e00000, 0x0000000615e00000| Untracked 
| 166|0x0000000616000000, 0x0000000616000000, 0x0000000616200000|  0%| F|  |TAMS 0x0000000616000000, 0x0000000616000000| Untracked 
| 167|0x0000000616200000, 0x0000000616200000, 0x0000000616400000|  0%| F|  |TAMS 0x0000000616200000, 0x0000000616200000| Untracked 
| 168|0x0000000616400000, 0x0000000616400000, 0x0000000616600000|  0%| F|  |TAMS 0x0000000616400000, 0x0000000616400000| Untracked 
| 169|0x0000000616600000, 0x0000000616600000, 0x0000000616800000|  0%| F|  |TAMS 0x0000000616600000, 0x0000000616600000| Untracked 
| 170|0x0000000616800000, 0x0000000616800000, 0x0000000616a00000|  0%| F|  |TAMS 0x0000000616800000, 0x0000000616800000| Untracked 
| 171|0x0000000616a00000, 0x0000000616a00000, 0x0000000616c00000|  0%| F|  |TAMS 0x0000000616a00000, 0x0000000616a00000| Untracked 
| 172|0x0000000616c00000, 0x0000000616c00000, 0x0000000616e00000|  0%| F|  |TAMS 0x0000000616c00000, 0x0000000616c00000| Untracked 
| 173|0x0000000616e00000, 0x0000000616e00000, 0x0000000617000000|  0%| F|  |TAMS 0x0000000616e00000, 0x0000000616e00000| Untracked 
| 174|0x0000000617000000, 0x0000000617000000, 0x0000000617200000|  0%| F|  |TAMS 0x0000000617000000, 0x0000000617000000| Untracked 
| 175|0x0000000617200000, 0x0000000617200000, 0x0000000617400000|  0%| F|  |TAMS 0x0000000617200000, 0x0000000617200000| Untracked 
| 176|0x0000000617400000, 0x0000000617400000, 0x0000000617600000|  0%| F|  |TAMS 0x0000000617400000, 0x0000000617400000| Untracked 
| 177|0x0000000617600000, 0x0000000617600000, 0x0000000617800000|  0%| F|  |TAMS 0x0000000617600000, 0x0000000617600000| Untracked 
| 178|0x0000000617800000, 0x0000000617800000, 0x0000000617a00000|  0%| F|  |TAMS 0x0000000617800000, 0x0000000617800000| Untracked 
| 179|0x0000000617a00000, 0x0000000617a00000, 0x0000000617c00000|  0%| F|  |TAMS 0x0000000617a00000, 0x0000000617a00000| Untracked 
| 180|0x0000000617c00000, 0x0000000617c00000, 0x0000000617e00000|  0%| F|  |TAMS 0x0000000617c00000, 0x0000000617c00000| Untracked 
| 181|0x0000000617e00000, 0x0000000617e00000, 0x0000000618000000|  0%| F|  |TAMS 0x0000000617e00000, 0x0000000617e00000| Untracked 
| 182|0x0000000618000000, 0x0000000618000000, 0x0000000618200000|  0%| F|  |TAMS 0x0000000618000000, 0x0000000618000000| Untracked 
| 183|0x0000000618200000, 0x0000000618200000, 0x0000000618400000|  0%| F|  |TAMS 0x0000000618200000, 0x0000000618200000| Untracked 
| 184|0x0000000618400000, 0x0000000618400000, 0x0000000618600000|  0%| F|  |TAMS 0x0000000618400000, 0x0000000618400000| Untracked 
| 185|0x0000000618600000, 0x0000000618600000, 0x0000000618800000|  0%| F|  |TAMS 0x0000000618600000, 0x0000000618600000| Untracked 
| 186|0x0000000618800000, 0x0000000618800000, 0x0000000618a00000|  0%| F|  |TAMS 0x0000000618800000, 0x0000000618800000| Untracked 
| 187|0x0000000618a00000, 0x0000000618a00000, 0x0000000618c00000|  0%| F|  |TAMS 0x0000000618a00000, 0x0000000618a00000| Untracked 
| 188|0x0000000618c00000, 0x0000000618c00000, 0x0000000618e00000|  0%| F|  |TAMS 0x0000000618c00000, 0x0000000618c00000| Untracked 
| 189|0x0000000618e00000, 0x0000000618e00000, 0x0000000619000000|  0%| F|  |TAMS 0x0000000618e00000, 0x0000000618e00000| Untracked 
| 190|0x0000000619000000, 0x0000000619000000, 0x0000000619200000|  0%| F|  |TAMS 0x0000000619000000, 0x0000000619000000| Untracked 
| 191|0x0000000619200000, 0x0000000619200000, 0x0000000619400000|  0%| F|  |TAMS 0x0000000619200000, 0x0000000619200000| Untracked 
| 192|0x0000000619400000, 0x0000000619400000, 0x0000000619600000|  0%| F|  |TAMS 0x0000000619400000, 0x0000000619400000| Untracked 
| 193|0x0000000619600000, 0x0000000619600000, 0x0000000619800000|  0%| F|  |TAMS 0x0000000619600000, 0x0000000619600000| Untracked 
| 194|0x0000000619800000, 0x0000000619800000, 0x0000000619a00000|  0%| F|  |TAMS 0x0000000619800000, 0x0000000619800000| Untracked 
| 195|0x0000000619a00000, 0x0000000619a00000, 0x0000000619c00000|  0%| F|  |TAMS 0x0000000619a00000, 0x0000000619a00000| Untracked 
| 196|0x0000000619c00000, 0x0000000619c00000, 0x0000000619e00000|  0%| F|  |TAMS 0x0000000619c00000, 0x0000000619c00000| Untracked 
| 197|0x0000000619e00000, 0x0000000619e00000, 0x000000061a000000|  0%| F|  |TAMS 0x0000000619e00000, 0x0000000619e00000| Untracked 
| 198|0x000000061a000000, 0x000000061a000000, 0x000000061a200000|  0%| F|  |TAMS 0x000000061a000000, 0x000000061a000000| Untracked 
| 199|0x000000061a200000, 0x000000061a200000, 0x000000061a400000|  0%| F|  |TAMS 0x000000061a200000, 0x000000061a200000| Untracked 
| 200|0x000000061a400000, 0x000000061a400000, 0x000000061a600000|  0%| F|  |TAMS 0x000000061a400000, 0x000000061a400000| Untracked 
| 201|0x000000061a600000, 0x000000061a600000, 0x000000061a800000|  0%| F|  |TAMS 0x000000061a600000, 0x000000061a600000| Untracked 
| 202|0x000000061a800000, 0x000000061a800000, 0x000000061aa00000|  0%| F|  |TAMS 0x000000061a800000, 0x000000061a800000| Untracked 
| 203|0x000000061aa00000, 0x000000061aa00000, 0x000000061ac00000|  0%| F|  |TAMS 0x000000061aa00000, 0x000000061aa00000| Untracked 
| 204|0x000000061ac00000, 0x000000061ac00000, 0x000000061ae00000|  0%| F|  |TAMS 0x000000061ac00000, 0x000000061ac00000| Untracked 
| 205|0x000000061ae00000, 0x000000061ae00000, 0x000000061b000000|  0%| F|  |TAMS 0x000000061ae00000, 0x000000061ae00000| Untracked 
| 206|0x000000061b000000, 0x000000061b000000, 0x000000061b200000|  0%| F|  |TAMS 0x000000061b000000, 0x000000061b000000| Untracked 
| 207|0x000000061b200000, 0x000000061b200000, 0x000000061b400000|  0%| F|  |TAMS 0x000000061b200000, 0x000000061b200000| Untracked 
| 208|0x000000061b400000, 0x000000061b400000, 0x000000061b600000|  0%| F|  |TAMS 0x000000061b400000, 0x000000061b400000| Untracked 
| 209|0x000000061b600000, 0x000000061b600000, 0x000000061b800000|  0%| F|  |TAMS 0x000000061b600000, 0x000000061b600000| Untracked 
| 210|0x000000061b800000, 0x000000061b800000, 0x000000061ba00000|  0%| F|  |TAMS 0x000000061b800000, 0x000000061b800000| Untracked 
| 211|0x000000061ba00000, 0x000000061ba00000, 0x000000061bc00000|  0%| F|  |TAMS 0x000000061ba00000, 0x000000061ba00000| Untracked 
| 212|0x000000061bc00000, 0x000000061bc00000, 0x000000061be00000|  0%| F|  |TAMS 0x000000061bc00000, 0x000000061bc00000| Untracked 
| 213|0x000000061be00000, 0x000000061be00000, 0x000000061c000000|  0%| F|  |TAMS 0x000000061be00000, 0x000000061be00000| Untracked 
| 214|0x000000061c000000, 0x000000061c000000, 0x000000061c200000|  0%| F|  |TAMS 0x000000061c000000, 0x000000061c000000| Untracked 
| 215|0x000000061c200000, 0x000000061c200000, 0x000000061c400000|  0%| F|  |TAMS 0x000000061c200000, 0x000000061c200000| Untracked 
| 216|0x000000061c400000, 0x000000061c400000, 0x000000061c600000|  0%| F|  |TAMS 0x000000061c400000, 0x000000061c400000| Untracked 
| 217|0x000000061c600000, 0x000000061c600000, 0x000000061c800000|  0%| F|  |TAMS 0x000000061c600000, 0x000000061c600000| Untracked 
| 218|0x000000061c800000, 0x000000061c800000, 0x000000061ca00000|  0%| F|  |TAMS 0x000000061c800000, 0x000000061c800000| Untracked 
| 219|0x000000061ca00000, 0x000000061ca00000, 0x000000061cc00000|  0%| F|  |TAMS 0x000000061ca00000, 0x000000061ca00000| Untracked 
| 220|0x000000061cc00000, 0x000000061cc00000, 0x000000061ce00000|  0%| F|  |TAMS 0x000000061cc00000, 0x000000061cc00000| Untracked 
| 221|0x000000061ce00000, 0x000000061ce00000, 0x000000061d000000|  0%| F|  |TAMS 0x000000061ce00000, 0x000000061ce00000| Untracked 
| 222|0x000000061d000000, 0x000000061d000000, 0x000000061d200000|  0%| F|  |TAMS 0x000000061d000000, 0x000000061d000000| Untracked 
| 223|0x000000061d200000, 0x000000061d200000, 0x000000061d400000|  0%| F|  |TAMS 0x000000061d200000, 0x000000061d200000| Untracked 
| 224|0x000000061d400000, 0x000000061d400000, 0x000000061d600000|  0%| F|  |TAMS 0x000000061d400000, 0x000000061d400000| Untracked 
| 225|0x000000061d600000, 0x000000061d600000, 0x000000061d800000|  0%| F|  |TAMS 0x000000061d600000, 0x000000061d600000| Untracked 
| 226|0x000000061d800000, 0x000000061d800000, 0x000000061da00000|  0%| F|  |TAMS 0x000000061d800000, 0x000000061d800000| Untracked 
| 227|0x000000061da00000, 0x000000061dbab3c8, 0x000000061dc00000| 83%| E|  |TAMS 0x000000061da00000, 0x000000061da00000| Complete 
| 228|0x000000061dc00000, 0x000000061de00000, 0x000000061de00000|100%| E|  |TAMS 0x000000061dc00000, 0x000000061dc00000| Complete 
| 229|0x000000061de00000, 0x000000061e000000, 0x000000061e000000|100%| E|CS|TAMS 0x000000061de00000, 0x000000061de00000| Complete 
| 230|0x000000061e000000, 0x000000061e200000, 0x000000061e200000|100%| E|CS|TAMS 0x000000061e000000, 0x000000061e000000| Complete 
| 231|0x000000061e200000, 0x000000061e400000, 0x000000061e400000|100%| E|CS|TAMS 0x000000061e200000, 0x000000061e200000| Complete 
| 232|0x000000061e400000, 0x000000061e600000, 0x000000061e600000|100%| E|CS|TAMS 0x000000061e400000, 0x000000061e400000| Complete 
| 233|0x000000061e600000, 0x000000061e800000, 0x000000061e800000|100%| E|CS|TAMS 0x000000061e600000, 0x000000061e600000| Complete 
| 234|0x000000061e800000, 0x000000061ea00000, 0x000000061ea00000|100%| E|CS|TAMS 0x000000061e800000, 0x000000061e800000| Complete 
| 235|0x000000061ea00000, 0x000000061ec00000, 0x000000061ec00000|100%| E|CS|TAMS 0x000000061ea00000, 0x000000061ea00000| Complete 
| 236|0x000000061ec00000, 0x000000061ee00000, 0x000000061ee00000|100%| E|CS|TAMS 0x000000061ec00000, 0x000000061ec00000| Complete 
| 237|0x000000061ee00000, 0x000000061f000000, 0x000000061f000000|100%| E|CS|TAMS 0x000000061ee00000, 0x000000061ee00000| Complete 
| 238|0x000000061f000000, 0x000000061f200000, 0x000000061f200000|100%| E|CS|TAMS 0x000000061f000000, 0x000000061f000000| Complete 
| 239|0x000000061f200000, 0x000000061f400000, 0x000000061f400000|100%| E|CS|TAMS 0x000000061f200000, 0x000000061f200000| Complete 
| 240|0x000000061f400000, 0x000000061f600000, 0x000000061f600000|100%| E|CS|TAMS 0x000000061f400000, 0x000000061f400000| Complete 
| 241|0x000000061f600000, 0x000000061f800000, 0x000000061f800000|100%| E|CS|TAMS 0x000000061f600000, 0x000000061f600000| Complete 
| 242|0x000000061f800000, 0x000000061fa00000, 0x000000061fa00000|100%| E|CS|TAMS 0x000000061f800000, 0x000000061f800000| Complete 
| 243|0x000000061fa00000, 0x000000061fc00000, 0x000000061fc00000|100%| E|CS|TAMS 0x000000061fa00000, 0x000000061fa00000| Complete 
| 244|0x000000061fc00000, 0x000000061fe00000, 0x000000061fe00000|100%| E|CS|TAMS 0x000000061fc00000, 0x000000061fc00000| Complete 
| 245|0x000000061fe00000, 0x0000000620000000, 0x0000000620000000|100%| E|CS|TAMS 0x000000061fe00000, 0x000000061fe00000| Complete 
| 246|0x0000000620000000, 0x0000000620200000, 0x0000000620200000|100%| E|CS|TAMS 0x0000000620000000, 0x0000000620000000| Complete 
| 247|0x0000000620200000, 0x0000000620400000, 0x0000000620400000|100%| E|CS|TAMS 0x0000000620200000, 0x0000000620200000| Complete 
| 248|0x0000000620400000, 0x0000000620600000, 0x0000000620600000|100%| E|CS|TAMS 0x0000000620400000, 0x0000000620400000| Complete 
| 249|0x0000000620600000, 0x0000000620800000, 0x0000000620800000|100%| E|CS|TAMS 0x0000000620600000, 0x0000000620600000| Complete 
| 250|0x0000000620800000, 0x0000000620a00000, 0x0000000620a00000|100%| E|CS|TAMS 0x0000000620800000, 0x0000000620800000| Complete 
| 251|0x0000000620a00000, 0x0000000620c00000, 0x0000000620c00000|100%| E|CS|TAMS 0x0000000620a00000, 0x0000000620a00000| Complete 
| 252|0x0000000620c00000, 0x0000000620e00000, 0x0000000620e00000|100%| E|CS|TAMS 0x0000000620c00000, 0x0000000620c00000| Complete 
| 253|0x0000000620e00000, 0x0000000620ea6ef0, 0x0000000621000000| 32%| S|CS|TAMS 0x0000000620e00000, 0x0000000620e00000| Complete 
| 254|0x0000000621000000, 0x0000000621200000, 0x0000000621200000|100%| E|CS|TAMS 0x0000000621000000, 0x0000000621000000| Complete 
| 255|0x0000000621200000, 0x0000000621400000, 0x0000000621400000|100%| E|CS|TAMS 0x0000000621200000, 0x0000000621200000| Complete 

Card table byte_map: [0x00000225508b0000,0x00000225518b0000] _byte_map_base: 0x000002254d8a6000

Marking Bits (Prev, Next): (CMBitMap*) 0x0000022537741658, (CMBitMap*) 0x0000022537741690
 Prev Bits: [0x00000225528b0000, 0x000002255a860000)
 Next Bits: [0x000002255a860000, 0x0000022562810000)

Polling page: 0x00000225356d0000

Metaspace:

Usage:
  Non-class:     43.57 MB capacity,    42.50 MB ( 98%) used,   949.00 KB (  2%) free+waste,   144.31 KB ( <1%) overhead. 
      Class:      5.87 MB capacity,     5.21 MB ( 89%) used,   605.04 KB ( 10%) free+waste,    70.25 KB (  1%) overhead. 
       Both:     49.44 MB capacity,    47.72 MB ( 97%) used,     1.52 MB (  3%) free+waste,   214.56 KB ( <1%) overhead. 

Virtual space:
  Non-class space:       44.00 MB reserved,      43.83 MB (>99%) committed 
      Class space:        1.00 GB reserved,       5.88 MB ( <1%) committed 
             Both:        1.04 GB reserved,      49.70 MB (  5%) committed 

Chunk freelists:
   Non-Class:  9.00 KB
       Class:  1.00 KB
        Both:  10.00 KB

MaxMetaspaceSize: 17179869184.00 GB
CompressedClassSpaceSize: 1.00 GB
Initial GC threshold: 20.80 MB
Current GC threshold: 58.88 MB
CDS: off

CodeHeap 'non-profiled nmethods': size=120000Kb used=1729Kb max_used=1729Kb free=118271Kb
 bounds [0x0000022548050000, 0x00000225482c0000, 0x000002254f580000]
CodeHeap 'profiled nmethods': size=120000Kb used=7908Kb max_used=7908Kb free=112091Kb
 bounds [0x0000022540b20000, 0x00000225412e0000, 0x0000022548050000]
CodeHeap 'non-nmethods': size=5760Kb used=1433Kb max_used=1495Kb free=4326Kb
 bounds [0x0000022540580000, 0x00000225407f0000, 0x0000022540b20000]
 total_blobs=4390 nmethods=3625 adapters=676
 compilation: enabled
              stopped_count=0, restarted_count=0
 full_count=0

Compilation events (20 events):
Event: 7.873 Thread 0x0000022565d16800 nmethod 3592 0x00000225412cb090 code [0x00000225412cb2e0, 0x00000225412cbaf8]
Event: 7.873 Thread 0x0000022565d16800 3593   !   3       com.fasterxml.jackson.databind.deser.impl.MethodProperty::deserializeAndSet (102 bytes)
Event: 7.874 Thread 0x0000022565d16800 nmethod 3593 0x00000225412cbe10 code [0x00000225412cc0a0, 0x00000225412cce28]
Event: 7.874 Thread 0x0000022565d16800 3599       1       org.apache.logging.log4j.core.appender.AbstractAppender::getLayout (5 bytes)
Event: 7.874 Thread 0x0000022565d16800 nmethod 3599 0x00000225481f8c90 code [0x00000225481f8e40, 0x00000225481f8ef8]
Event: 7.874 Thread 0x0000022565d16800 3600       1       org.apache.logging.log4j.core.time.MutableInstant::getEpochSecond (5 bytes)
Event: 7.874 Thread 0x0000022565d16800 nmethod 3600 0x00000225481f8f90 code [0x00000225481f9140, 0x00000225481f91f8]
Event: 7.874 Thread 0x0000022565d16800 3601       1       org.apache.logging.log4j.core.time.MutableInstant::getNanoOfSecond (5 bytes)
Event: 7.874 Thread 0x0000022565d16800 nmethod 3601 0x00000225481f9290 code [0x00000225481f9440, 0x00000225481f94f8]
Event: 7.874 Thread 0x0000022565d16800 3602       1       org.apache.logging.log4j.core.config.LoggerConfig::getReliabilityStrategy (5 bytes)
Event: 7.875 Thread 0x0000022565d16800 nmethod 3602 0x00000225481f9590 code [0x00000225481f9740, 0x00000225481f97f8]
Event: 7.875 Thread 0x0000022565d16800 3603       3       java.util.zip.ZipFile$Source::isManifestName (160 bytes)
Event: 7.875 Thread 0x0000022565d16800 nmethod 3603 0x00000225412cd290 code [0x00000225412cd460, 0x00000225412cd9f8]
Event: 7.875 Thread 0x00000225720d9000 nmethod 3570 0x00000225481f9890 code [0x00000225481f9a40, 0x00000225481fa2b8]
Event: 7.875 Thread 0x00000225720d9000 3585 %     4       com.fasterxml.jackson.core.json.UTF8StreamJsonParser::_finishAndReturnString @ 56 (137 bytes)
Event: 7.876 Thread 0x0000022565d16800 3604       3       jdk.internal.perf.PerfCounter::increment (6 bytes)
Event: 7.877 Thread 0x0000022565d16800 nmethod 3604 0x00000225412cdb90 code [0x00000225412cdd80, 0x00000225412ce498]
Event: 7.877 Thread 0x0000022565d15800 nmethod 3573 0x00000225481fa590 code [0x00000225481fa760, 0x00000225481fadf8]
Event: 7.877 Thread 0x0000022565d15800 3572       4       jdk.internal.reflect.ClassFileAssembler::emitConstantPoolUTF8 (50 bytes)
Event: 7.877 Thread 0x0000022565d16800 3605       3       java.util.jar.Manifest$FastInputStream::readLine (296 bytes)

GC Heap History (8 events):
Event: 0.553 GC heap before
{Heap before GC invocations=0 (full 0):
 garbage-first heap   total 524288K, used 26624K [0x0000000601400000, 0x0000000800000000)
  region size 2048K, 12 young (24576K), 0 survivors (0K)
 Metaspace       used 18025K, capacity 18381K, committed 18432K, reserved 1064960K
  class space    used 1893K, capacity 2045K, committed 2048K, reserved 1048576K
}
Event: 0.556 GC heap after
{Heap after GC invocations=1 (full 0):
 garbage-first heap   total 524288K, used 8174K [0x0000000601400000, 0x0000000800000000)
  region size 2048K, 2 young (4096K), 2 survivors (4096K)
 Metaspace       used 18025K, capacity 18381K, committed 18432K, reserved 1064960K
  class space    used 1893K, capacity 2045K, committed 2048K, reserved 1048576K
}
Event: 1.616 GC heap before
{Heap before GC invocations=1 (full 0):
 garbage-first heap   total 524288K, used 12270K [0x0000000601400000, 0x0000000800000000)
  region size 2048K, 5 young (10240K), 2 survivors (4096K)
 Metaspace       used 20718K, capacity 21119K, committed 21296K, reserved 1069056K
  class space    used 2162K, capacity 2338K, committed 2432K, reserved 1048576K
}
Event: 1.620 GC heap after
{Heap after GC invocations=2 (full 0):
 garbage-first heap   total 524288K, used 9809K [0x0000000601400000, 0x0000000800000000)
  region size 2048K, 3 young (6144K), 3 survivors (6144K)
 Metaspace       used 20718K, capacity 21119K, committed 21296K, reserved 1069056K
  class space    used 2162K, capacity 2338K, committed 2432K, reserved 1048576K
}
Event: 2.472 GC heap before
{Heap before GC invocations=3 (full 0):
 garbage-first heap   total 524288K, used 44625K [0x0000000601400000, 0x0000000800000000)
  region size 2048K, 21 young (43008K), 3 survivors (6144K)
 Metaspace       used 34687K, capacity 35640K, committed 35760K, reserved 1081344K
  class space    used 3856K, capacity 4257K, committed 4352K, reserved 1048576K
}
Event: 2.478 GC heap after
{Heap after GC invocations=4 (full 0):
 garbage-first heap   total 524288K, used 14298K [0x0000000601400000, 0x0000000800000000)
  region size 2048K, 3 young (6144K), 3 survivors (6144K)
 Metaspace       used 34687K, capacity 35640K, committed 35760K, reserved 1081344K
  class space    used 3856K, capacity 4257K, committed 4352K, reserved 1048576K
}
Event: 2.489 GC heap before
{Heap before GC invocations=4 (full 0):
 garbage-first heap   total 524288K, used 16346K [0x0000000601400000, 0x0000000800000000)
  region size 2048K, 5 young (10240K), 3 survivors (6144K)
 Metaspace       used 34864K, capacity 35841K, committed 35920K, reserved 1081344K
  class space    used 3878K, capacity 4324K, committed 4352K, reserved 1048576K
}
Event: 2.492 GC heap after
{Heap after GC invocations=5 (full 0):
 garbage-first heap   total 524288K, used 14930K [0x0000000601400000, 0x0000000800000000)
  region size 2048K, 1 young (2048K), 1 survivors (2048K)
 Metaspace       used 34864K, capacity 35841K, committed 35920K, reserved 1081344K
  class space    used 3878K, capacity 4324K, committed 4352K, reserved 1048576K
}

Deoptimization events (20 events):
Event: 7.835 Thread 0x00000225717f7000 Uncommon trap: trap_request=0xffffffde fr.pc=0x000002254808ef7c relative=0x0000000000000fbc
Event: 7.835 Thread 0x00000225717f7000 Uncommon trap: reason=class_check action=maybe_recompile pc=0x000002254808ef7c method=java.util.concurrent.ConcurrentHashMap.putVal(Ljava/lang/Object;Ljava/lang/Object;Z)Ljava/lang/Object; @ 159 c2
Event: 7.835 Thread 0x00000225717f7000 DEOPT PACKING pc=0x000002254808ef7c sp=0x0000009e7b1bb920
Event: 7.835 Thread 0x00000225717f7000 DEOPT UNPACKING pc=0x00000225405ca1af sp=0x0000009e7b1bb8c0 mode 2
Event: 7.835 Thread 0x00000225717f7000 Uncommon trap: trap_request=0xffffffde fr.pc=0x000002254808ef7c relative=0x0000000000000fbc
Event: 7.835 Thread 0x00000225717f7000 Uncommon trap: reason=class_check action=maybe_recompile pc=0x000002254808ef7c method=java.util.concurrent.ConcurrentHashMap.putVal(Ljava/lang/Object;Ljava/lang/Object;Z)Ljava/lang/Object; @ 159 c2
Event: 7.835 Thread 0x00000225717f7000 DEOPT PACKING pc=0x000002254808ef7c sp=0x0000009e7b1bbbc0
Event: 7.835 Thread 0x00000225717f7000 DEOPT UNPACKING pc=0x00000225405ca1af sp=0x0000009e7b1bbb60 mode 2
Event: 7.835 Thread 0x00000225717f7000 Uncommon trap: trap_request=0xffffffde fr.pc=0x000002254808ef7c relative=0x0000000000000fbc
Event: 7.835 Thread 0x00000225717f7000 Uncommon trap: reason=class_check action=maybe_recompile pc=0x000002254808ef7c method=java.util.concurrent.ConcurrentHashMap.putVal(Ljava/lang/Object;Ljava/lang/Object;Z)Ljava/lang/Object; @ 159 c2
Event: 7.835 Thread 0x00000225717f7000 DEOPT PACKING pc=0x000002254808ef7c sp=0x0000009e7b1bba10
Event: 7.835 Thread 0x00000225717f7000 DEOPT UNPACKING pc=0x00000225405ca1af sp=0x0000009e7b1bb9b0 mode 2
Event: 7.838 Thread 0x00000225717f7000 Uncommon trap: trap_request=0xffffff4d fr.pc=0x000002254814c0d4 relative=0x0000000000000214
Event: 7.838 Thread 0x00000225717f7000 Uncommon trap: reason=unstable_if action=reinterpret pc=0x000002254814c0d4 method=java.util.concurrent.ConcurrentHashMap.get(Ljava/lang/Object;)Ljava/lang/Object; @ 152 c2
Event: 7.838 Thread 0x00000225717f7000 DEOPT PACKING pc=0x000002254814c0d4 sp=0x0000009e7b1bbe10
Event: 7.838 Thread 0x00000225717f7000 DEOPT UNPACKING pc=0x00000225405ca1af sp=0x0000009e7b1bbd88 mode 2
Event: 7.844 Thread 0x00000225717f7000 Uncommon trap: trap_request=0xffffffde fr.pc=0x000002254808ef7c relative=0x0000000000000fbc
Event: 7.844 Thread 0x00000225717f7000 Uncommon trap: reason=class_check action=maybe_recompile pc=0x000002254808ef7c method=java.util.concurrent.ConcurrentHashMap.putVal(Ljava/lang/Object;Ljava/lang/Object;Z)Ljava/lang/Object; @ 159 c2
Event: 7.844 Thread 0x00000225717f7000 DEOPT PACKING pc=0x000002254808ef7c sp=0x0000009e7b1bbf10
Event: 7.844 Thread 0x00000225717f7000 DEOPT UNPACKING pc=0x00000225405ca1af sp=0x0000009e7b1bbeb0 mode 2

Classes redefined (0 events):
No events

Internal exceptions (20 events):
Event: 7.624 Thread 0x00000225717f7000 Exception <a 'java/lang/ArrayIndexOutOfBoundsException'{0x000000061ebe72d8}: Index 1 out of bounds for length 1> (0x000000061ebe72d8) thrown at [./src/hotspot/share/interpreter/interpreterRuntime.cpp, line 444]
Event: 7.624 Thread 0x00000225717f7000 Exception <a 'java/lang/ArrayIndexOutOfBoundsException'{0x000000061ebe7a60}: Index 1 out of bounds for length 1> (0x000000061ebe7a60) thrown at [./src/hotspot/share/interpreter/interpreterRuntime.cpp, line 444]
Event: 7.630 Thread 0x00000225717f7000 Exception <a 'java/io/IOException'{0x000000061e80dcb0}> (0x000000061e80dcb0) thrown at [./src/hotspot/share/prims/jni.cpp, line 617]
Event: 7.630 Thread 0x00000225717f7000 Exception <a 'java/io/IOException'{0x000000061e80e268}> (0x000000061e80e268) thrown at [./src/hotspot/share/prims/jni.cpp, line 617]
Event: 7.630 Thread 0x00000225717f7000 Exception <a 'java/io/IOException'{0x000000061e80f1e8}> (0x000000061e80f1e8) thrown at [./src/hotspot/share/prims/jni.cpp, line 617]
Event: 7.630 Thread 0x00000225717f7000 Exception <a 'java/io/IOException'{0x000000061e80f7a0}> (0x000000061e80f7a0) thrown at [./src/hotspot/share/prims/jni.cpp, line 617]
Event: 7.633 Thread 0x00000225717f7000 Exception <a 'java/io/IOException'{0x000000061e8285a8}> (0x000000061e8285a8) thrown at [./src/hotspot/share/prims/jni.cpp, line 617]
Event: 7.633 Thread 0x00000225717f7000 Exception <a 'java/io/IOException'{0x000000061e828b60}> (0x000000061e828b60) thrown at [./src/hotspot/share/prims/jni.cpp, line 617]
Event: 7.633 Thread 0x00000225717f7000 Exception <a 'java/io/IOException'{0x000000061e829a58}> (0x000000061e829a58) thrown at [./src/hotspot/share/prims/jni.cpp, line 617]
Event: 7.634 Thread 0x00000225717f7000 Exception <a 'java/io/IOException'{0x000000061e82a010}> (0x000000061e82a010) thrown at [./src/hotspot/share/prims/jni.cpp, line 617]
Event: 7.635 Thread 0x00000225678d6000 Exception <a 'java/io/IOException'{0x000000061e899058}> (0x000000061e899058) thrown at [./src/hotspot/share/prims/jni.cpp, line 617]
Event: 7.635 Thread 0x00000225678d6000 Exception <a 'java/io/IOException'{0x000000061e899368}> (0x000000061e899368) thrown at [./src/hotspot/share/prims/jni.cpp, line 617]
Event: 7.637 Thread 0x00000225678d6000 Exception <a 'java/io/IOException'{0x000000061e89d9e8}> (0x000000061e89d9e8) thrown at [./src/hotspot/share/prims/jni.cpp, line 617]
Event: 7.637 Thread 0x00000225678d6000 Exception <a 'java/io/IOException'{0x000000061e89dcf8}> (0x000000061e89dcf8) thrown at [./src/hotspot/share/prims/jni.cpp, line 617]
Event: 7.643 Thread 0x00000225678d6000 Exception <a 'java/io/IOException'{0x000000061e8ec338}> (0x000000061e8ec338) thrown at [./src/hotspot/share/prims/jni.cpp, line 617]
Event: 7.643 Thread 0x00000225678d6000 Exception <a 'java/io/IOException'{0x000000061e8ec8f0}> (0x000000061e8ec8f0) thrown at [./src/hotspot/share/prims/jni.cpp, line 617]
Event: 7.871 Thread 0x00000225717f7000 Exception <a 'java/io/IOException'{0x000000061dd75868}> (0x000000061dd75868) thrown at [./src/hotspot/share/prims/jni.cpp, line 617]
Event: 7.872 Thread 0x00000225717f7000 Exception <a 'java/io/IOException'{0x000000061dd75e20}> (0x000000061dd75e20) thrown at [./src/hotspot/share/prims/jni.cpp, line 617]
Event: 7.872 Thread 0x00000225717f7000 Exception <a 'java/io/IOException'{0x000000061dd76d10}> (0x000000061dd76d10) thrown at [./src/hotspot/share/prims/jni.cpp, line 617]
Event: 7.872 Thread 0x00000225717f7000 Exception <a 'java/io/IOException'{0x000000061dd772c8}> (0x000000061dd772c8) thrown at [./src/hotspot/share/prims/jni.cpp, line 617]

Events (20 events):
Event: 7.851 loading class java/util/function/UnaryOperator
Event: 7.851 loading class java/util/function/UnaryOperator done
Event: 7.852 loading class com/fasterxml/jackson/databind/util/LinkedNode
Event: 7.852 loading class com/fasterxml/jackson/databind/util/LinkedNode done
Event: 7.852 loading class com/fasterxml/jackson/databind/deser/std/StdKeyDeserializer$StringKD
Event: 7.852 loading class com/fasterxml/jackson/databind/deser/std/StdKeyDeserializer$StringKD done
Event: 7.853 loading class com/fasterxml/jackson/databind/deser/ContextualKeyDeserializer
Event: 7.853 loading class com/fasterxml/jackson/databind/deser/ContextualKeyDeserializer done
Event: 7.853 loading class com/fasterxml/jackson/databind/annotation/JacksonStdImpl
Event: 7.853 loading class com/fasterxml/jackson/databind/annotation/JacksonStdImpl done
Event: 7.853 loading class com/fasterxml/jackson/annotation/JsonFormat$Feature
Event: 7.853 loading class com/fasterxml/jackson/annotation/JsonFormat$Feature done
Event: 7.856 loading class com/st/microxplorer/plugins/tutovideos/model/ExtraServerVideo
Event: 7.856 loading class com/st/microxplorer/plugins/tutovideos/model/ExtraServerVideo done
Event: 7.859 loading class com/fasterxml/jackson/core/io/NumberInput
Event: 7.859 loading class com/fasterxml/jackson/core/io/NumberInput done
Event: 7.877 loading class com/st/microxplorer/plugins/updater/Updater
Event: 7.877 loading class com/st/microxplorer/plugins/updater/Updater done
Event: 7.878 loading class com/st/microxplorer/plugins/updater/engine/EngineConstants
Event: 7.878 loading class com/st/microxplorer/plugins/updater/engine/EngineConstants done


Dynamic libraries:
0x00007ff7d8bf0000 - 0x00007ff7d8bfd000 	C:\Program Files\STMicroelectronics\STM32Cube\STM32CubeMX\jre\bin\javaw.exe
0x00007ffb23fb0000 - 0x00007ffb241a8000 	C:\WINDOWS\SYSTEM32\ntdll.dll
0x00007ffb22c60000 - 0x00007ffb22d1f000 	C:\WINDOWS\System32\KERNEL32.DLL
0x00007ffb21930000 - 0x00007ffb21c02000 	C:\WINDOWS\System32\KERNELBASE.dll
0x00007ffb1e900000 - 0x00007ffb1e990000 	C:\WINDOWS\SYSTEM32\apphelp.dll
0x00007ffb21720000 - 0x00007ffb21820000 	C:\WINDOWS\System32\ucrtbase.dll
0x00007ffb14bc0000 - 0x00007ffb14bd5000 	C:\Program Files\STMicroelectronics\STM32Cube\STM32CubeMX\jre\bin\VCRUNTIME140.dll
0x00007ffb14ea0000 - 0x00007ffb14eb7000 	C:\Program Files\STMicroelectronics\STM32Cube\STM32CubeMX\jre\bin\jli.dll
0x00007ffb22a20000 - 0x00007ffb22bc1000 	C:\WINDOWS\System32\USER32.dll
0x00007ffaf8c90000 - 0x00007ffaf8f2a000 	C:\WINDOWS\WinSxS\amd64_microsoft.windows.common-controls_6595b64144ccf1df_6.0.19041.1110_none_60b5254171f9507e\COMCTL32.dll
0x00007ffb23c20000 - 0x00007ffb23cbe000 	C:\WINDOWS\System32\msvcrt.dll
0x00007ffb218d0000 - 0x00007ffb218f2000 	C:\WINDOWS\System32\win32u.dll
0x00007ffb23960000 - 0x00007ffb2398b000 	C:\WINDOWS\System32\GDI32.dll
0x00007ffb21e60000 - 0x00007ffb21f6f000 	C:\WINDOWS\System32\gdi32full.dll
0x00007ffb21dc0000 - 0x00007ffb21e5d000 	C:\WINDOWS\System32\msvcp_win.dll
0x00007ffb23f40000 - 0x00007ffb23f70000 	C:\WINDOWS\System32\IMM32.DLL
0x00007ffae4750000 - 0x00007ffae47eb000 	C:\Program Files\STMicroelectronics\STM32Cube\STM32CubeMX\jre\bin\msvcp140.dll
0x00007ffa948e0000 - 0x00007ffa95462000 	C:\Program Files\STMicroelectronics\STM32Cube\STM32CubeMX\jre\bin\server\jvm.dll
0x00007ffb238b0000 - 0x00007ffb2395e000 	C:\WINDOWS\System32\ADVAPI32.dll
0x00007ffb23810000 - 0x00007ffb238ac000 	C:\WINDOWS\System32\sechost.dll
0x00007ffb22000000 - 0x00007ffb22124000 	C:\WINDOWS\System32\RPCRT4.dll
0x00007ffb1a540000 - 0x00007ffb1a549000 	C:\WINDOWS\SYSTEM32\WSOCK32.dll
0x00007ffb22bd0000 - 0x00007ffb22bd8000 	C:\WINDOWS\System32\PSAPI.DLL
0x00007ffb1a900000 - 0x00007ffb1a927000 	C:\WINDOWS\SYSTEM32\WINMM.dll
0x00007ffb23cc0000 - 0x00007ffb23d2b000 	C:\WINDOWS\System32\WS2_32.dll
0x00007ffb1b580000 - 0x00007ffb1b58a000 	C:\WINDOWS\SYSTEM32\VERSION.dll
0x00007ffb1fee0000 - 0x00007ffb1fef2000 	C:\WINDOWS\SYSTEM32\kernel.appcore.dll
0x00007ffb15330000 - 0x00007ffb15340000 	C:\Program Files\STMicroelectronics\STM32Cube\STM32CubeMX\jre\bin\verify.dll
0x00007ffb1fcc0000 - 0x00007ffb1fea4000 	C:\WINDOWS\SYSTEM32\DBGHELP.DLL
0x00007ffb15d70000 - 0x00007ffb15da5000 	C:\WINDOWS\SYSTEM32\dbgcore.DLL
0x00007ffb21f70000 - 0x00007ffb21ff2000 	C:\WINDOWS\System32\bcryptPrimitives.dll
0x00007ffaff230000 - 0x00007ffaff258000 	C:\Program Files\STMicroelectronics\STM32Cube\STM32CubeMX\jre\bin\java.dll
0x00007ffb151e0000 - 0x00007ffb151ea000 	C:\Program Files\STMicroelectronics\STM32Cube\STM32CubeMX\jre\bin\jimage.dll
0x00007ffaff1c0000 - 0x00007ffaff1d8000 	C:\Program Files\STMicroelectronics\STM32Cube\STM32CubeMX\jre\bin\zip.dll
0x00007ffb22190000 - 0x00007ffb228d5000 	C:\WINDOWS\System32\SHELL32.dll
0x00007ffb1f460000 - 0x00007ffb1fbf2000 	C:\WINDOWS\SYSTEM32\windows.storage.dll
0x00007ffb234b0000 - 0x00007ffb23805000 	C:\WINDOWS\System32\combase.dll
0x00007ffb21030000 - 0x00007ffb21060000 	C:\WINDOWS\SYSTEM32\Wldp.dll
0x00007ffb233e0000 - 0x00007ffb2348d000 	C:\WINDOWS\System32\SHCORE.dll
0x00007ffb22e00000 - 0x00007ffb22e55000 	C:\WINDOWS\System32\shlwapi.dll
0x00007ffb215f0000 - 0x00007ffb2160f000 	C:\WINDOWS\SYSTEM32\profapi.dll
0x00007ffaff150000 - 0x00007ffaff169000 	C:\Program Files\STMicroelectronics\STM32Cube\STM32CubeMX\jre\bin\net.dll
0x00007ffb183c0000 - 0x00007ffb184ca000 	C:\WINDOWS\SYSTEM32\WINHTTP.dll
0x00007ffb20e10000 - 0x00007ffb20e7a000 	C:\WINDOWS\system32\mswsock.dll
0x00007ffaf0db0000 - 0x00007ffaf0dc3000 	C:\Program Files\STMicroelectronics\STM32Cube\STM32CubeMX\jre\bin\nio.dll
0x00007ffb14e00000 - 0x00007ffb14e09000 	C:\Program Files\STMicroelectronics\STM32Cube\STM32CubeMX\jre\bin\management.dll
0x00007ffb14b80000 - 0x00007ffb14b8b000 	C:\Program Files\STMicroelectronics\STM32Cube\STM32CubeMX\jre\bin\management_ext.dll
0x00007ffb1a520000 - 0x00007ffb1a537000 	C:\WINDOWS\system32\napinsp.dll
0x00007ffb1a330000 - 0x00007ffb1a34b000 	C:\WINDOWS\system32\pnrpnsp.dll
0x00007ffb1c730000 - 0x00007ffb1c745000 	C:\WINDOWS\system32\wshbth.dll
0x00007ffb1a310000 - 0x00007ffb1a32d000 	C:\WINDOWS\system32\NLAapi.dll
0x00007ffb20ad0000 - 0x00007ffb20b0b000 	C:\WINDOWS\SYSTEM32\IPHLPAPI.DLL
0x00007ffb20b20000 - 0x00007ffb20beb000 	C:\WINDOWS\SYSTEM32\DNSAPI.dll
0x00007ffb228e0000 - 0x00007ffb228e8000 	C:\WINDOWS\System32\NSI.dll
0x00007ffb1a2f0000 - 0x00007ffb1a302000 	C:\WINDOWS\System32\winrnr.dll
0x000000006ddc0000 - 0x000000006dde6000 	C:\Program Files\Bonjour\mdnsNSP.dll
0x00007ffb1a5d0000 - 0x00007ffb1a5da000 	C:\Windows\System32\rasadhlp.dll
0x00007ffb1a220000 - 0x00007ffb1a2a0000 	C:\WINDOWS\System32\fwpuclnt.dll
0x00007ffb21900000 - 0x00007ffb21927000 	C:\WINDOWS\System32\bcrypt.dll
0x00007ffae24e0000 - 0x00007ffae267a000 	C:\Program Files\STMicroelectronics\STM32Cube\STM32CubeMX\jre\bin\awt.dll
0x00007ffb22d20000 - 0x00007ffb22ded000 	C:\WINDOWS\System32\OLEAUT32.dll
0x00007ffb21070000 - 0x00007ffb21088000 	C:\WINDOWS\SYSTEM32\CRYPTSP.dll
0x00007ffb206e0000 - 0x00007ffb20714000 	C:\WINDOWS\system32\rsaenh.dll
0x00007ffb215b0000 - 0x00007ffb215de000 	C:\WINDOWS\SYSTEM32\USERENV.dll
0x00007ffb20fa0000 - 0x00007ffb20fac000 	C:\WINDOWS\SYSTEM32\CRYPTBASE.dll
0x00007ffb1a2a0000 - 0x00007ffb1a2b7000 	C:\WINDOWS\SYSTEM32\dhcpcsvc6.DLL
0x00007ffb1a2c0000 - 0x00007ffb1a2dd000 	C:\WINDOWS\SYSTEM32\dhcpcsvc.DLL
0x00007ffb1ed10000 - 0x00007ffb1edae000 	C:\WINDOWS\system32\uxtheme.dll
0x00007ffb23d30000 - 0x00007ffb23e44000 	C:\WINDOWS\System32\MSCTF.dll
0x00007ffb228f0000 - 0x00007ffb22a1a000 	C:\WINDOWS\System32\ole32.dll
0x00007ffb1ef90000 - 0x00007ffb1efbf000 	C:\WINDOWS\system32\DWMAPI.DLL
0x00007ffaabd10000 - 0x00007ffaabe35000 	C:\WINDOWS\system32\opengl32.dll
0x00007ffad0d30000 - 0x00007ffad0d5c000 	C:\WINDOWS\SYSTEM32\GLU32.dll
0x00007ffadd050000 - 0x00007ffadd21e000 	C:\WINDOWS\system32\d3d9.dll
0x00007ffb12820000 - 0x00007ffb128de000 	C:\WINDOWS\System32\DriverStore\FileRepository\nv_dispi.inf_amd64_807bbbd5b556d8f2\nvldumdx.dll
0x00007ffb212a0000 - 0x00007ffb212b2000 	C:\WINDOWS\SYSTEM32\msasn1.dll
0x00007ffb17bc0000 - 0x00007ffb17bf1000 	C:\WINDOWS\SYSTEM32\cryptnet.dll
0x00007ffb21c10000 - 0x00007ffb21d66000 	C:\WINDOWS\System32\CRYPT32.dll
0x00007ffb17a70000 - 0x00007ffb17bb8000 	C:\WINDOWS\SYSTEM32\drvstore.dll
0x00007ffb21460000 - 0x00007ffb2148c000 	C:\WINDOWS\SYSTEM32\devobj.dll
0x00007ffb21d70000 - 0x00007ffb21dbe000 	C:\WINDOWS\System32\cfgmgr32.dll
0x00007ffb216b0000 - 0x00007ffb21719000 	C:\WINDOWS\System32\WINTRUST.DLL
0x00007ffb23490000 - 0x00007ffb234ad000 	C:\WINDOWS\System32\imagehlp.dll
0x00007ffab5eb0000 - 0x00007ffab84bb000 	C:\WINDOWS\System32\DriverStore\FileRepository\nv_dispi.inf_amd64_807bbbd5b556d8f2\nvd3dumx.dll
0x00007ffadc790000 - 0x00007ffadca5f000 	C:\WINDOWS\system32\nvspcap64.dll
0x00007ffb20800000 - 0x00007ffb20833000 	C:\WINDOWS\SYSTEM32\ntmarta.dll
0x00007ffb1ff00000 - 0x00007ffb1ff23000 	C:\WINDOWS\SYSTEM32\gpapi.dll
0x00007ffb1c2e0000 - 0x00007ffb1c31b000 	C:\WINDOWS\SYSTEM32\dxcore.dll
0x00007ffb14be0000 - 0x00007ffb14c63000 	C:\Program Files\STMicroelectronics\STM32Cube\STM32CubeMX\jre\bin\freetype.dll
0x00007ffae3280000 - 0x00007ffae3342000 	C:\Program Files\STMicroelectronics\STM32Cube\STM32CubeMX\jre\bin\fontmanager.dll
0x00007ffb1bfd0000 - 0x00007ffb1bfd9000 	C:\Program Files\STMicroelectronics\STM32Cube\STM32CubeMX\jre\bin\prefs.dll

dbghelp: loaded successfully - version: 4.0.5 - missing functions: none
symbol engine: initialized successfully - sym options: 0x614 - pdb path: .;C:\Program Files\STMicroelectronics\STM32Cube\STM32CubeMX\jre\bin;C:\WINDOWS\SYSTEM32;C:\WINDOWS\WinSxS\amd64_microsoft.windows.common-controls_6595b64144ccf1df_6.0.19041.1110_none_60b5254171f9507e;C:\Program Files\STMicroelectronics\STM32Cube\STM32CubeMX\jre\bin\server;C:\Program Files\Bonjour;C:\WINDOWS\System32\DriverStore\FileRepository\nv_dispi.inf_amd64_807bbbd5b556d8f2

VM Arguments:
jvm_args: -Djavax.net.ssl.trustStoreType=WINDOWS-ROOT 
java_command: com.st.microxplorer.maingui.STM32CubeMX C:\Users\Ya\STM32CubeIDE\workspace_1.11.2\STM32_TempBoard_Test_Code\STM32_TempBoard_Test_Code.ioc
java_class_path (initial): C:\Program Files\STMicroelectronics\STM32Cube\STM32CubeMX\STM32CubeMX.exe;anything
Launcher Type: SUN_STANDARD

[Global flags]
     intx CICompilerCount                          = 4                                         {product} {ergonomic}
     uint ConcGCThreads                            = 2                                         {product} {ergonomic}
     uint G1ConcRefinementThreads                  = 8                                         {product} {ergonomic}
   size_t G1HeapRegionSize                         = 2097152                                   {product} {ergonomic}
    uintx GCDrainStackTargetSize                   = 64                                        {product} {ergonomic}
   size_t InitialHeapSize                          = 536870912                                 {product} {ergonomic}
   size_t MarkStackSize                            = 4194304                                   {product} {ergonomic}
   size_t MaxHeapSize                              = 8568963072                                {product} {ergonomic}
   size_t MaxNewSize                               = 5140119552                                {product} {ergonomic}
   size_t MinHeapDeltaBytes                        = 2097152                                   {product} {ergonomic}
    uintx NonNMethodCodeHeapSize                   = 5836300                                {pd product} {ergonomic}
    uintx NonProfiledCodeHeapSize                  = 122910970                              {pd product} {ergonomic}
    uintx ProfiledCodeHeapSize                     = 122910970                              {pd product} {ergonomic}
    uintx ReservedCodeCacheSize                    = 251658240                              {pd product} {ergonomic}
     bool SegmentedCodeCache                       = true                                      {product} {ergonomic}
     bool UseCompressedClassPointers               = true                                 {lp64_product} {ergonomic}
     bool UseCompressedOops                        = true                                 {lp64_product} {ergonomic}
     bool UseG1GC                                  = true                                      {product} {ergonomic}
     bool UseLargePagesIndividualAllocation        = false                                  {pd product} {ergonomic}

Logging:
Log output configuration:
 #0: stdout all=warning uptime,level,tags
 #1: stderr all=off uptime,level,tags

Environment Variables:
JAVA_HOME=C:\Program Files (x86)\Java\jdk1.8.0_261\jdk-15
PATH=C:\Program Files\STMicroelectronics\STM32Cube\STM32CubeMX\;C:\Program Files\NVIDIA GPU Computing Toolkit\CUDA\v11.8\bin;C:\Program Files\NVIDIA GPU Computing Toolkit\CUDA\v11.8\libnvvp;C:\Program Files (x86)\NVIDIA Corporation\PhysX\Common;C:\Python39\Scripts\;C:\Python39\;C:\Program Files\Common Files\Oracle\Java\javapath;C:\Program Files (x86)\Common Files\Oracle\Java\javapath;C:\Windows\system32;C:\Windows;C:\Windows\System32\Wbem;C:\Windows\System32\WindowsPowerShell\v1.0\;C:\Windows\System32\OpenSSH\;C:\WINDOWS\system32;C:\WINDOWS;C:\WINDOWS\System32\Wbem;C:\WINDOWS\System32\WindowsPowerShell\v1.0\;C:\WINDOWS\System32\OpenSSH\;C:\Program Files\Microsoft SQL Server\Client SDK\ODBC\110\Tools\Binn\;C:\Program Files (x86)\Microsoft SQL Server\120\Tools\Binn\;C:\Program Files\Microsoft SQL Server\120\Tools\Binn\;C:\Program Files\Microsoft SQL Server\120\DTS\Binn\;C:\Program Files (x86)\Windows Kits\8.1\Windows Performance Toolkit\;C:\Program Files\dotnet\;C:\Program Files\Git\cmd;C:\Program Files\nodejs\;C:\ProgramData\chocolatey\bin;C:\Program Files (x86)\Yarn\bin\;C:\Program Files (x86)\dotnet\;C:\Program Files (x86)\Pulse Secure\VC142.CRT\X64\;C:\Program Files (x86)\Pulse Secure\VC142.CRT\X86\;C:\Program Files\NVIDIA Corporation\NVIDIA NvDLISR;C:\Program Files\wooting-analog-sdk\;C:\Program Files\MATLAB\R2022a\runtime\win64;C:\Program Files\MATLAB\R2022a\bin;C:\Program Files\NVIDIA Corporation\Nsight Compute 2022.3.0\;C:\Program Files\Calibre2\;C:\Program Files\Docker\Docker\resources\bin;C:\Program Files (x86)\STMicroelectronics\STM32 ST-LINK Utility\ST-LINK Utility;C:\Program Files\PowerShell\7\;C:\Users\Ya\AppData\Local\Programs\Python\Python310\Scripts\;C:\Users\Ya\AppData\Local\Programs\Python\Python310\;C:\Users\Ya\AppData\Local\Programs\Python\Python39\Scripts\;C:\Users\Ya\AppData\Local\Programs\Python\Python39\;C:\Users\Ya\AppData\Local\Programs\Python\Python38\Scripts\;C:\Users\Ya\AppData\Local\Programs\Python\Python38\;C:\Users\Ya\AppData\Local\Micros
USERNAME=Yamaan
OS=Windows_NT
PROCESSOR_IDENTIFIER=Intel64 Family 6 Model 158 Stepping 12, GenuineIntel
TMP=C:\Users\Ya\AppData\Local\Temp
TEMP=C:\Users\Ya\AppData\Local\Temp



---------------  S Y S T E M  ---------------

OS: Windows 10 , 64 bit Build 19041 (10.0.19041.2546)
OS uptime: 11 days 22:44 hours
Hyper-V role detected

CPU:total 8 (initial active 8) (8 cores per cpu, 1 threads per core) family 6 model 158 stepping 12 microcode 0xd6, cmov, cx8, fxsr, mmx, sse, sse2, sse3, ssse3, sse4.1, sse4.2, popcnt, avx, avx2, aes, clmul, erms, rtm, 3dnowpref, lzcnt, tsc, tscinvbit, bmi1, bmi2, adx, fma

Memory: 4k page, system-wide physical 32683M (11885M free)
TotalPageFile size 37664M (AvailPageFile size 10M)
current process WorkingSet (physical memory assigned to process): 268M, peak: 269M
current process commit charge ("private bytes"): 756M, peak: 761M

vm_info: OpenJDK 64-Bit Server VM (11.0.17+8) for windows-amd64 JRE (11.0.17+8), built on Oct 19 2022 00:04:05 by "" with MS VC++ 15.9 (VS2017)

END.
