ARM GAS  C:\Users\Yamaan\AppData\Local\Temp\ccCze4MH.s 			page 1


   1              		.cpu cortex-m33
   2              		.arch armv8-m.main
   3              		.fpu fpv5-sp-d16
   4              		.arch_extension dsp
   5              		.eabi_attribute 27, 1
   6              		.eabi_attribute 28, 1
   7              		.eabi_attribute 20, 1
   8              		.eabi_attribute 21, 1
   9              		.eabi_attribute 23, 3
  10              		.eabi_attribute 24, 1
  11              		.eabi_attribute 25, 1
  12              		.eabi_attribute 26, 1
  13              		.eabi_attribute 30, 1
  14              		.eabi_attribute 34, 1
  15              		.eabi_attribute 18, 4
  16              		.file	"stm32u5xx_hal_pcd_ex.c"
  17              		.text
  18              	.Ltext0:
  19              		.cfi_sections	.debug_frame
  20              		.file 1 "Drivers/STM32U5xx_HAL_Driver/Src/stm32u5xx_hal_pcd_ex.c"
  21              		.section	.text.HAL_PCDEx_SetTxFiFo,"ax",%progbits
  22              		.align	1
  23              		.global	HAL_PCDEx_SetTxFiFo
  24              		.syntax unified
  25              		.thumb
  26              		.thumb_func
  28              	HAL_PCDEx_SetTxFiFo:
  29              	.LVL0:
  30              	.LFB340:
   1:Drivers/STM32U5xx_HAL_Driver/Src/stm32u5xx_hal_pcd_ex.c **** /**
   2:Drivers/STM32U5xx_HAL_Driver/Src/stm32u5xx_hal_pcd_ex.c ****   ******************************************************************************
   3:Drivers/STM32U5xx_HAL_Driver/Src/stm32u5xx_hal_pcd_ex.c ****   * @file    stm32u5xx_hal_pcd_ex.c
   4:Drivers/STM32U5xx_HAL_Driver/Src/stm32u5xx_hal_pcd_ex.c ****   * @author  MCD Application Team
   5:Drivers/STM32U5xx_HAL_Driver/Src/stm32u5xx_hal_pcd_ex.c ****   * @brief   PCD Extended HAL module driver.
   6:Drivers/STM32U5xx_HAL_Driver/Src/stm32u5xx_hal_pcd_ex.c ****   *          This file provides firmware functions to manage the following
   7:Drivers/STM32U5xx_HAL_Driver/Src/stm32u5xx_hal_pcd_ex.c ****   *          functionalities of the USB Peripheral Controller:
   8:Drivers/STM32U5xx_HAL_Driver/Src/stm32u5xx_hal_pcd_ex.c ****   *           + Extended features functions
   9:Drivers/STM32U5xx_HAL_Driver/Src/stm32u5xx_hal_pcd_ex.c ****   *
  10:Drivers/STM32U5xx_HAL_Driver/Src/stm32u5xx_hal_pcd_ex.c ****   ******************************************************************************
  11:Drivers/STM32U5xx_HAL_Driver/Src/stm32u5xx_hal_pcd_ex.c ****   * @attention
  12:Drivers/STM32U5xx_HAL_Driver/Src/stm32u5xx_hal_pcd_ex.c ****   *
  13:Drivers/STM32U5xx_HAL_Driver/Src/stm32u5xx_hal_pcd_ex.c ****   * Copyright (c) 2021 STMicroelectronics.
  14:Drivers/STM32U5xx_HAL_Driver/Src/stm32u5xx_hal_pcd_ex.c ****   * All rights reserved.
  15:Drivers/STM32U5xx_HAL_Driver/Src/stm32u5xx_hal_pcd_ex.c ****   *
  16:Drivers/STM32U5xx_HAL_Driver/Src/stm32u5xx_hal_pcd_ex.c ****   * This software is licensed under terms that can be found in the LICENSE file
  17:Drivers/STM32U5xx_HAL_Driver/Src/stm32u5xx_hal_pcd_ex.c ****   * in the root directory of this software component.
  18:Drivers/STM32U5xx_HAL_Driver/Src/stm32u5xx_hal_pcd_ex.c ****   * If no LICENSE file comes with this software, it is provided AS-IS.
  19:Drivers/STM32U5xx_HAL_Driver/Src/stm32u5xx_hal_pcd_ex.c ****   *
  20:Drivers/STM32U5xx_HAL_Driver/Src/stm32u5xx_hal_pcd_ex.c ****   ******************************************************************************
  21:Drivers/STM32U5xx_HAL_Driver/Src/stm32u5xx_hal_pcd_ex.c ****   */
  22:Drivers/STM32U5xx_HAL_Driver/Src/stm32u5xx_hal_pcd_ex.c **** 
  23:Drivers/STM32U5xx_HAL_Driver/Src/stm32u5xx_hal_pcd_ex.c **** /* Includes ------------------------------------------------------------------*/
  24:Drivers/STM32U5xx_HAL_Driver/Src/stm32u5xx_hal_pcd_ex.c **** #include "stm32u5xx_hal.h"
  25:Drivers/STM32U5xx_HAL_Driver/Src/stm32u5xx_hal_pcd_ex.c **** 
  26:Drivers/STM32U5xx_HAL_Driver/Src/stm32u5xx_hal_pcd_ex.c **** /** @addtogroup STM32U5xx_HAL_Driver
  27:Drivers/STM32U5xx_HAL_Driver/Src/stm32u5xx_hal_pcd_ex.c ****   * @{
  28:Drivers/STM32U5xx_HAL_Driver/Src/stm32u5xx_hal_pcd_ex.c ****   */
ARM GAS  C:\Users\Yamaan\AppData\Local\Temp\ccCze4MH.s 			page 2


  29:Drivers/STM32U5xx_HAL_Driver/Src/stm32u5xx_hal_pcd_ex.c **** 
  30:Drivers/STM32U5xx_HAL_Driver/Src/stm32u5xx_hal_pcd_ex.c **** /** @defgroup PCDEx PCDEx
  31:Drivers/STM32U5xx_HAL_Driver/Src/stm32u5xx_hal_pcd_ex.c ****   * @brief PCD Extended HAL module driver
  32:Drivers/STM32U5xx_HAL_Driver/Src/stm32u5xx_hal_pcd_ex.c ****   * @{
  33:Drivers/STM32U5xx_HAL_Driver/Src/stm32u5xx_hal_pcd_ex.c ****   */
  34:Drivers/STM32U5xx_HAL_Driver/Src/stm32u5xx_hal_pcd_ex.c **** 
  35:Drivers/STM32U5xx_HAL_Driver/Src/stm32u5xx_hal_pcd_ex.c **** #ifdef HAL_PCD_MODULE_ENABLED
  36:Drivers/STM32U5xx_HAL_Driver/Src/stm32u5xx_hal_pcd_ex.c **** 
  37:Drivers/STM32U5xx_HAL_Driver/Src/stm32u5xx_hal_pcd_ex.c **** #if defined (USB_OTG_FS) || defined (USB_OTG_HS)
  38:Drivers/STM32U5xx_HAL_Driver/Src/stm32u5xx_hal_pcd_ex.c **** /* Private types -------------------------------------------------------------*/
  39:Drivers/STM32U5xx_HAL_Driver/Src/stm32u5xx_hal_pcd_ex.c **** /* Private variables ---------------------------------------------------------*/
  40:Drivers/STM32U5xx_HAL_Driver/Src/stm32u5xx_hal_pcd_ex.c **** /* Private constants ---------------------------------------------------------*/
  41:Drivers/STM32U5xx_HAL_Driver/Src/stm32u5xx_hal_pcd_ex.c **** /* Private macros ------------------------------------------------------------*/
  42:Drivers/STM32U5xx_HAL_Driver/Src/stm32u5xx_hal_pcd_ex.c **** /* Private functions ---------------------------------------------------------*/
  43:Drivers/STM32U5xx_HAL_Driver/Src/stm32u5xx_hal_pcd_ex.c **** /* Exported functions --------------------------------------------------------*/
  44:Drivers/STM32U5xx_HAL_Driver/Src/stm32u5xx_hal_pcd_ex.c **** 
  45:Drivers/STM32U5xx_HAL_Driver/Src/stm32u5xx_hal_pcd_ex.c **** /** @defgroup PCDEx_Exported_Functions PCDEx Exported Functions
  46:Drivers/STM32U5xx_HAL_Driver/Src/stm32u5xx_hal_pcd_ex.c ****   * @{
  47:Drivers/STM32U5xx_HAL_Driver/Src/stm32u5xx_hal_pcd_ex.c ****   */
  48:Drivers/STM32U5xx_HAL_Driver/Src/stm32u5xx_hal_pcd_ex.c **** 
  49:Drivers/STM32U5xx_HAL_Driver/Src/stm32u5xx_hal_pcd_ex.c **** /** @defgroup PCDEx_Exported_Functions_Group1 Peripheral Control functions
  50:Drivers/STM32U5xx_HAL_Driver/Src/stm32u5xx_hal_pcd_ex.c ****   * @brief    PCDEx control functions
  51:Drivers/STM32U5xx_HAL_Driver/Src/stm32u5xx_hal_pcd_ex.c ****   *
  52:Drivers/STM32U5xx_HAL_Driver/Src/stm32u5xx_hal_pcd_ex.c **** @verbatim
  53:Drivers/STM32U5xx_HAL_Driver/Src/stm32u5xx_hal_pcd_ex.c ****  ===============================================================================
  54:Drivers/STM32U5xx_HAL_Driver/Src/stm32u5xx_hal_pcd_ex.c ****                  ##### Extended features functions #####
  55:Drivers/STM32U5xx_HAL_Driver/Src/stm32u5xx_hal_pcd_ex.c ****  ===============================================================================
  56:Drivers/STM32U5xx_HAL_Driver/Src/stm32u5xx_hal_pcd_ex.c ****     [..]  This section provides functions allowing to:
  57:Drivers/STM32U5xx_HAL_Driver/Src/stm32u5xx_hal_pcd_ex.c ****       (+) Update FIFO configuration
  58:Drivers/STM32U5xx_HAL_Driver/Src/stm32u5xx_hal_pcd_ex.c **** 
  59:Drivers/STM32U5xx_HAL_Driver/Src/stm32u5xx_hal_pcd_ex.c **** @endverbatim
  60:Drivers/STM32U5xx_HAL_Driver/Src/stm32u5xx_hal_pcd_ex.c ****   * @{
  61:Drivers/STM32U5xx_HAL_Driver/Src/stm32u5xx_hal_pcd_ex.c ****   */
  62:Drivers/STM32U5xx_HAL_Driver/Src/stm32u5xx_hal_pcd_ex.c **** #if defined (USB_OTG_FS) || defined (USB_OTG_HS)
  63:Drivers/STM32U5xx_HAL_Driver/Src/stm32u5xx_hal_pcd_ex.c **** /**
  64:Drivers/STM32U5xx_HAL_Driver/Src/stm32u5xx_hal_pcd_ex.c ****   * @brief  Set Tx FIFO
  65:Drivers/STM32U5xx_HAL_Driver/Src/stm32u5xx_hal_pcd_ex.c ****   * @param  hpcd PCD handle
  66:Drivers/STM32U5xx_HAL_Driver/Src/stm32u5xx_hal_pcd_ex.c ****   * @param  fifo The number of Tx fifo
  67:Drivers/STM32U5xx_HAL_Driver/Src/stm32u5xx_hal_pcd_ex.c ****   * @param  size Fifo size
  68:Drivers/STM32U5xx_HAL_Driver/Src/stm32u5xx_hal_pcd_ex.c ****   * @retval HAL status
  69:Drivers/STM32U5xx_HAL_Driver/Src/stm32u5xx_hal_pcd_ex.c ****   */
  70:Drivers/STM32U5xx_HAL_Driver/Src/stm32u5xx_hal_pcd_ex.c **** HAL_StatusTypeDef HAL_PCDEx_SetTxFiFo(PCD_HandleTypeDef *hpcd, uint8_t fifo, uint16_t size)
  71:Drivers/STM32U5xx_HAL_Driver/Src/stm32u5xx_hal_pcd_ex.c **** {
  31              		.loc 1 71 1 view -0
  32              		.cfi_startproc
  33              		@ args = 0, pretend = 0, frame = 0
  34              		@ frame_needed = 0, uses_anonymous_args = 0
  35              		@ link register save eliminated.
  36              		.loc 1 71 1 is_stmt 0 view .LVU1
  37 0000 10B4     		push	{r4}
  38              		.cfi_def_cfa_offset 4
  39              		.cfi_offset 4, -4
  72:Drivers/STM32U5xx_HAL_Driver/Src/stm32u5xx_hal_pcd_ex.c ****   uint8_t i;
  40              		.loc 1 72 3 is_stmt 1 view .LVU2
  73:Drivers/STM32U5xx_HAL_Driver/Src/stm32u5xx_hal_pcd_ex.c ****   uint32_t Tx_Offset;
  41              		.loc 1 73 3 view .LVU3
  74:Drivers/STM32U5xx_HAL_Driver/Src/stm32u5xx_hal_pcd_ex.c **** 
ARM GAS  C:\Users\Yamaan\AppData\Local\Temp\ccCze4MH.s 			page 3


  75:Drivers/STM32U5xx_HAL_Driver/Src/stm32u5xx_hal_pcd_ex.c ****   /*  TXn min size = 16 words. (n  : Transmit FIFO index)
  76:Drivers/STM32U5xx_HAL_Driver/Src/stm32u5xx_hal_pcd_ex.c ****       When a TxFIFO is not used, the Configuration should be as follows:
  77:Drivers/STM32U5xx_HAL_Driver/Src/stm32u5xx_hal_pcd_ex.c ****           case 1 :  n > m    and Txn is not used    (n,m  : Transmit FIFO indexes)
  78:Drivers/STM32U5xx_HAL_Driver/Src/stm32u5xx_hal_pcd_ex.c ****          --> Txm can use the space allocated for Txn.
  79:Drivers/STM32U5xx_HAL_Driver/Src/stm32u5xx_hal_pcd_ex.c ****          case2  :  n < m    and Txn is not used    (n,m  : Transmit FIFO indexes)
  80:Drivers/STM32U5xx_HAL_Driver/Src/stm32u5xx_hal_pcd_ex.c ****          --> Txn should be configured with the minimum space of 16 words
  81:Drivers/STM32U5xx_HAL_Driver/Src/stm32u5xx_hal_pcd_ex.c ****      The FIFO is used optimally when used TxFIFOs are allocated in the top
  82:Drivers/STM32U5xx_HAL_Driver/Src/stm32u5xx_hal_pcd_ex.c ****          of the FIFO.Ex: use EP1 and EP2 as IN instead of EP1 and EP3 as IN ones.
  83:Drivers/STM32U5xx_HAL_Driver/Src/stm32u5xx_hal_pcd_ex.c ****      When DMA is used 3n * FIFO locations should be reserved for internal DMA registers */
  84:Drivers/STM32U5xx_HAL_Driver/Src/stm32u5xx_hal_pcd_ex.c **** 
  85:Drivers/STM32U5xx_HAL_Driver/Src/stm32u5xx_hal_pcd_ex.c ****   Tx_Offset = hpcd->Instance->GRXFSIZ;
  42              		.loc 1 85 3 view .LVU4
  43              		.loc 1 85 19 is_stmt 0 view .LVU5
  44 0002 0468     		ldr	r4, [r0]
  45              		.loc 1 85 13 view .LVU6
  46 0004 606A     		ldr	r0, [r4, #36]
  47              	.LVL1:
  86:Drivers/STM32U5xx_HAL_Driver/Src/stm32u5xx_hal_pcd_ex.c **** 
  87:Drivers/STM32U5xx_HAL_Driver/Src/stm32u5xx_hal_pcd_ex.c ****   if (fifo == 0U)
  48              		.loc 1 87 3 is_stmt 1 view .LVU7
  49              		.loc 1 87 6 is_stmt 0 view .LVU8
  50 0006 31B9     		cbnz	r1, .L2
  88:Drivers/STM32U5xx_HAL_Driver/Src/stm32u5xx_hal_pcd_ex.c ****   {
  89:Drivers/STM32U5xx_HAL_Driver/Src/stm32u5xx_hal_pcd_ex.c ****     hpcd->Instance->DIEPTXF0_HNPTXFSIZ = ((uint32_t)size << 16) | Tx_Offset;
  51              		.loc 1 89 5 is_stmt 1 view .LVU9
  52              		.loc 1 89 65 is_stmt 0 view .LVU10
  53 0008 40EA0240 		orr	r0, r0, r2, lsl #16
  54              	.LVL2:
  55              		.loc 1 89 40 view .LVU11
  56 000c A062     		str	r0, [r4, #40]
  57              	.LVL3:
  58              	.L3:
  90:Drivers/STM32U5xx_HAL_Driver/Src/stm32u5xx_hal_pcd_ex.c ****   }
  91:Drivers/STM32U5xx_HAL_Driver/Src/stm32u5xx_hal_pcd_ex.c ****   else
  92:Drivers/STM32U5xx_HAL_Driver/Src/stm32u5xx_hal_pcd_ex.c ****   {
  93:Drivers/STM32U5xx_HAL_Driver/Src/stm32u5xx_hal_pcd_ex.c ****     Tx_Offset += (hpcd->Instance->DIEPTXF0_HNPTXFSIZ) >> 16;
  94:Drivers/STM32U5xx_HAL_Driver/Src/stm32u5xx_hal_pcd_ex.c ****     for (i = 0U; i < (fifo - 1U); i++)
  95:Drivers/STM32U5xx_HAL_Driver/Src/stm32u5xx_hal_pcd_ex.c ****     {
  96:Drivers/STM32U5xx_HAL_Driver/Src/stm32u5xx_hal_pcd_ex.c ****       Tx_Offset += (hpcd->Instance->DIEPTXF[i] >> 16);
  97:Drivers/STM32U5xx_HAL_Driver/Src/stm32u5xx_hal_pcd_ex.c ****     }
  98:Drivers/STM32U5xx_HAL_Driver/Src/stm32u5xx_hal_pcd_ex.c **** 
  99:Drivers/STM32U5xx_HAL_Driver/Src/stm32u5xx_hal_pcd_ex.c ****     /* Multiply Tx_Size by 2 to get higher performance */
 100:Drivers/STM32U5xx_HAL_Driver/Src/stm32u5xx_hal_pcd_ex.c ****     hpcd->Instance->DIEPTXF[fifo - 1U] = ((uint32_t)size << 16) | Tx_Offset;
 101:Drivers/STM32U5xx_HAL_Driver/Src/stm32u5xx_hal_pcd_ex.c ****   }
 102:Drivers/STM32U5xx_HAL_Driver/Src/stm32u5xx_hal_pcd_ex.c **** 
 103:Drivers/STM32U5xx_HAL_Driver/Src/stm32u5xx_hal_pcd_ex.c ****   return HAL_OK;
  59              		.loc 1 103 3 is_stmt 1 view .LVU12
 104:Drivers/STM32U5xx_HAL_Driver/Src/stm32u5xx_hal_pcd_ex.c **** }
  60              		.loc 1 104 1 is_stmt 0 view .LVU13
  61 000e 0020     		movs	r0, #0
  62 0010 5DF8044B 		ldr	r4, [sp], #4
  63              		.cfi_remember_state
  64              		.cfi_restore 4
  65              		.cfi_def_cfa_offset 0
  66 0014 7047     		bx	lr
  67              	.LVL4:
  68              	.L2:
ARM GAS  C:\Users\Yamaan\AppData\Local\Temp\ccCze4MH.s 			page 4


  69              		.cfi_restore_state
  70              		.loc 1 104 1 view .LVU14
  71 0016 8C46     		mov	ip, r1
  93:Drivers/STM32U5xx_HAL_Driver/Src/stm32u5xx_hal_pcd_ex.c ****     for (i = 0U; i < (fifo - 1U); i++)
  72              		.loc 1 93 5 is_stmt 1 view .LVU15
  93:Drivers/STM32U5xx_HAL_Driver/Src/stm32u5xx_hal_pcd_ex.c ****     for (i = 0U; i < (fifo - 1U); i++)
  73              		.loc 1 93 33 is_stmt 0 view .LVU16
  74 0018 A36A     		ldr	r3, [r4, #40]
  93:Drivers/STM32U5xx_HAL_Driver/Src/stm32u5xx_hal_pcd_ex.c ****     for (i = 0U; i < (fifo - 1U); i++)
  75              		.loc 1 93 15 view .LVU17
  76 001a 00EB1340 		add	r0, r0, r3, lsr #16
  77              	.LVL5:
  94:Drivers/STM32U5xx_HAL_Driver/Src/stm32u5xx_hal_pcd_ex.c ****     {
  78              		.loc 1 94 5 is_stmt 1 view .LVU18
  94:Drivers/STM32U5xx_HAL_Driver/Src/stm32u5xx_hal_pcd_ex.c ****     {
  79              		.loc 1 94 12 is_stmt 0 view .LVU19
  80 001e 0023     		movs	r3, #0
  94:Drivers/STM32U5xx_HAL_Driver/Src/stm32u5xx_hal_pcd_ex.c ****     {
  81              		.loc 1 94 5 view .LVU20
  82 0020 08E0     		b	.L4
  83              	.LVL6:
  84              	.L5:
  96:Drivers/STM32U5xx_HAL_Driver/Src/stm32u5xx_hal_pcd_ex.c ****     }
  85              		.loc 1 96 7 is_stmt 1 discriminator 3 view .LVU21
  96:Drivers/STM32U5xx_HAL_Driver/Src/stm32u5xx_hal_pcd_ex.c ****     }
  86              		.loc 1 96 44 is_stmt 0 discriminator 3 view .LVU22
  87 0022 03F14001 		add	r1, r3, #64
  88 0026 04EB8101 		add	r1, r4, r1, lsl #2
  89 002a 4968     		ldr	r1, [r1, #4]
  96:Drivers/STM32U5xx_HAL_Driver/Src/stm32u5xx_hal_pcd_ex.c ****     }
  90              		.loc 1 96 17 discriminator 3 view .LVU23
  91 002c 00EB1140 		add	r0, r0, r1, lsr #16
  92              	.LVL7:
  94:Drivers/STM32U5xx_HAL_Driver/Src/stm32u5xx_hal_pcd_ex.c ****     {
  93              		.loc 1 94 36 is_stmt 1 discriminator 3 view .LVU24
  94 0030 0133     		adds	r3, r3, #1
  95              	.LVL8:
  94:Drivers/STM32U5xx_HAL_Driver/Src/stm32u5xx_hal_pcd_ex.c ****     {
  96              		.loc 1 94 36 is_stmt 0 discriminator 3 view .LVU25
  97 0032 DBB2     		uxtb	r3, r3
  98              	.LVL9:
  99              	.L4:
  94:Drivers/STM32U5xx_HAL_Driver/Src/stm32u5xx_hal_pcd_ex.c ****     {
 100              		.loc 1 94 20 is_stmt 1 discriminator 1 view .LVU26
  94:Drivers/STM32U5xx_HAL_Driver/Src/stm32u5xx_hal_pcd_ex.c ****     {
 101              		.loc 1 94 28 is_stmt 0 discriminator 1 view .LVU27
 102 0034 0CF1FF31 		add	r1, ip, #-1
  94:Drivers/STM32U5xx_HAL_Driver/Src/stm32u5xx_hal_pcd_ex.c ****     {
 103              		.loc 1 94 20 discriminator 1 view .LVU28
 104 0038 8B42     		cmp	r3, r1
 105 003a F2D3     		bcc	.L5
 100:Drivers/STM32U5xx_HAL_Driver/Src/stm32u5xx_hal_pcd_ex.c ****   }
 106              		.loc 1 100 5 is_stmt 1 view .LVU29
 100:Drivers/STM32U5xx_HAL_Driver/Src/stm32u5xx_hal_pcd_ex.c ****   }
 107              		.loc 1 100 65 is_stmt 0 view .LVU30
 108 003c 40EA0240 		orr	r0, r0, r2, lsl #16
 109              	.LVL10:
ARM GAS  C:\Users\Yamaan\AppData\Local\Temp\ccCze4MH.s 			page 5


 100:Drivers/STM32U5xx_HAL_Driver/Src/stm32u5xx_hal_pcd_ex.c ****   }
 110              		.loc 1 100 40 view .LVU31
 111 0040 0CF13F01 		add	r1, ip, #63
 112 0044 04EB8104 		add	r4, r4, r1, lsl #2
 113 0048 6060     		str	r0, [r4, #4]
 114 004a E0E7     		b	.L3
 115              		.cfi_endproc
 116              	.LFE340:
 118              		.section	.text.HAL_PCDEx_SetRxFiFo,"ax",%progbits
 119              		.align	1
 120              		.global	HAL_PCDEx_SetRxFiFo
 121              		.syntax unified
 122              		.thumb
 123              		.thumb_func
 125              	HAL_PCDEx_SetRxFiFo:
 126              	.LVL11:
 127              	.LFB341:
 105:Drivers/STM32U5xx_HAL_Driver/Src/stm32u5xx_hal_pcd_ex.c **** 
 106:Drivers/STM32U5xx_HAL_Driver/Src/stm32u5xx_hal_pcd_ex.c **** /**
 107:Drivers/STM32U5xx_HAL_Driver/Src/stm32u5xx_hal_pcd_ex.c ****   * @brief  Set Rx FIFO
 108:Drivers/STM32U5xx_HAL_Driver/Src/stm32u5xx_hal_pcd_ex.c ****   * @param  hpcd PCD handle
 109:Drivers/STM32U5xx_HAL_Driver/Src/stm32u5xx_hal_pcd_ex.c ****   * @param  size Size of Rx fifo
 110:Drivers/STM32U5xx_HAL_Driver/Src/stm32u5xx_hal_pcd_ex.c ****   * @retval HAL status
 111:Drivers/STM32U5xx_HAL_Driver/Src/stm32u5xx_hal_pcd_ex.c ****   */
 112:Drivers/STM32U5xx_HAL_Driver/Src/stm32u5xx_hal_pcd_ex.c **** HAL_StatusTypeDef HAL_PCDEx_SetRxFiFo(PCD_HandleTypeDef *hpcd, uint16_t size)
 113:Drivers/STM32U5xx_HAL_Driver/Src/stm32u5xx_hal_pcd_ex.c **** {
 128              		.loc 1 113 1 is_stmt 1 view -0
 129              		.cfi_startproc
 130              		@ args = 0, pretend = 0, frame = 0
 131              		@ frame_needed = 0, uses_anonymous_args = 0
 132              		@ link register save eliminated.
 114:Drivers/STM32U5xx_HAL_Driver/Src/stm32u5xx_hal_pcd_ex.c ****   hpcd->Instance->GRXFSIZ = size;
 133              		.loc 1 114 3 view .LVU33
 134              		.loc 1 114 7 is_stmt 0 view .LVU34
 135 0000 0368     		ldr	r3, [r0]
 136              		.loc 1 114 27 view .LVU35
 137 0002 5962     		str	r1, [r3, #36]
 115:Drivers/STM32U5xx_HAL_Driver/Src/stm32u5xx_hal_pcd_ex.c **** 
 116:Drivers/STM32U5xx_HAL_Driver/Src/stm32u5xx_hal_pcd_ex.c ****   return HAL_OK;
 138              		.loc 1 116 3 is_stmt 1 view .LVU36
 117:Drivers/STM32U5xx_HAL_Driver/Src/stm32u5xx_hal_pcd_ex.c **** }
 139              		.loc 1 117 1 is_stmt 0 view .LVU37
 140 0004 0020     		movs	r0, #0
 141              	.LVL12:
 142              		.loc 1 117 1 view .LVU38
 143 0006 7047     		bx	lr
 144              		.cfi_endproc
 145              	.LFE341:
 147              		.section	.text.HAL_PCDEx_ActivateLPM,"ax",%progbits
 148              		.align	1
 149              		.global	HAL_PCDEx_ActivateLPM
 150              		.syntax unified
 151              		.thumb
 152              		.thumb_func
 154              	HAL_PCDEx_ActivateLPM:
 155              	.LVL13:
 156              	.LFB342:
ARM GAS  C:\Users\Yamaan\AppData\Local\Temp\ccCze4MH.s 			page 6


 118:Drivers/STM32U5xx_HAL_Driver/Src/stm32u5xx_hal_pcd_ex.c **** 
 119:Drivers/STM32U5xx_HAL_Driver/Src/stm32u5xx_hal_pcd_ex.c **** /**
 120:Drivers/STM32U5xx_HAL_Driver/Src/stm32u5xx_hal_pcd_ex.c ****   * @brief  Activate LPM feature.
 121:Drivers/STM32U5xx_HAL_Driver/Src/stm32u5xx_hal_pcd_ex.c ****   * @param  hpcd PCD handle
 122:Drivers/STM32U5xx_HAL_Driver/Src/stm32u5xx_hal_pcd_ex.c ****   * @retval HAL status
 123:Drivers/STM32U5xx_HAL_Driver/Src/stm32u5xx_hal_pcd_ex.c ****   */
 124:Drivers/STM32U5xx_HAL_Driver/Src/stm32u5xx_hal_pcd_ex.c **** HAL_StatusTypeDef HAL_PCDEx_ActivateLPM(PCD_HandleTypeDef *hpcd)
 125:Drivers/STM32U5xx_HAL_Driver/Src/stm32u5xx_hal_pcd_ex.c **** {
 157              		.loc 1 125 1 is_stmt 1 view -0
 158              		.cfi_startproc
 159              		@ args = 0, pretend = 0, frame = 0
 160              		@ frame_needed = 0, uses_anonymous_args = 0
 161              		@ link register save eliminated.
 162              		.loc 1 125 1 is_stmt 0 view .LVU40
 163 0000 0346     		mov	r3, r0
 126:Drivers/STM32U5xx_HAL_Driver/Src/stm32u5xx_hal_pcd_ex.c ****   USB_OTG_GlobalTypeDef *USBx = hpcd->Instance;
 164              		.loc 1 126 3 is_stmt 1 view .LVU41
 165              		.loc 1 126 26 is_stmt 0 view .LVU42
 166 0002 0268     		ldr	r2, [r0]
 167              	.LVL14:
 127:Drivers/STM32U5xx_HAL_Driver/Src/stm32u5xx_hal_pcd_ex.c **** 
 128:Drivers/STM32U5xx_HAL_Driver/Src/stm32u5xx_hal_pcd_ex.c ****   hpcd->lpm_active = 1U;
 168              		.loc 1 128 3 is_stmt 1 view .LVU43
 169              		.loc 1 128 20 is_stmt 0 view .LVU44
 170 0004 0121     		movs	r1, #1
 171 0006 C0F80015 		str	r1, [r0, #1280]
 129:Drivers/STM32U5xx_HAL_Driver/Src/stm32u5xx_hal_pcd_ex.c ****   hpcd->LPM_State = LPM_L0;
 172              		.loc 1 129 3 is_stmt 1 view .LVU45
 173              		.loc 1 129 19 is_stmt 0 view .LVU46
 174 000a 0020     		movs	r0, #0
 175              	.LVL15:
 176              		.loc 1 129 19 view .LVU47
 177 000c 83F8F404 		strb	r0, [r3, #1268]
 130:Drivers/STM32U5xx_HAL_Driver/Src/stm32u5xx_hal_pcd_ex.c ****   USBx->GINTMSK |= USB_OTG_GINTMSK_LPMINTM;
 178              		.loc 1 130 3 is_stmt 1 view .LVU48
 179              		.loc 1 130 7 is_stmt 0 view .LVU49
 180 0010 9369     		ldr	r3, [r2, #24]
 181              	.LVL16:
 182              		.loc 1 130 17 view .LVU50
 183 0012 43F00063 		orr	r3, r3, #134217728
 184 0016 9361     		str	r3, [r2, #24]
 131:Drivers/STM32U5xx_HAL_Driver/Src/stm32u5xx_hal_pcd_ex.c ****   USBx->GLPMCFG |= (USB_OTG_GLPMCFG_LPMEN | USB_OTG_GLPMCFG_LPMACK | USB_OTG_GLPMCFG_ENBESL);
 185              		.loc 1 131 3 is_stmt 1 view .LVU51
 186              		.loc 1 131 7 is_stmt 0 view .LVU52
 187 0018 536D     		ldr	r3, [r2, #84]
 188              		.loc 1 131 17 view .LVU53
 189 001a 43F08053 		orr	r3, r3, #268435456
 190 001e 43F00303 		orr	r3, r3, #3
 191 0022 5365     		str	r3, [r2, #84]
 132:Drivers/STM32U5xx_HAL_Driver/Src/stm32u5xx_hal_pcd_ex.c **** 
 133:Drivers/STM32U5xx_HAL_Driver/Src/stm32u5xx_hal_pcd_ex.c ****   return HAL_OK;
 192              		.loc 1 133 3 is_stmt 1 view .LVU54
 134:Drivers/STM32U5xx_HAL_Driver/Src/stm32u5xx_hal_pcd_ex.c **** }
 193              		.loc 1 134 1 is_stmt 0 view .LVU55
 194 0024 7047     		bx	lr
 195              		.cfi_endproc
 196              	.LFE342:
ARM GAS  C:\Users\Yamaan\AppData\Local\Temp\ccCze4MH.s 			page 7


 198              		.section	.text.HAL_PCDEx_DeActivateLPM,"ax",%progbits
 199              		.align	1
 200              		.global	HAL_PCDEx_DeActivateLPM
 201              		.syntax unified
 202              		.thumb
 203              		.thumb_func
 205              	HAL_PCDEx_DeActivateLPM:
 206              	.LVL17:
 207              	.LFB343:
 135:Drivers/STM32U5xx_HAL_Driver/Src/stm32u5xx_hal_pcd_ex.c **** 
 136:Drivers/STM32U5xx_HAL_Driver/Src/stm32u5xx_hal_pcd_ex.c **** /**
 137:Drivers/STM32U5xx_HAL_Driver/Src/stm32u5xx_hal_pcd_ex.c ****   * @brief  Deactivate LPM feature.
 138:Drivers/STM32U5xx_HAL_Driver/Src/stm32u5xx_hal_pcd_ex.c ****   * @param  hpcd PCD handle
 139:Drivers/STM32U5xx_HAL_Driver/Src/stm32u5xx_hal_pcd_ex.c ****   * @retval HAL status
 140:Drivers/STM32U5xx_HAL_Driver/Src/stm32u5xx_hal_pcd_ex.c ****   */
 141:Drivers/STM32U5xx_HAL_Driver/Src/stm32u5xx_hal_pcd_ex.c **** HAL_StatusTypeDef HAL_PCDEx_DeActivateLPM(PCD_HandleTypeDef *hpcd)
 142:Drivers/STM32U5xx_HAL_Driver/Src/stm32u5xx_hal_pcd_ex.c **** {
 208              		.loc 1 142 1 is_stmt 1 view -0
 209              		.cfi_startproc
 210              		@ args = 0, pretend = 0, frame = 0
 211              		@ frame_needed = 0, uses_anonymous_args = 0
 212              		@ link register save eliminated.
 213              		.loc 1 142 1 is_stmt 0 view .LVU57
 214 0000 0346     		mov	r3, r0
 143:Drivers/STM32U5xx_HAL_Driver/Src/stm32u5xx_hal_pcd_ex.c ****   USB_OTG_GlobalTypeDef *USBx = hpcd->Instance;
 215              		.loc 1 143 3 is_stmt 1 view .LVU58
 216              		.loc 1 143 26 is_stmt 0 view .LVU59
 217 0002 0268     		ldr	r2, [r0]
 218              	.LVL18:
 144:Drivers/STM32U5xx_HAL_Driver/Src/stm32u5xx_hal_pcd_ex.c **** 
 145:Drivers/STM32U5xx_HAL_Driver/Src/stm32u5xx_hal_pcd_ex.c ****   hpcd->lpm_active = 0U;
 219              		.loc 1 145 3 is_stmt 1 view .LVU60
 220              		.loc 1 145 20 is_stmt 0 view .LVU61
 221 0004 0020     		movs	r0, #0
 222              	.LVL19:
 223              		.loc 1 145 20 view .LVU62
 224 0006 C3F80005 		str	r0, [r3, #1280]
 146:Drivers/STM32U5xx_HAL_Driver/Src/stm32u5xx_hal_pcd_ex.c ****   USBx->GINTMSK &= ~USB_OTG_GINTMSK_LPMINTM;
 225              		.loc 1 146 3 is_stmt 1 view .LVU63
 226              		.loc 1 146 7 is_stmt 0 view .LVU64
 227 000a 9369     		ldr	r3, [r2, #24]
 228              	.LVL20:
 229              		.loc 1 146 17 view .LVU65
 230 000c 23F00063 		bic	r3, r3, #134217728
 231 0010 9361     		str	r3, [r2, #24]
 147:Drivers/STM32U5xx_HAL_Driver/Src/stm32u5xx_hal_pcd_ex.c ****   USBx->GLPMCFG &= ~(USB_OTG_GLPMCFG_LPMEN | USB_OTG_GLPMCFG_LPMACK | USB_OTG_GLPMCFG_ENBESL);
 232              		.loc 1 147 3 is_stmt 1 view .LVU66
 233              		.loc 1 147 7 is_stmt 0 view .LVU67
 234 0012 536D     		ldr	r3, [r2, #84]
 235              		.loc 1 147 17 view .LVU68
 236 0014 23F08053 		bic	r3, r3, #268435456
 237 0018 23F00303 		bic	r3, r3, #3
 238 001c 5365     		str	r3, [r2, #84]
 148:Drivers/STM32U5xx_HAL_Driver/Src/stm32u5xx_hal_pcd_ex.c **** 
 149:Drivers/STM32U5xx_HAL_Driver/Src/stm32u5xx_hal_pcd_ex.c ****   return HAL_OK;
 239              		.loc 1 149 3 is_stmt 1 view .LVU69
 150:Drivers/STM32U5xx_HAL_Driver/Src/stm32u5xx_hal_pcd_ex.c **** }
ARM GAS  C:\Users\Yamaan\AppData\Local\Temp\ccCze4MH.s 			page 8


 240              		.loc 1 150 1 is_stmt 0 view .LVU70
 241 001e 7047     		bx	lr
 242              		.cfi_endproc
 243              	.LFE343:
 245              		.section	.text.HAL_PCDEx_ActivateBCD,"ax",%progbits
 246              		.align	1
 247              		.global	HAL_PCDEx_ActivateBCD
 248              		.syntax unified
 249              		.thumb
 250              		.thumb_func
 252              	HAL_PCDEx_ActivateBCD:
 253              	.LVL21:
 254              	.LFB345:
 151:Drivers/STM32U5xx_HAL_Driver/Src/stm32u5xx_hal_pcd_ex.c **** 
 152:Drivers/STM32U5xx_HAL_Driver/Src/stm32u5xx_hal_pcd_ex.c **** #if defined (STM32U575xx) || defined (STM32U585xx) || defined (STM32U595xx) || defined (STM32U5A5xx
 153:Drivers/STM32U5xx_HAL_Driver/Src/stm32u5xx_hal_pcd_ex.c **** /**
 154:Drivers/STM32U5xx_HAL_Driver/Src/stm32u5xx_hal_pcd_ex.c ****   * @brief  Handle BatteryCharging Process.
 155:Drivers/STM32U5xx_HAL_Driver/Src/stm32u5xx_hal_pcd_ex.c ****   * @param  hpcd PCD handle
 156:Drivers/STM32U5xx_HAL_Driver/Src/stm32u5xx_hal_pcd_ex.c ****   * @retval HAL status
 157:Drivers/STM32U5xx_HAL_Driver/Src/stm32u5xx_hal_pcd_ex.c ****   */
 158:Drivers/STM32U5xx_HAL_Driver/Src/stm32u5xx_hal_pcd_ex.c **** void HAL_PCDEx_BCD_VBUSDetect(PCD_HandleTypeDef *hpcd)
 159:Drivers/STM32U5xx_HAL_Driver/Src/stm32u5xx_hal_pcd_ex.c **** {
 160:Drivers/STM32U5xx_HAL_Driver/Src/stm32u5xx_hal_pcd_ex.c ****   USB_OTG_GlobalTypeDef *USBx = hpcd->Instance;
 161:Drivers/STM32U5xx_HAL_Driver/Src/stm32u5xx_hal_pcd_ex.c ****   uint32_t tickstart = HAL_GetTick();
 162:Drivers/STM32U5xx_HAL_Driver/Src/stm32u5xx_hal_pcd_ex.c **** 
 163:Drivers/STM32U5xx_HAL_Driver/Src/stm32u5xx_hal_pcd_ex.c ****   /* Enable DCD : Data Contact Detect */
 164:Drivers/STM32U5xx_HAL_Driver/Src/stm32u5xx_hal_pcd_ex.c ****   USBx->GCCFG |= USB_OTG_GCCFG_DCDEN;
 165:Drivers/STM32U5xx_HAL_Driver/Src/stm32u5xx_hal_pcd_ex.c **** 
 166:Drivers/STM32U5xx_HAL_Driver/Src/stm32u5xx_hal_pcd_ex.c ****   /* Wait for Min DCD Timeout */
 167:Drivers/STM32U5xx_HAL_Driver/Src/stm32u5xx_hal_pcd_ex.c ****   HAL_Delay(300U);
 168:Drivers/STM32U5xx_HAL_Driver/Src/stm32u5xx_hal_pcd_ex.c **** 
 169:Drivers/STM32U5xx_HAL_Driver/Src/stm32u5xx_hal_pcd_ex.c **** #if defined (STM32U575xx) || defined (STM32U585xx)
 170:Drivers/STM32U5xx_HAL_Driver/Src/stm32u5xx_hal_pcd_ex.c ****   /* Check Detect flag */
 171:Drivers/STM32U5xx_HAL_Driver/Src/stm32u5xx_hal_pcd_ex.c ****   if ((USBx->GCCFG & USB_OTG_GCCFG_DCDET) == USB_OTG_GCCFG_DCDET)
 172:Drivers/STM32U5xx_HAL_Driver/Src/stm32u5xx_hal_pcd_ex.c ****   {
 173:Drivers/STM32U5xx_HAL_Driver/Src/stm32u5xx_hal_pcd_ex.c **** #if (USE_HAL_PCD_REGISTER_CALLBACKS == 1U)
 174:Drivers/STM32U5xx_HAL_Driver/Src/stm32u5xx_hal_pcd_ex.c ****     hpcd->BCDCallback(hpcd, PCD_BCD_CONTACT_DETECTION);
 175:Drivers/STM32U5xx_HAL_Driver/Src/stm32u5xx_hal_pcd_ex.c **** #else
 176:Drivers/STM32U5xx_HAL_Driver/Src/stm32u5xx_hal_pcd_ex.c ****     HAL_PCDEx_BCD_Callback(hpcd, PCD_BCD_CONTACT_DETECTION);
 177:Drivers/STM32U5xx_HAL_Driver/Src/stm32u5xx_hal_pcd_ex.c **** #endif /* USE_HAL_PCD_REGISTER_CALLBACKS */
 178:Drivers/STM32U5xx_HAL_Driver/Src/stm32u5xx_hal_pcd_ex.c ****   }
 179:Drivers/STM32U5xx_HAL_Driver/Src/stm32u5xx_hal_pcd_ex.c **** #endif /* defined (STM32U575xx) || defined (STM32U585xx) */
 180:Drivers/STM32U5xx_HAL_Driver/Src/stm32u5xx_hal_pcd_ex.c **** 
 181:Drivers/STM32U5xx_HAL_Driver/Src/stm32u5xx_hal_pcd_ex.c ****   /* Primary detection: checks if connected to Standard Downstream Port
 182:Drivers/STM32U5xx_HAL_Driver/Src/stm32u5xx_hal_pcd_ex.c ****   (without charging capability) */
 183:Drivers/STM32U5xx_HAL_Driver/Src/stm32u5xx_hal_pcd_ex.c ****   USBx->GCCFG &= ~ USB_OTG_GCCFG_DCDEN;
 184:Drivers/STM32U5xx_HAL_Driver/Src/stm32u5xx_hal_pcd_ex.c ****   HAL_Delay(50U);
 185:Drivers/STM32U5xx_HAL_Driver/Src/stm32u5xx_hal_pcd_ex.c ****   USBx->GCCFG |=  USB_OTG_GCCFG_PDEN;
 186:Drivers/STM32U5xx_HAL_Driver/Src/stm32u5xx_hal_pcd_ex.c ****   HAL_Delay(50U);
 187:Drivers/STM32U5xx_HAL_Driver/Src/stm32u5xx_hal_pcd_ex.c **** 
 188:Drivers/STM32U5xx_HAL_Driver/Src/stm32u5xx_hal_pcd_ex.c **** #if defined (STM32U575xx) || defined (STM32U585xx)
 189:Drivers/STM32U5xx_HAL_Driver/Src/stm32u5xx_hal_pcd_ex.c ****   if ((USBx->GCCFG & USB_OTG_GCCFG_PDET) == 0U)
 190:Drivers/STM32U5xx_HAL_Driver/Src/stm32u5xx_hal_pcd_ex.c **** #else
 191:Drivers/STM32U5xx_HAL_Driver/Src/stm32u5xx_hal_pcd_ex.c ****   if ((USBx->GCCFG & USB_OTG_GCCFG_CHGDET) == 0U)
 192:Drivers/STM32U5xx_HAL_Driver/Src/stm32u5xx_hal_pcd_ex.c **** #endif /* defined (STM32U575xx) || defined (STM32U585xx) */
 193:Drivers/STM32U5xx_HAL_Driver/Src/stm32u5xx_hal_pcd_ex.c ****   {
 194:Drivers/STM32U5xx_HAL_Driver/Src/stm32u5xx_hal_pcd_ex.c ****     /* Case of Standard Downstream Port */
ARM GAS  C:\Users\Yamaan\AppData\Local\Temp\ccCze4MH.s 			page 9


 195:Drivers/STM32U5xx_HAL_Driver/Src/stm32u5xx_hal_pcd_ex.c **** #if (USE_HAL_PCD_REGISTER_CALLBACKS == 1U)
 196:Drivers/STM32U5xx_HAL_Driver/Src/stm32u5xx_hal_pcd_ex.c ****     hpcd->BCDCallback(hpcd, PCD_BCD_STD_DOWNSTREAM_PORT);
 197:Drivers/STM32U5xx_HAL_Driver/Src/stm32u5xx_hal_pcd_ex.c **** #else
 198:Drivers/STM32U5xx_HAL_Driver/Src/stm32u5xx_hal_pcd_ex.c ****     HAL_PCDEx_BCD_Callback(hpcd, PCD_BCD_STD_DOWNSTREAM_PORT);
 199:Drivers/STM32U5xx_HAL_Driver/Src/stm32u5xx_hal_pcd_ex.c **** #endif /* USE_HAL_PCD_REGISTER_CALLBACKS */
 200:Drivers/STM32U5xx_HAL_Driver/Src/stm32u5xx_hal_pcd_ex.c ****   }
 201:Drivers/STM32U5xx_HAL_Driver/Src/stm32u5xx_hal_pcd_ex.c ****   else
 202:Drivers/STM32U5xx_HAL_Driver/Src/stm32u5xx_hal_pcd_ex.c ****   {
 203:Drivers/STM32U5xx_HAL_Driver/Src/stm32u5xx_hal_pcd_ex.c ****     /* start secondary detection to check connection to Charging Downstream
 204:Drivers/STM32U5xx_HAL_Driver/Src/stm32u5xx_hal_pcd_ex.c ****     Port or Dedicated Charging Port */
 205:Drivers/STM32U5xx_HAL_Driver/Src/stm32u5xx_hal_pcd_ex.c ****     USBx->GCCFG &= ~ USB_OTG_GCCFG_PDEN;
 206:Drivers/STM32U5xx_HAL_Driver/Src/stm32u5xx_hal_pcd_ex.c ****     HAL_Delay(50U);
 207:Drivers/STM32U5xx_HAL_Driver/Src/stm32u5xx_hal_pcd_ex.c ****     USBx->GCCFG |=  USB_OTG_GCCFG_SDEN;
 208:Drivers/STM32U5xx_HAL_Driver/Src/stm32u5xx_hal_pcd_ex.c ****     HAL_Delay(50U);
 209:Drivers/STM32U5xx_HAL_Driver/Src/stm32u5xx_hal_pcd_ex.c **** 
 210:Drivers/STM32U5xx_HAL_Driver/Src/stm32u5xx_hal_pcd_ex.c **** #if defined (STM32U575xx) || defined (STM32U585xx)
 211:Drivers/STM32U5xx_HAL_Driver/Src/stm32u5xx_hal_pcd_ex.c ****     if ((USBx->GCCFG & USB_OTG_GCCFG_SDET) == USB_OTG_GCCFG_SDET)
 212:Drivers/STM32U5xx_HAL_Driver/Src/stm32u5xx_hal_pcd_ex.c **** #else
 213:Drivers/STM32U5xx_HAL_Driver/Src/stm32u5xx_hal_pcd_ex.c ****     if ((USBx->GCCFG & USB_OTG_GCCFG_FSVPLUS) == USB_OTG_GCCFG_FSVPLUS)
 214:Drivers/STM32U5xx_HAL_Driver/Src/stm32u5xx_hal_pcd_ex.c **** #endif /* defined (STM32U575xx) || defined (STM32U585xx) */
 215:Drivers/STM32U5xx_HAL_Driver/Src/stm32u5xx_hal_pcd_ex.c ****     {
 216:Drivers/STM32U5xx_HAL_Driver/Src/stm32u5xx_hal_pcd_ex.c ****       /* case Dedicated Charging Port  */
 217:Drivers/STM32U5xx_HAL_Driver/Src/stm32u5xx_hal_pcd_ex.c **** #if (USE_HAL_PCD_REGISTER_CALLBACKS == 1U)
 218:Drivers/STM32U5xx_HAL_Driver/Src/stm32u5xx_hal_pcd_ex.c ****       hpcd->BCDCallback(hpcd, PCD_BCD_DEDICATED_CHARGING_PORT);
 219:Drivers/STM32U5xx_HAL_Driver/Src/stm32u5xx_hal_pcd_ex.c **** #else
 220:Drivers/STM32U5xx_HAL_Driver/Src/stm32u5xx_hal_pcd_ex.c ****       HAL_PCDEx_BCD_Callback(hpcd, PCD_BCD_DEDICATED_CHARGING_PORT);
 221:Drivers/STM32U5xx_HAL_Driver/Src/stm32u5xx_hal_pcd_ex.c **** #endif /* USE_HAL_PCD_REGISTER_CALLBACKS */
 222:Drivers/STM32U5xx_HAL_Driver/Src/stm32u5xx_hal_pcd_ex.c ****     }
 223:Drivers/STM32U5xx_HAL_Driver/Src/stm32u5xx_hal_pcd_ex.c ****     else
 224:Drivers/STM32U5xx_HAL_Driver/Src/stm32u5xx_hal_pcd_ex.c ****     {
 225:Drivers/STM32U5xx_HAL_Driver/Src/stm32u5xx_hal_pcd_ex.c ****       /* case Charging Downstream Port */
 226:Drivers/STM32U5xx_HAL_Driver/Src/stm32u5xx_hal_pcd_ex.c **** #if (USE_HAL_PCD_REGISTER_CALLBACKS == 1U)
 227:Drivers/STM32U5xx_HAL_Driver/Src/stm32u5xx_hal_pcd_ex.c ****       hpcd->BCDCallback(hpcd, PCD_BCD_CHARGING_DOWNSTREAM_PORT);
 228:Drivers/STM32U5xx_HAL_Driver/Src/stm32u5xx_hal_pcd_ex.c **** #else
 229:Drivers/STM32U5xx_HAL_Driver/Src/stm32u5xx_hal_pcd_ex.c ****       HAL_PCDEx_BCD_Callback(hpcd, PCD_BCD_CHARGING_DOWNSTREAM_PORT);
 230:Drivers/STM32U5xx_HAL_Driver/Src/stm32u5xx_hal_pcd_ex.c **** #endif /* USE_HAL_PCD_REGISTER_CALLBACKS */
 231:Drivers/STM32U5xx_HAL_Driver/Src/stm32u5xx_hal_pcd_ex.c ****     }
 232:Drivers/STM32U5xx_HAL_Driver/Src/stm32u5xx_hal_pcd_ex.c ****   }
 233:Drivers/STM32U5xx_HAL_Driver/Src/stm32u5xx_hal_pcd_ex.c **** 
 234:Drivers/STM32U5xx_HAL_Driver/Src/stm32u5xx_hal_pcd_ex.c ****   /* Battery Charging capability discovery finished */
 235:Drivers/STM32U5xx_HAL_Driver/Src/stm32u5xx_hal_pcd_ex.c ****   (void)HAL_PCDEx_DeActivateBCD(hpcd);
 236:Drivers/STM32U5xx_HAL_Driver/Src/stm32u5xx_hal_pcd_ex.c **** 
 237:Drivers/STM32U5xx_HAL_Driver/Src/stm32u5xx_hal_pcd_ex.c ****   /* Check for the Timeout, else start USB Device */
 238:Drivers/STM32U5xx_HAL_Driver/Src/stm32u5xx_hal_pcd_ex.c ****   if ((HAL_GetTick() - tickstart) > 1000U)
 239:Drivers/STM32U5xx_HAL_Driver/Src/stm32u5xx_hal_pcd_ex.c ****   {
 240:Drivers/STM32U5xx_HAL_Driver/Src/stm32u5xx_hal_pcd_ex.c **** #if (USE_HAL_PCD_REGISTER_CALLBACKS == 1U)
 241:Drivers/STM32U5xx_HAL_Driver/Src/stm32u5xx_hal_pcd_ex.c ****     hpcd->BCDCallback(hpcd, PCD_BCD_ERROR);
 242:Drivers/STM32U5xx_HAL_Driver/Src/stm32u5xx_hal_pcd_ex.c **** #else
 243:Drivers/STM32U5xx_HAL_Driver/Src/stm32u5xx_hal_pcd_ex.c ****     HAL_PCDEx_BCD_Callback(hpcd, PCD_BCD_ERROR);
 244:Drivers/STM32U5xx_HAL_Driver/Src/stm32u5xx_hal_pcd_ex.c **** #endif /* USE_HAL_PCD_REGISTER_CALLBACKS */
 245:Drivers/STM32U5xx_HAL_Driver/Src/stm32u5xx_hal_pcd_ex.c ****   }
 246:Drivers/STM32U5xx_HAL_Driver/Src/stm32u5xx_hal_pcd_ex.c ****   else
 247:Drivers/STM32U5xx_HAL_Driver/Src/stm32u5xx_hal_pcd_ex.c ****   {
 248:Drivers/STM32U5xx_HAL_Driver/Src/stm32u5xx_hal_pcd_ex.c **** #if (USE_HAL_PCD_REGISTER_CALLBACKS == 1U)
 249:Drivers/STM32U5xx_HAL_Driver/Src/stm32u5xx_hal_pcd_ex.c ****     hpcd->BCDCallback(hpcd, PCD_BCD_DISCOVERY_COMPLETED);
 250:Drivers/STM32U5xx_HAL_Driver/Src/stm32u5xx_hal_pcd_ex.c **** #else
 251:Drivers/STM32U5xx_HAL_Driver/Src/stm32u5xx_hal_pcd_ex.c ****     HAL_PCDEx_BCD_Callback(hpcd, PCD_BCD_DISCOVERY_COMPLETED);
ARM GAS  C:\Users\Yamaan\AppData\Local\Temp\ccCze4MH.s 			page 10


 252:Drivers/STM32U5xx_HAL_Driver/Src/stm32u5xx_hal_pcd_ex.c **** #endif /* USE_HAL_PCD_REGISTER_CALLBACKS */
 253:Drivers/STM32U5xx_HAL_Driver/Src/stm32u5xx_hal_pcd_ex.c ****   }
 254:Drivers/STM32U5xx_HAL_Driver/Src/stm32u5xx_hal_pcd_ex.c **** }
 255:Drivers/STM32U5xx_HAL_Driver/Src/stm32u5xx_hal_pcd_ex.c **** 
 256:Drivers/STM32U5xx_HAL_Driver/Src/stm32u5xx_hal_pcd_ex.c **** /**
 257:Drivers/STM32U5xx_HAL_Driver/Src/stm32u5xx_hal_pcd_ex.c ****   * @brief  Activate BatteryCharging feature.
 258:Drivers/STM32U5xx_HAL_Driver/Src/stm32u5xx_hal_pcd_ex.c ****   * @param  hpcd PCD handle
 259:Drivers/STM32U5xx_HAL_Driver/Src/stm32u5xx_hal_pcd_ex.c ****   * @retval HAL status
 260:Drivers/STM32U5xx_HAL_Driver/Src/stm32u5xx_hal_pcd_ex.c ****   */
 261:Drivers/STM32U5xx_HAL_Driver/Src/stm32u5xx_hal_pcd_ex.c **** HAL_StatusTypeDef HAL_PCDEx_ActivateBCD(PCD_HandleTypeDef *hpcd)
 262:Drivers/STM32U5xx_HAL_Driver/Src/stm32u5xx_hal_pcd_ex.c **** {
 255              		.loc 1 262 1 is_stmt 1 view -0
 256              		.cfi_startproc
 257              		@ args = 0, pretend = 0, frame = 0
 258              		@ frame_needed = 0, uses_anonymous_args = 0
 259              		@ link register save eliminated.
 263:Drivers/STM32U5xx_HAL_Driver/Src/stm32u5xx_hal_pcd_ex.c ****   USB_OTG_GlobalTypeDef *USBx = hpcd->Instance;
 260              		.loc 1 263 3 view .LVU72
 261              		.loc 1 263 26 is_stmt 0 view .LVU73
 262 0000 0368     		ldr	r3, [r0]
 263              	.LVL22:
 264:Drivers/STM32U5xx_HAL_Driver/Src/stm32u5xx_hal_pcd_ex.c **** 
 265:Drivers/STM32U5xx_HAL_Driver/Src/stm32u5xx_hal_pcd_ex.c ****   USBx->GCCFG &= ~(USB_OTG_GCCFG_PDEN);
 264              		.loc 1 265 3 is_stmt 1 view .LVU74
 265              		.loc 1 265 7 is_stmt 0 view .LVU75
 266 0002 9A6B     		ldr	r2, [r3, #56]
 267              		.loc 1 265 15 view .LVU76
 268 0004 22F40022 		bic	r2, r2, #524288
 269 0008 9A63     		str	r2, [r3, #56]
 266:Drivers/STM32U5xx_HAL_Driver/Src/stm32u5xx_hal_pcd_ex.c ****   USBx->GCCFG &= ~(USB_OTG_GCCFG_SDEN);
 270              		.loc 1 266 3 is_stmt 1 view .LVU77
 271              		.loc 1 266 7 is_stmt 0 view .LVU78
 272 000a 9A6B     		ldr	r2, [r3, #56]
 273              		.loc 1 266 15 view .LVU79
 274 000c 22F48012 		bic	r2, r2, #1048576
 275 0010 9A63     		str	r2, [r3, #56]
 267:Drivers/STM32U5xx_HAL_Driver/Src/stm32u5xx_hal_pcd_ex.c **** 
 268:Drivers/STM32U5xx_HAL_Driver/Src/stm32u5xx_hal_pcd_ex.c **** #if defined (STM32U575xx) || defined (STM32U585xx)
 269:Drivers/STM32U5xx_HAL_Driver/Src/stm32u5xx_hal_pcd_ex.c ****   /* Power Down USB transceiver  */
 270:Drivers/STM32U5xx_HAL_Driver/Src/stm32u5xx_hal_pcd_ex.c ****   USBx->GCCFG &= ~(USB_OTG_GCCFG_PWRDWN);
 276              		.loc 1 270 3 is_stmt 1 view .LVU80
 277              		.loc 1 270 7 is_stmt 0 view .LVU81
 278 0012 9A6B     		ldr	r2, [r3, #56]
 279              		.loc 1 270 15 view .LVU82
 280 0014 22F48032 		bic	r2, r2, #65536
 281 0018 9A63     		str	r2, [r3, #56]
 271:Drivers/STM32U5xx_HAL_Driver/Src/stm32u5xx_hal_pcd_ex.c **** 
 272:Drivers/STM32U5xx_HAL_Driver/Src/stm32u5xx_hal_pcd_ex.c ****   /* Enable Battery charging */
 273:Drivers/STM32U5xx_HAL_Driver/Src/stm32u5xx_hal_pcd_ex.c ****   USBx->GCCFG |= USB_OTG_GCCFG_BCDEN;
 282              		.loc 1 273 3 is_stmt 1 view .LVU83
 283              		.loc 1 273 7 is_stmt 0 view .LVU84
 284 001a 9A6B     		ldr	r2, [r3, #56]
 285              		.loc 1 273 15 view .LVU85
 286 001c 42F40032 		orr	r2, r2, #131072
 287 0020 9A63     		str	r2, [r3, #56]
 274:Drivers/STM32U5xx_HAL_Driver/Src/stm32u5xx_hal_pcd_ex.c **** #endif /* defined (STM32U575xx) || defined (STM32U585xx) */
 275:Drivers/STM32U5xx_HAL_Driver/Src/stm32u5xx_hal_pcd_ex.c **** 
ARM GAS  C:\Users\Yamaan\AppData\Local\Temp\ccCze4MH.s 			page 11


 276:Drivers/STM32U5xx_HAL_Driver/Src/stm32u5xx_hal_pcd_ex.c ****   hpcd->battery_charging_active = 1U;
 288              		.loc 1 276 3 is_stmt 1 view .LVU86
 289              		.loc 1 276 33 is_stmt 0 view .LVU87
 290 0022 0123     		movs	r3, #1
 291              	.LVL23:
 292              		.loc 1 276 33 view .LVU88
 293 0024 C0F80435 		str	r3, [r0, #1284]
 277:Drivers/STM32U5xx_HAL_Driver/Src/stm32u5xx_hal_pcd_ex.c **** 
 278:Drivers/STM32U5xx_HAL_Driver/Src/stm32u5xx_hal_pcd_ex.c ****   return HAL_OK;
 294              		.loc 1 278 3 is_stmt 1 view .LVU89
 279:Drivers/STM32U5xx_HAL_Driver/Src/stm32u5xx_hal_pcd_ex.c **** }
 295              		.loc 1 279 1 is_stmt 0 view .LVU90
 296 0028 0020     		movs	r0, #0
 297              	.LVL24:
 298              		.loc 1 279 1 view .LVU91
 299 002a 7047     		bx	lr
 300              		.cfi_endproc
 301              	.LFE345:
 303              		.section	.text.HAL_PCDEx_DeActivateBCD,"ax",%progbits
 304              		.align	1
 305              		.global	HAL_PCDEx_DeActivateBCD
 306              		.syntax unified
 307              		.thumb
 308              		.thumb_func
 310              	HAL_PCDEx_DeActivateBCD:
 311              	.LVL25:
 312              	.LFB346:
 280:Drivers/STM32U5xx_HAL_Driver/Src/stm32u5xx_hal_pcd_ex.c **** 
 281:Drivers/STM32U5xx_HAL_Driver/Src/stm32u5xx_hal_pcd_ex.c **** /**
 282:Drivers/STM32U5xx_HAL_Driver/Src/stm32u5xx_hal_pcd_ex.c ****   * @brief  Deactivate BatteryCharging feature.
 283:Drivers/STM32U5xx_HAL_Driver/Src/stm32u5xx_hal_pcd_ex.c ****   * @param  hpcd PCD handle
 284:Drivers/STM32U5xx_HAL_Driver/Src/stm32u5xx_hal_pcd_ex.c ****   * @retval HAL status
 285:Drivers/STM32U5xx_HAL_Driver/Src/stm32u5xx_hal_pcd_ex.c ****   */
 286:Drivers/STM32U5xx_HAL_Driver/Src/stm32u5xx_hal_pcd_ex.c **** HAL_StatusTypeDef HAL_PCDEx_DeActivateBCD(PCD_HandleTypeDef *hpcd)
 287:Drivers/STM32U5xx_HAL_Driver/Src/stm32u5xx_hal_pcd_ex.c **** {
 313              		.loc 1 287 1 is_stmt 1 view -0
 314              		.cfi_startproc
 315              		@ args = 0, pretend = 0, frame = 0
 316              		@ frame_needed = 0, uses_anonymous_args = 0
 317              		@ link register save eliminated.
 318              		.loc 1 287 1 is_stmt 0 view .LVU93
 319 0000 0246     		mov	r2, r0
 288:Drivers/STM32U5xx_HAL_Driver/Src/stm32u5xx_hal_pcd_ex.c ****   USB_OTG_GlobalTypeDef *USBx = hpcd->Instance;
 320              		.loc 1 288 3 is_stmt 1 view .LVU94
 321              		.loc 1 288 26 is_stmt 0 view .LVU95
 322 0002 0368     		ldr	r3, [r0]
 323              	.LVL26:
 289:Drivers/STM32U5xx_HAL_Driver/Src/stm32u5xx_hal_pcd_ex.c **** 
 290:Drivers/STM32U5xx_HAL_Driver/Src/stm32u5xx_hal_pcd_ex.c ****   USBx->GCCFG &= ~(USB_OTG_GCCFG_SDEN);
 324              		.loc 1 290 3 is_stmt 1 view .LVU96
 325              		.loc 1 290 7 is_stmt 0 view .LVU97
 326 0004 996B     		ldr	r1, [r3, #56]
 327              		.loc 1 290 15 view .LVU98
 328 0006 21F48011 		bic	r1, r1, #1048576
 329 000a 9963     		str	r1, [r3, #56]
 291:Drivers/STM32U5xx_HAL_Driver/Src/stm32u5xx_hal_pcd_ex.c ****   USBx->GCCFG &= ~(USB_OTG_GCCFG_PDEN);
 330              		.loc 1 291 3 is_stmt 1 view .LVU99
ARM GAS  C:\Users\Yamaan\AppData\Local\Temp\ccCze4MH.s 			page 12


 331              		.loc 1 291 7 is_stmt 0 view .LVU100
 332 000c 996B     		ldr	r1, [r3, #56]
 333              		.loc 1 291 15 view .LVU101
 334 000e 21F40021 		bic	r1, r1, #524288
 335 0012 9963     		str	r1, [r3, #56]
 292:Drivers/STM32U5xx_HAL_Driver/Src/stm32u5xx_hal_pcd_ex.c **** 
 293:Drivers/STM32U5xx_HAL_Driver/Src/stm32u5xx_hal_pcd_ex.c **** #if defined (STM32U575xx) || defined (STM32U585xx)
 294:Drivers/STM32U5xx_HAL_Driver/Src/stm32u5xx_hal_pcd_ex.c ****   /* Disable Battery charging */
 295:Drivers/STM32U5xx_HAL_Driver/Src/stm32u5xx_hal_pcd_ex.c ****   USBx->GCCFG &= ~(USB_OTG_GCCFG_BCDEN);
 336              		.loc 1 295 3 is_stmt 1 view .LVU102
 337              		.loc 1 295 7 is_stmt 0 view .LVU103
 338 0014 996B     		ldr	r1, [r3, #56]
 339              		.loc 1 295 15 view .LVU104
 340 0016 21F40031 		bic	r1, r1, #131072
 341 001a 9963     		str	r1, [r3, #56]
 296:Drivers/STM32U5xx_HAL_Driver/Src/stm32u5xx_hal_pcd_ex.c **** #endif /* defined (STM32U575xx) || defined (STM32U585xx) */
 297:Drivers/STM32U5xx_HAL_Driver/Src/stm32u5xx_hal_pcd_ex.c **** 
 298:Drivers/STM32U5xx_HAL_Driver/Src/stm32u5xx_hal_pcd_ex.c ****   hpcd->battery_charging_active = 0U;
 342              		.loc 1 298 3 is_stmt 1 view .LVU105
 343              		.loc 1 298 33 is_stmt 0 view .LVU106
 344 001c 0020     		movs	r0, #0
 345              	.LVL27:
 346              		.loc 1 298 33 view .LVU107
 347 001e C2F80405 		str	r0, [r2, #1284]
 299:Drivers/STM32U5xx_HAL_Driver/Src/stm32u5xx_hal_pcd_ex.c **** 
 300:Drivers/STM32U5xx_HAL_Driver/Src/stm32u5xx_hal_pcd_ex.c ****   return HAL_OK;
 348              		.loc 1 300 3 is_stmt 1 view .LVU108
 301:Drivers/STM32U5xx_HAL_Driver/Src/stm32u5xx_hal_pcd_ex.c **** }
 349              		.loc 1 301 1 is_stmt 0 view .LVU109
 350 0022 7047     		bx	lr
 351              		.cfi_endproc
 352              	.LFE346:
 354              		.section	.text.HAL_PCDEx_LPM_Callback,"ax",%progbits
 355              		.align	1
 356              		.weak	HAL_PCDEx_LPM_Callback
 357              		.syntax unified
 358              		.thumb
 359              		.thumb_func
 361              	HAL_PCDEx_LPM_Callback:
 362              	.LVL28:
 363              	.LFB347:
 302:Drivers/STM32U5xx_HAL_Driver/Src/stm32u5xx_hal_pcd_ex.c **** #endif /* defined (STM32U575xx) || defined (STM32U585xx) || defined (STM32U595xx) || defined (STM32
 303:Drivers/STM32U5xx_HAL_Driver/Src/stm32u5xx_hal_pcd_ex.c **** #endif /* defined (USB_OTG_FS) || defined (USB_OTG_HS) */
 304:Drivers/STM32U5xx_HAL_Driver/Src/stm32u5xx_hal_pcd_ex.c **** 
 305:Drivers/STM32U5xx_HAL_Driver/Src/stm32u5xx_hal_pcd_ex.c **** /**
 306:Drivers/STM32U5xx_HAL_Driver/Src/stm32u5xx_hal_pcd_ex.c ****   * @brief  Send LPM message to user layer callback.
 307:Drivers/STM32U5xx_HAL_Driver/Src/stm32u5xx_hal_pcd_ex.c ****   * @param  hpcd PCD handle
 308:Drivers/STM32U5xx_HAL_Driver/Src/stm32u5xx_hal_pcd_ex.c ****   * @param  msg LPM message
 309:Drivers/STM32U5xx_HAL_Driver/Src/stm32u5xx_hal_pcd_ex.c ****   * @retval HAL status
 310:Drivers/STM32U5xx_HAL_Driver/Src/stm32u5xx_hal_pcd_ex.c ****   */
 311:Drivers/STM32U5xx_HAL_Driver/Src/stm32u5xx_hal_pcd_ex.c **** __weak void HAL_PCDEx_LPM_Callback(PCD_HandleTypeDef *hpcd, PCD_LPM_MsgTypeDef msg)
 312:Drivers/STM32U5xx_HAL_Driver/Src/stm32u5xx_hal_pcd_ex.c **** {
 364              		.loc 1 312 1 is_stmt 1 view -0
 365              		.cfi_startproc
 366              		@ args = 0, pretend = 0, frame = 0
 367              		@ frame_needed = 0, uses_anonymous_args = 0
 368              		@ link register save eliminated.
ARM GAS  C:\Users\Yamaan\AppData\Local\Temp\ccCze4MH.s 			page 13


 313:Drivers/STM32U5xx_HAL_Driver/Src/stm32u5xx_hal_pcd_ex.c ****   /* Prevent unused argument(s) compilation warning */
 314:Drivers/STM32U5xx_HAL_Driver/Src/stm32u5xx_hal_pcd_ex.c ****   UNUSED(hpcd);
 369              		.loc 1 314 3 view .LVU111
 315:Drivers/STM32U5xx_HAL_Driver/Src/stm32u5xx_hal_pcd_ex.c ****   UNUSED(msg);
 370              		.loc 1 315 3 view .LVU112
 316:Drivers/STM32U5xx_HAL_Driver/Src/stm32u5xx_hal_pcd_ex.c **** 
 317:Drivers/STM32U5xx_HAL_Driver/Src/stm32u5xx_hal_pcd_ex.c ****   /* NOTE : This function should not be modified, when the callback is needed,
 318:Drivers/STM32U5xx_HAL_Driver/Src/stm32u5xx_hal_pcd_ex.c ****             the HAL_PCDEx_LPM_Callback could be implemented in the user file
 319:Drivers/STM32U5xx_HAL_Driver/Src/stm32u5xx_hal_pcd_ex.c ****    */
 320:Drivers/STM32U5xx_HAL_Driver/Src/stm32u5xx_hal_pcd_ex.c **** }
 371              		.loc 1 320 1 is_stmt 0 view .LVU113
 372 0000 7047     		bx	lr
 373              		.cfi_endproc
 374              	.LFE347:
 376              		.section	.text.HAL_PCDEx_BCD_Callback,"ax",%progbits
 377              		.align	1
 378              		.weak	HAL_PCDEx_BCD_Callback
 379              		.syntax unified
 380              		.thumb
 381              		.thumb_func
 383              	HAL_PCDEx_BCD_Callback:
 384              	.LVL29:
 385              	.LFB348:
 321:Drivers/STM32U5xx_HAL_Driver/Src/stm32u5xx_hal_pcd_ex.c **** 
 322:Drivers/STM32U5xx_HAL_Driver/Src/stm32u5xx_hal_pcd_ex.c **** /**
 323:Drivers/STM32U5xx_HAL_Driver/Src/stm32u5xx_hal_pcd_ex.c ****   * @brief  Send BatteryCharging message to user layer callback.
 324:Drivers/STM32U5xx_HAL_Driver/Src/stm32u5xx_hal_pcd_ex.c ****   * @param  hpcd PCD handle
 325:Drivers/STM32U5xx_HAL_Driver/Src/stm32u5xx_hal_pcd_ex.c ****   * @param  msg LPM message
 326:Drivers/STM32U5xx_HAL_Driver/Src/stm32u5xx_hal_pcd_ex.c ****   * @retval HAL status
 327:Drivers/STM32U5xx_HAL_Driver/Src/stm32u5xx_hal_pcd_ex.c ****   */
 328:Drivers/STM32U5xx_HAL_Driver/Src/stm32u5xx_hal_pcd_ex.c **** __weak void HAL_PCDEx_BCD_Callback(PCD_HandleTypeDef *hpcd, PCD_BCD_MsgTypeDef msg)
 329:Drivers/STM32U5xx_HAL_Driver/Src/stm32u5xx_hal_pcd_ex.c **** {
 386              		.loc 1 329 1 is_stmt 1 view -0
 387              		.cfi_startproc
 388              		@ args = 0, pretend = 0, frame = 0
 389              		@ frame_needed = 0, uses_anonymous_args = 0
 390              		@ link register save eliminated.
 330:Drivers/STM32U5xx_HAL_Driver/Src/stm32u5xx_hal_pcd_ex.c ****   /* Prevent unused argument(s) compilation warning */
 331:Drivers/STM32U5xx_HAL_Driver/Src/stm32u5xx_hal_pcd_ex.c ****   UNUSED(hpcd);
 391              		.loc 1 331 3 view .LVU115
 332:Drivers/STM32U5xx_HAL_Driver/Src/stm32u5xx_hal_pcd_ex.c ****   UNUSED(msg);
 392              		.loc 1 332 3 view .LVU116
 333:Drivers/STM32U5xx_HAL_Driver/Src/stm32u5xx_hal_pcd_ex.c **** 
 334:Drivers/STM32U5xx_HAL_Driver/Src/stm32u5xx_hal_pcd_ex.c ****   /* NOTE : This function should not be modified, when the callback is needed,
 335:Drivers/STM32U5xx_HAL_Driver/Src/stm32u5xx_hal_pcd_ex.c ****             the HAL_PCDEx_BCD_Callback could be implemented in the user file
 336:Drivers/STM32U5xx_HAL_Driver/Src/stm32u5xx_hal_pcd_ex.c ****    */
 337:Drivers/STM32U5xx_HAL_Driver/Src/stm32u5xx_hal_pcd_ex.c **** }
 393              		.loc 1 337 1 is_stmt 0 view .LVU117
 394 0000 7047     		bx	lr
 395              		.cfi_endproc
 396              	.LFE348:
 398              		.section	.text.HAL_PCDEx_BCD_VBUSDetect,"ax",%progbits
 399              		.align	1
 400              		.global	HAL_PCDEx_BCD_VBUSDetect
 401              		.syntax unified
 402              		.thumb
 403              		.thumb_func
ARM GAS  C:\Users\Yamaan\AppData\Local\Temp\ccCze4MH.s 			page 14


 405              	HAL_PCDEx_BCD_VBUSDetect:
 406              	.LVL30:
 407              	.LFB344:
 159:Drivers/STM32U5xx_HAL_Driver/Src/stm32u5xx_hal_pcd_ex.c ****   USB_OTG_GlobalTypeDef *USBx = hpcd->Instance;
 408              		.loc 1 159 1 is_stmt 1 view -0
 409              		.cfi_startproc
 410              		@ args = 0, pretend = 0, frame = 0
 411              		@ frame_needed = 0, uses_anonymous_args = 0
 159:Drivers/STM32U5xx_HAL_Driver/Src/stm32u5xx_hal_pcd_ex.c ****   USB_OTG_GlobalTypeDef *USBx = hpcd->Instance;
 412              		.loc 1 159 1 is_stmt 0 view .LVU119
 413 0000 70B5     		push	{r4, r5, r6, lr}
 414              		.cfi_def_cfa_offset 16
 415              		.cfi_offset 4, -16
 416              		.cfi_offset 5, -12
 417              		.cfi_offset 6, -8
 418              		.cfi_offset 14, -4
 419 0002 0546     		mov	r5, r0
 160:Drivers/STM32U5xx_HAL_Driver/Src/stm32u5xx_hal_pcd_ex.c ****   uint32_t tickstart = HAL_GetTick();
 420              		.loc 1 160 3 is_stmt 1 view .LVU120
 160:Drivers/STM32U5xx_HAL_Driver/Src/stm32u5xx_hal_pcd_ex.c ****   uint32_t tickstart = HAL_GetTick();
 421              		.loc 1 160 26 is_stmt 0 view .LVU121
 422 0004 0468     		ldr	r4, [r0]
 423              	.LVL31:
 161:Drivers/STM32U5xx_HAL_Driver/Src/stm32u5xx_hal_pcd_ex.c **** 
 424              		.loc 1 161 3 is_stmt 1 view .LVU122
 161:Drivers/STM32U5xx_HAL_Driver/Src/stm32u5xx_hal_pcd_ex.c **** 
 425              		.loc 1 161 24 is_stmt 0 view .LVU123
 426 0006 FFF7FEFF 		bl	HAL_GetTick
 427              	.LVL32:
 161:Drivers/STM32U5xx_HAL_Driver/Src/stm32u5xx_hal_pcd_ex.c **** 
 428              		.loc 1 161 24 view .LVU124
 429 000a 0646     		mov	r6, r0
 430              	.LVL33:
 164:Drivers/STM32U5xx_HAL_Driver/Src/stm32u5xx_hal_pcd_ex.c **** 
 431              		.loc 1 164 3 is_stmt 1 view .LVU125
 164:Drivers/STM32U5xx_HAL_Driver/Src/stm32u5xx_hal_pcd_ex.c **** 
 432              		.loc 1 164 7 is_stmt 0 view .LVU126
 433 000c A36B     		ldr	r3, [r4, #56]
 164:Drivers/STM32U5xx_HAL_Driver/Src/stm32u5xx_hal_pcd_ex.c **** 
 434              		.loc 1 164 15 view .LVU127
 435 000e 43F48023 		orr	r3, r3, #262144
 436 0012 A363     		str	r3, [r4, #56]
 167:Drivers/STM32U5xx_HAL_Driver/Src/stm32u5xx_hal_pcd_ex.c **** 
 437              		.loc 1 167 3 is_stmt 1 view .LVU128
 438 0014 4FF49670 		mov	r0, #300
 439              	.LVL34:
 167:Drivers/STM32U5xx_HAL_Driver/Src/stm32u5xx_hal_pcd_ex.c **** 
 440              		.loc 1 167 3 is_stmt 0 view .LVU129
 441 0018 FFF7FEFF 		bl	HAL_Delay
 442              	.LVL35:
 171:Drivers/STM32U5xx_HAL_Driver/Src/stm32u5xx_hal_pcd_ex.c ****   {
 443              		.loc 1 171 3 is_stmt 1 view .LVU130
 171:Drivers/STM32U5xx_HAL_Driver/Src/stm32u5xx_hal_pcd_ex.c ****   {
 444              		.loc 1 171 12 is_stmt 0 view .LVU131
 445 001c A36B     		ldr	r3, [r4, #56]
 171:Drivers/STM32U5xx_HAL_Driver/Src/stm32u5xx_hal_pcd_ex.c ****   {
 446              		.loc 1 171 6 view .LVU132
ARM GAS  C:\Users\Yamaan\AppData\Local\Temp\ccCze4MH.s 			page 15


 447 001e 13F0010F 		tst	r3, #1
 448 0022 23D1     		bne	.L22
 449              	.L15:
 183:Drivers/STM32U5xx_HAL_Driver/Src/stm32u5xx_hal_pcd_ex.c ****   HAL_Delay(50U);
 450              		.loc 1 183 3 is_stmt 1 view .LVU133
 183:Drivers/STM32U5xx_HAL_Driver/Src/stm32u5xx_hal_pcd_ex.c ****   HAL_Delay(50U);
 451              		.loc 1 183 7 is_stmt 0 view .LVU134
 452 0024 A36B     		ldr	r3, [r4, #56]
 183:Drivers/STM32U5xx_HAL_Driver/Src/stm32u5xx_hal_pcd_ex.c ****   HAL_Delay(50U);
 453              		.loc 1 183 15 view .LVU135
 454 0026 23F48023 		bic	r3, r3, #262144
 455 002a A363     		str	r3, [r4, #56]
 184:Drivers/STM32U5xx_HAL_Driver/Src/stm32u5xx_hal_pcd_ex.c ****   USBx->GCCFG |=  USB_OTG_GCCFG_PDEN;
 456              		.loc 1 184 3 is_stmt 1 view .LVU136
 457 002c 3220     		movs	r0, #50
 458 002e FFF7FEFF 		bl	HAL_Delay
 459              	.LVL36:
 185:Drivers/STM32U5xx_HAL_Driver/Src/stm32u5xx_hal_pcd_ex.c ****   HAL_Delay(50U);
 460              		.loc 1 185 3 view .LVU137
 185:Drivers/STM32U5xx_HAL_Driver/Src/stm32u5xx_hal_pcd_ex.c ****   HAL_Delay(50U);
 461              		.loc 1 185 7 is_stmt 0 view .LVU138
 462 0032 A36B     		ldr	r3, [r4, #56]
 185:Drivers/STM32U5xx_HAL_Driver/Src/stm32u5xx_hal_pcd_ex.c ****   HAL_Delay(50U);
 463              		.loc 1 185 15 view .LVU139
 464 0034 43F40023 		orr	r3, r3, #524288
 465 0038 A363     		str	r3, [r4, #56]
 186:Drivers/STM32U5xx_HAL_Driver/Src/stm32u5xx_hal_pcd_ex.c **** 
 466              		.loc 1 186 3 is_stmt 1 view .LVU140
 467 003a 3220     		movs	r0, #50
 468 003c FFF7FEFF 		bl	HAL_Delay
 469              	.LVL37:
 189:Drivers/STM32U5xx_HAL_Driver/Src/stm32u5xx_hal_pcd_ex.c **** #else
 470              		.loc 1 189 3 view .LVU141
 189:Drivers/STM32U5xx_HAL_Driver/Src/stm32u5xx_hal_pcd_ex.c **** #else
 471              		.loc 1 189 12 is_stmt 0 view .LVU142
 472 0040 A36B     		ldr	r3, [r4, #56]
 189:Drivers/STM32U5xx_HAL_Driver/Src/stm32u5xx_hal_pcd_ex.c **** #else
 473              		.loc 1 189 6 view .LVU143
 474 0042 13F0020F 		tst	r3, #2
 475 0046 16D1     		bne	.L16
 198:Drivers/STM32U5xx_HAL_Driver/Src/stm32u5xx_hal_pcd_ex.c **** #endif /* USE_HAL_PCD_REGISTER_CALLBACKS */
 476              		.loc 1 198 5 is_stmt 1 view .LVU144
 477 0048 FD21     		movs	r1, #253
 478 004a 2846     		mov	r0, r5
 479 004c FFF7FEFF 		bl	HAL_PCDEx_BCD_Callback
 480              	.LVL38:
 481              	.L17:
 235:Drivers/STM32U5xx_HAL_Driver/Src/stm32u5xx_hal_pcd_ex.c **** 
 482              		.loc 1 235 3 view .LVU145
 235:Drivers/STM32U5xx_HAL_Driver/Src/stm32u5xx_hal_pcd_ex.c **** 
 483              		.loc 1 235 9 is_stmt 0 view .LVU146
 484 0050 2846     		mov	r0, r5
 485 0052 FFF7FEFF 		bl	HAL_PCDEx_DeActivateBCD
 486              	.LVL39:
 238:Drivers/STM32U5xx_HAL_Driver/Src/stm32u5xx_hal_pcd_ex.c ****   {
 487              		.loc 1 238 3 is_stmt 1 view .LVU147
 238:Drivers/STM32U5xx_HAL_Driver/Src/stm32u5xx_hal_pcd_ex.c ****   {
ARM GAS  C:\Users\Yamaan\AppData\Local\Temp\ccCze4MH.s 			page 16


 488              		.loc 1 238 8 is_stmt 0 view .LVU148
 489 0056 FFF7FEFF 		bl	HAL_GetTick
 490              	.LVL40:
 238:Drivers/STM32U5xx_HAL_Driver/Src/stm32u5xx_hal_pcd_ex.c ****   {
 491              		.loc 1 238 22 view .LVU149
 492 005a 801B     		subs	r0, r0, r6
 238:Drivers/STM32U5xx_HAL_Driver/Src/stm32u5xx_hal_pcd_ex.c ****   {
 493              		.loc 1 238 6 view .LVU150
 494 005c B0F57A7F 		cmp	r0, #1000
 495 0060 25D9     		bls	.L19
 243:Drivers/STM32U5xx_HAL_Driver/Src/stm32u5xx_hal_pcd_ex.c **** #endif /* USE_HAL_PCD_REGISTER_CALLBACKS */
 496              		.loc 1 243 5 is_stmt 1 view .LVU151
 497 0062 FF21     		movs	r1, #255
 498 0064 2846     		mov	r0, r5
 499 0066 FFF7FEFF 		bl	HAL_PCDEx_BCD_Callback
 500              	.LVL41:
 501              	.L14:
 254:Drivers/STM32U5xx_HAL_Driver/Src/stm32u5xx_hal_pcd_ex.c **** 
 502              		.loc 1 254 1 is_stmt 0 view .LVU152
 503 006a 70BD     		pop	{r4, r5, r6, pc}
 504              	.LVL42:
 505              	.L22:
 176:Drivers/STM32U5xx_HAL_Driver/Src/stm32u5xx_hal_pcd_ex.c **** #endif /* USE_HAL_PCD_REGISTER_CALLBACKS */
 506              		.loc 1 176 5 is_stmt 1 view .LVU153
 507 006c FE21     		movs	r1, #254
 508 006e 2846     		mov	r0, r5
 509 0070 FFF7FEFF 		bl	HAL_PCDEx_BCD_Callback
 510              	.LVL43:
 511 0074 D6E7     		b	.L15
 512              	.L16:
 205:Drivers/STM32U5xx_HAL_Driver/Src/stm32u5xx_hal_pcd_ex.c ****     HAL_Delay(50U);
 513              		.loc 1 205 5 view .LVU154
 205:Drivers/STM32U5xx_HAL_Driver/Src/stm32u5xx_hal_pcd_ex.c ****     HAL_Delay(50U);
 514              		.loc 1 205 9 is_stmt 0 view .LVU155
 515 0076 A36B     		ldr	r3, [r4, #56]
 205:Drivers/STM32U5xx_HAL_Driver/Src/stm32u5xx_hal_pcd_ex.c ****     HAL_Delay(50U);
 516              		.loc 1 205 17 view .LVU156
 517 0078 23F40023 		bic	r3, r3, #524288
 518 007c A363     		str	r3, [r4, #56]
 206:Drivers/STM32U5xx_HAL_Driver/Src/stm32u5xx_hal_pcd_ex.c ****     USBx->GCCFG |=  USB_OTG_GCCFG_SDEN;
 519              		.loc 1 206 5 is_stmt 1 view .LVU157
 520 007e 3220     		movs	r0, #50
 521 0080 FFF7FEFF 		bl	HAL_Delay
 522              	.LVL44:
 207:Drivers/STM32U5xx_HAL_Driver/Src/stm32u5xx_hal_pcd_ex.c ****     HAL_Delay(50U);
 523              		.loc 1 207 5 view .LVU158
 207:Drivers/STM32U5xx_HAL_Driver/Src/stm32u5xx_hal_pcd_ex.c ****     HAL_Delay(50U);
 524              		.loc 1 207 9 is_stmt 0 view .LVU159
 525 0084 A36B     		ldr	r3, [r4, #56]
 207:Drivers/STM32U5xx_HAL_Driver/Src/stm32u5xx_hal_pcd_ex.c ****     HAL_Delay(50U);
 526              		.loc 1 207 17 view .LVU160
 527 0086 43F48013 		orr	r3, r3, #1048576
 528 008a A363     		str	r3, [r4, #56]
 208:Drivers/STM32U5xx_HAL_Driver/Src/stm32u5xx_hal_pcd_ex.c **** 
 529              		.loc 1 208 5 is_stmt 1 view .LVU161
 530 008c 3220     		movs	r0, #50
 531 008e FFF7FEFF 		bl	HAL_Delay
ARM GAS  C:\Users\Yamaan\AppData\Local\Temp\ccCze4MH.s 			page 17


 532              	.LVL45:
 211:Drivers/STM32U5xx_HAL_Driver/Src/stm32u5xx_hal_pcd_ex.c **** #else
 533              		.loc 1 211 5 view .LVU162
 211:Drivers/STM32U5xx_HAL_Driver/Src/stm32u5xx_hal_pcd_ex.c **** #else
 534              		.loc 1 211 14 is_stmt 0 view .LVU163
 535 0092 A36B     		ldr	r3, [r4, #56]
 211:Drivers/STM32U5xx_HAL_Driver/Src/stm32u5xx_hal_pcd_ex.c **** #else
 536              		.loc 1 211 8 view .LVU164
 537 0094 13F0040F 		tst	r3, #4
 538 0098 04D0     		beq	.L18
 220:Drivers/STM32U5xx_HAL_Driver/Src/stm32u5xx_hal_pcd_ex.c **** #endif /* USE_HAL_PCD_REGISTER_CALLBACKS */
 539              		.loc 1 220 7 is_stmt 1 view .LVU165
 540 009a FB21     		movs	r1, #251
 541 009c 2846     		mov	r0, r5
 542 009e FFF7FEFF 		bl	HAL_PCDEx_BCD_Callback
 543              	.LVL46:
 544 00a2 D5E7     		b	.L17
 545              	.L18:
 229:Drivers/STM32U5xx_HAL_Driver/Src/stm32u5xx_hal_pcd_ex.c **** #endif /* USE_HAL_PCD_REGISTER_CALLBACKS */
 546              		.loc 1 229 7 view .LVU166
 547 00a4 FC21     		movs	r1, #252
 548 00a6 2846     		mov	r0, r5
 549 00a8 FFF7FEFF 		bl	HAL_PCDEx_BCD_Callback
 550              	.LVL47:
 551 00ac D0E7     		b	.L17
 552              	.L19:
 251:Drivers/STM32U5xx_HAL_Driver/Src/stm32u5xx_hal_pcd_ex.c **** #endif /* USE_HAL_PCD_REGISTER_CALLBACKS */
 553              		.loc 1 251 5 view .LVU167
 554 00ae 0021     		movs	r1, #0
 555 00b0 2846     		mov	r0, r5
 556 00b2 FFF7FEFF 		bl	HAL_PCDEx_BCD_Callback
 557              	.LVL48:
 254:Drivers/STM32U5xx_HAL_Driver/Src/stm32u5xx_hal_pcd_ex.c **** 
 558              		.loc 1 254 1 is_stmt 0 view .LVU168
 559 00b6 D8E7     		b	.L14
 560              		.cfi_endproc
 561              	.LFE344:
 563              		.text
 564              	.Letext0:
 565              		.file 2 "c:\\users\\yamaan\\appdata\\roaming\\code\\user\\globalstorage\\bmd.stm32-for-vscode\\@xp
 566              		.file 3 "c:\\users\\yamaan\\appdata\\roaming\\code\\user\\globalstorage\\bmd.stm32-for-vscode\\@xp
 567              		.file 4 "Drivers/CMSIS/Device/ST/STM32U5xx/Include/stm32u575xx.h"
 568              		.file 5 "Drivers/STM32U5xx_HAL_Driver/Inc/stm32u5xx_hal_def.h"
 569              		.file 6 "Drivers/STM32U5xx_HAL_Driver/Inc/stm32u5xx_ll_usb.h"
 570              		.file 7 "Drivers/STM32U5xx_HAL_Driver/Inc/stm32u5xx_hal_pcd.h"
 571              		.file 8 "Drivers/STM32U5xx_HAL_Driver/Inc/stm32u5xx_hal.h"
ARM GAS  C:\Users\Yamaan\AppData\Local\Temp\ccCze4MH.s 			page 18


DEFINED SYMBOLS
                            *ABS*:0000000000000000 stm32u5xx_hal_pcd_ex.c
C:\Users\Yamaan\AppData\Local\Temp\ccCze4MH.s:22     .text.HAL_PCDEx_SetTxFiFo:0000000000000000 $t
C:\Users\Yamaan\AppData\Local\Temp\ccCze4MH.s:28     .text.HAL_PCDEx_SetTxFiFo:0000000000000000 HAL_PCDEx_SetTxFiFo
C:\Users\Yamaan\AppData\Local\Temp\ccCze4MH.s:119    .text.HAL_PCDEx_SetRxFiFo:0000000000000000 $t
C:\Users\Yamaan\AppData\Local\Temp\ccCze4MH.s:125    .text.HAL_PCDEx_SetRxFiFo:0000000000000000 HAL_PCDEx_SetRxFiFo
C:\Users\Yamaan\AppData\Local\Temp\ccCze4MH.s:148    .text.HAL_PCDEx_ActivateLPM:0000000000000000 $t
C:\Users\Yamaan\AppData\Local\Temp\ccCze4MH.s:154    .text.HAL_PCDEx_ActivateLPM:0000000000000000 HAL_PCDEx_ActivateLPM
C:\Users\Yamaan\AppData\Local\Temp\ccCze4MH.s:199    .text.HAL_PCDEx_DeActivateLPM:0000000000000000 $t
C:\Users\Yamaan\AppData\Local\Temp\ccCze4MH.s:205    .text.HAL_PCDEx_DeActivateLPM:0000000000000000 HAL_PCDEx_DeActivateLPM
C:\Users\Yamaan\AppData\Local\Temp\ccCze4MH.s:246    .text.HAL_PCDEx_ActivateBCD:0000000000000000 $t
C:\Users\Yamaan\AppData\Local\Temp\ccCze4MH.s:252    .text.HAL_PCDEx_ActivateBCD:0000000000000000 HAL_PCDEx_ActivateBCD
C:\Users\Yamaan\AppData\Local\Temp\ccCze4MH.s:304    .text.HAL_PCDEx_DeActivateBCD:0000000000000000 $t
C:\Users\Yamaan\AppData\Local\Temp\ccCze4MH.s:310    .text.HAL_PCDEx_DeActivateBCD:0000000000000000 HAL_PCDEx_DeActivateBCD
C:\Users\Yamaan\AppData\Local\Temp\ccCze4MH.s:355    .text.HAL_PCDEx_LPM_Callback:0000000000000000 $t
C:\Users\Yamaan\AppData\Local\Temp\ccCze4MH.s:361    .text.HAL_PCDEx_LPM_Callback:0000000000000000 HAL_PCDEx_LPM_Callback
C:\Users\Yamaan\AppData\Local\Temp\ccCze4MH.s:377    .text.HAL_PCDEx_BCD_Callback:0000000000000000 $t
C:\Users\Yamaan\AppData\Local\Temp\ccCze4MH.s:383    .text.HAL_PCDEx_BCD_Callback:0000000000000000 HAL_PCDEx_BCD_Callback
C:\Users\Yamaan\AppData\Local\Temp\ccCze4MH.s:399    .text.HAL_PCDEx_BCD_VBUSDetect:0000000000000000 $t
C:\Users\Yamaan\AppData\Local\Temp\ccCze4MH.s:405    .text.HAL_PCDEx_BCD_VBUSDetect:0000000000000000 HAL_PCDEx_BCD_VBUSDetect

UNDEFINED SYMBOLS
HAL_GetTick
HAL_Delay
